HPWL 25406687.0
SOFTMODULE 16
M0 4
1581 1302
1581 1579
1951 1579
1951 1302
M1 4
504 1482
504 2002
911 2002
911 1482
M2 4
1244 1302
1244 1493
1581 1493
1581 1302
M3 4
1301 900
1301 1302
2099 1302
2099 900
M4 4
1225 1493
1225 1989
1581 1989
1581 1493
M5 4
896 910
896 1247
1301 1247
1301 910
M6 4
504 650
504 1194
896 1194
896 650
M7 4
1581 1823
1581 2008
1899 2008
1899 1823
M8 4
896 650
896 910
1026 910
1026 650
M9 4
911 1482
911 1993
1225 1993
1225 1482
M10 4
1026 650
1026 910
1276 910
1276 650
M11 4
1951 1302
1951 1902
2251 1902
2251 1302
M12 4
504 1194
504 1430
829 1430
829 1194
M13 4
829 1247
829 1482
1244 1482
1244 1247
M14 4
1581 1579
1581 1823
1950 1823
1950 1579
M15 4
1276 650
1276 900
1481 900
1481 650
