HPWL 2059750.0
SOFTMODULE 28
M0 4
742 250
742 669
1220 669
1220 250
M1 4
1093 669
1093 1000
1698 1000
1698 669
M2 4
1093 1000
1093 1328
1703 1328
1703 1000
M3 4
727 1328
727 1718
1240 1718
1240 1328
M4 4
595 1963
595 2588
915 2588
915 1963
M5 4
193 1402
193 1900
595 1900
595 1402
M6 4
416 669
416 1080
903 1080
903 669
M7 4
447 250
447 589
742 589
742 250
M8 4
1220 250
1220 664
1462 664
1462 250
M9 4
1462 250
1462 669
1701 669
1701 250
M10 4
1698 669
1698 975
2025 975
2025 669
M11 4
1969 975
1969 1353
2234 1353
2234 975
M12 4
1703 975
1703 1351
1969 1351
1969 975
M13 4
1004 1718
1004 2140
1241 2140
1241 1718
M14 4
595 1718
595 1963
1004 1963
1004 1718
M15 4
593 2588
593 2899
915 2899
915 2588
M16 4
193 2150
193 2403
589 2403
589 2150
M17 4
193 1900
193 2150
593 2150
593 1900
M18 4
416 1080
416 1402
727 1402
727 1080
M19 4
193 644
193 1093
416 1093
416 644
M20 4
193 250
193 644
447 644
447 250
M21 4
903 933
903 1093
1091 1093
1091 933
M22 4
595 1402
595 1639
722 1639
722 1402
M23 4
903 669
903 933
1093 933
1093 669
M24 4
727 1093
727 1319
949 1319
949 1093
M25 4
1241 1353
1241 2183
2446 2183
2446 1353
M26 4
915 2183
915 2960
2460 2960
2460 2183
M27 4
949 1093
949 1232
1021 1232
1021 1093
