HPWL 165484542.0
SOFTMODULE 15
COM 4
8021 330
8021 4787
10265 4787
10265 330
GPU 4
626 330
626 6410
3751 6410
3751 330
CPU 4
3751 5085
3751 9824
7972 9824
7972 5085
NPU 4
3751 330
3751 2744
8018 2744
8018 330
IS0 4
626 6410
626 9290
3751 9290
3751 6410
IS1 4
7972 6155
7972 7798
10711 7798
10711 6155
H0 4
4841 3816
4841 5085
6890 5085
6890 3816
H1 4
3751 2744
3751 4763
4841 4763
4841 2744
H2 4
4841 2744
4841 3816
6894 3816
6894 2744
U0 4
6894 4180
6894 4633
7778 4633
7778 4180
D0 4
6894 3470
6894 4180
8021 4180
8021 3470
D1 4
6894 2744
6894 3470
7996 3470
7996 2744
E0 4
7972 7798
7972 9602
8887 9602
8887 7798
A0 4
6890 4633
6890 5082
7781 5082
7781 4633
PW0 4
7972 4787
7972 6155
9259 6155
9259 4787
