HPWL 45556900.0
SOFTMODULE 21
GPC0 4
150 390
150 875
855 875
855 390
GPC1 4
855 390
855 826
1639 826
1639 390
GPC2 4
855 826
855 1274
1618 1274
1618 826
GPC3 4
793 1274
793 1690
1615 1690
1615 1274
GPC4 4
1639 390
1639 806
2461 806
2461 390
GPC5 4
2235 806
2235 1366
2846 1366
2846 806
GPC6 4
1615 1959
1615 2547
2197 2547
2197 1959
GPC7 4
1618 826
1618 1380
2235 1380
2235 826
GPC8 4
2197 1959
2197 2532
2794 2532
2794 1959
CA0 4
150 875
150 1909
793 1909
793 875
CA1 4
1618 1380
1618 1959
2766 1959
2766 1380
CB 4
793 1690
793 2029
1466 2029
1466 1690
TPC0 4
387 2377
387 2542
710 2542
710 2377
TPC1 4
388 2210
388 2377
707 2377
707 2210
TPC2 4
150 2358
150 2586
384 2586
384 2358
TPC3 4
150 2133
150 2358
387 2358
387 2133
TPC4 4
150 1909
150 2133
388 2133
388 1909
TPC5 4
388 1909
388 2210
565 2210
565 1909
CPC0 4
1114 2325
1114 2621
1500 2621
1500 2325
CPC1 4
1114 2029
1114 2325
1499 2325
1499 2029
CPC2 4
707 2029
707 2309
1114 2309
1114 2029
