HPWL 73520375.0
SOFTMODULE 20
CPU0 4
3057 3264
3057 4256
3914 4256
3914 3264
CPU1 4
1827 1566
1827 2435
2276 2435
2276 1566
CPU2 4
993 2781
993 3341
1690 3341
1690 2781
CPU3 4
3057 2260
3057 2716
3913 2716
3913 2260
CPU4 4
236 1197
236 1623
539 1623
539 1197
CPU5 4
539 1197
539 1623
842 1623
842 1197
CPU6 4
993 2294
993 2781
1258 2781
1258 2294
CPU7 4
1258 2294
1258 2779
1524 2779
1524 2294
GPU0 4
2958 150
2958 2260
4013 2260
4013 150
GPU1 4
2171 857
2171 1566
2956 1566
2956 857
GPU2 4
2171 150
2171 857
2958 857
2958 150
GPU3 4
4013 150
4013 850
4808 850
4808 150
GPU4 4
4013 850
4013 1561
4795 1561
4795 850
NPU0 4
236 3265
236 3642
988 3642
988 3265
NPU1 4
236 3642
236 4254
1163 4254
1163 3642
NPU2 4
236 2515
236 3265
993 3265
993 2515
DSP 4
236 1623
236 2515
842 2515
842 1623
VIDEO 4
842 1197
842 2294
1827 2294
1827 1197
MODEM 4
236 150
236 1197
2171 1197
2171 150
ISP 4
1163 3341
1163 4257
1900 4257
1900 3341
