0 90 197 1
1 258 90 1
2 66 248 0
3 608 14 0
4 620 328 1
5 83 213 0
6 0 0 0
7 506 123 0
8 64 0 0
9 169 145 0
10 534 0 1
11 245 118 0
12 397 286 0
13 32 355 0
14 613 34 1
15 220 318 1
16 582 264 0
17 553 177 0
18 620 264 1
19 333 187 0
20 663 166 1
21 448 286 0
22 258 181 0
23 528 259 1
24 456 250 1
25 64 89 1
26 311 0 0
27 156 213 1
28 211 197 0
29 587 166 1
30 230 197 1
31 595 0 0
32 677 82 0
33 553 135 1
34 177 143 1
35 134 315 1
36 303 245 1
37 211 247 0
38 505 34 1
39 0 119 0
40 587 254 0
41 613 124 0
42 169 197 1
43 505 81 0
44 0 296 0
45 246 245 0
46 553 158 1
47 397 255 0
48 694 246 1
49 237 0 1
50 311 86 0
51 529 135 0
52 90 119 1
53 261 90 1
54 59 347 0
55 59 335 0
56 541 218 1
57 528 348 1
58 125 89 1
59 0 355 1
60 150 3 0
61 117 0 1
62 277 334 0
63 403 93 0
64 177 98 1
65 522 61 0
66 256 187 1
67 237 27 0
68 397 183 1
69 526 123 0
70 258 0 0
71 245 96 0
72 608 306 1
73 167 245 0
74 643 86 1
75 64 8 0
76 584 158 0
77 126 366 1
78 84 226 0
79 177 9 0
80 409 0 0
81 311 143 0
82 347 355 0
83 99 315 0
84 456 199 1
85 643 14 0
86 456 325 0
87 0 209 1
88 456 218 0
89 434 355 1
90 134 339 1
91 505 0 1
92 220 269 0
93 456 362 1
94 657 0 0
95 59 315 0
96 220 367 1
97 0 248 1
98 162 197 1
99 657 73 1
