0 266 369 1
1 467 420 0
2 674 98 0
3 351 611 0
4 161 441 1
5 174 314 1
6 599 425 1
7 614 98 1
8 381 0 0
9 159 697 1
10 325 436 1
11 674 320 1
12 654 366 1
13 267 114 1
14 583 309 0
15 283 85 0
16 267 216 1
17 626 320 1
18 82 486 1
19 516 422 1
20 554 513 1
21 583 256 0
22 223 670 0
23 464 642 0
24 83 97 0
25 0 449 1
26 243 430 0
27 267 165 1
28 371 495 0
29 534 0 0
30 244 143 1
31 93 66 0
32 416 280 1
33 263 449 1
34 362 199 1
35 236 600 0
36 283 0 1
37 0 44 1
38 687 256 1
39 692 0 0
40 272 495 1
41 676 166 1
42 0 597 1
43 614 156 0
44 263 436 0
45 96 313 0
46 0 497 0
47 599 580 0
48 599 453 1
49 322 0 1
50 172 462 1
51 337 323 0
52 294 272 0
53 269 375 0
54 625 98 1
55 471 160 1
56 674 131 0
57 674 166 0
58 421 0 1
59 172 495 1
60 554 80 0
61 559 686 0
62 320 487 1
63 310 173 1
64 687 166 1
65 98 626 0
66 292 558 0
67 479 334 0
68 583 87 1
69 612 619 0
70 509 291 0
71 169 614 1
72 416 334 1
73 533 591 0
74 187 94 0
75 625 127 0
76 407 538 1
77 325 381 1
78 612 586 0
79 170 101 0
80 401 199 1
81 0 191 0
82 337 277 1
83 416 420 0
84 583 369 0
85 252 595 0
86 687 319 0
87 0 640 1
88 516 344 0
89 599 390 0
90 322 2 0
91 687 411 1
92 365 138 0
93 610 513 0
94 365 160 1
95 159 626 0
96 365 79 0
97 184 205 1
98 337 309 0
99 684 486 1
100 534 72 0
101 544 157 0
102 416 270 0
103 509 176 1
104 170 430 1
105 555 80 1
106 93 406 0
107 96 358 1
108 626 366 1
109 573 594 0
110 484 176 0
111 583 178 1
112 351 538 1
113 91 190 1
114 172 595 1
115 93 0 0
116 82 383 1
117 467 514 1
118 172 600 0
119 0 290 1
120 595 586 1
121 0 125 1
122 614 0 0
123 579 0 1
124 96 221 1
125 76 540 1
126 170 386 0
127 373 611 1
128 323 670 1
129 407 608 0
130 98 556 0
131 28 497 0
132 96 373 0
133 322 79 1
134 372 173 0
135 467 591 1
136 292 495 0
137 408 206 0
138 0 383 0
139 266 272 0
140 292 545 0
141 621 309 0
142 170 128 1
143 509 194 1
144 170 143 0
145 454 99 1
146 91 221 1
147 559 627 0
148 266 374 0
149 0 0 1
150 454 58 1
151 371 436 0
152 599 513 0
153 669 453 0
154 243 436 1
155 307 85 0
156 407 671 0
157 489 99 1
158 184 256 0
159 581 80 1
160 187 0 0
161 623 221 0
