0 130 373 1
1 1290 345 1
2 1314 195 1
3 1803 144 1
4 187 691 1
5 1607 157 1
6 380 74 0
7 1791 44 1
8 693 0 0
9 1048 414 0
10 339 0 0
11 1689 555 1
12 1799 356 0
13 459 596 1
14 1090 42 1
15 279 679 0
16 925 819 1
17 185 213 1
18 1678 248 0
19 1702 372 0
20 1850 144 0
21 512 342 1
22 1726 897 1
23 1520 212 1
24 120 486 0
25 89 866 0
26 1695 523 1
27 157 161 1
28 826 874 1
29 742 740 1
30 1402 754 0
31 229 187 0
32 294 10 1
33 1092 210 0
34 1742 863 1
35 993 151 0
36 530 846 0
37 359 330 1
38 105 850 1
39 995 937 1
40 573 260 0
41 1450 555 0
42 1209 84 0
43 1496 705 0
44 1373 260 0
45 459 501 0
46 279 928 0
47 183 889 0
48 1769 257 1
49 742 738 0
50 1608 62 0
51 1495 953 0
52 1584 854 0
53 559 709 0
54 826 922 0
55 38 709 1
56 1302 176 0
57 1165 210 1
58 880 258 1
59 1436 381 0
60 1289 76 0
61 459 624 0
62 587 919 0
63 1175 890 0
64 495 0 0
65 1608 139 1
66 1470 170 1
67 1823 44 1
68 693 27 0
69 821 663 0
70 559 578 1
71 93 300 0
72 38 545 1
73 1290 353 1
74 0 924 0
75 72 42 0
76 404 445 1
77 669 415 0
78 530 863 0
79 653 584 0
80 422 145 0
81 669 476 1
82 600 368 0
83 1373 227 0
84 1677 71 0
85 495 64 1
86 883 517 0
87 1209 64 1
88 654 197 0
89 1195 64 0
90 1650 750 1
91 380 145 0
92 1768 635 0
93 1689 525 0
94 783 499 1
95 606 877 0
96 1525 583 0
97 1101 645 1
98 532 460 0
99 1775 510 1
100 380 184 0
101 747 564 0
102 742 640 1
103 1193 0 0
104 573 118 1
105 1196 794 1
106 89 902 1
107 38 352 0
108 489 224 0
109 669 355 1
110 1835 594 0
111 868 50 1
112 971 151 1
113 922 412 0
114 1135 389 1
115 562 821 1
116 606 754 0
117 160 212 0
118 228 128 1
119 256 359 1
120 38 387 0
121 438 945 1
122 922 426 1
123 1373 170 1
124 120 443 1
125 1356 195 1
126 1175 811 0
127 1334 160 0
128 157 529 0
129 1678 276 0
130 1235 640 1
131 252 0 1
132 1023 781 1
133 653 681 1
134 39 249 0
135 832 417 0
136 983 68 1
137 1834 885 0
138 1120 42 0
139 1233 345 0
140 1724 276 1
141 1528 300 0
142 536 344 0
143 1508 149 1
144 1315 869 1
145 1508 0 0
146 1290 363 1
147 1391 890 0
148 653 499 0
149 1120 124 1
150 93 406 1
151 1090 23 0
152 532 754 1
153 457 367 0
154 38 613 1
155 917 713 1
156 1773 626 1
157 653 583 1
158 573 286 0
159 183 847 0
160 394 703 1
161 871 344 0
162 1235 682 1
163 368 705 0
164 324 843 0
165 463 821 1
166 1870 812 1
167 588 94 0
168 861 697 0
169 463 145 0
170 619 645 1
171 1420 700 1
172 1677 0 1
173 438 846 0
174 1517 425 0
175 157 282 1
176 157 595 1
177 1093 898 1
178 919 674 1
179 1458 70 0
180 588 80 1
181 117 665 0
182 1188 159 0
183 0 195 0
184 1608 126 1
185 320 905 0
186 573 232 1
187 444 494 0
188 741 855 1
189 1744 160 0
190 573 197 1
191 1853 326 1
192 1742 754 0
193 185 212 1
194 1009 493 1
195 1059 813 1
196 750 249 1
197 1290 385 1
198 495 10 1
199 609 477 0
200 359 264 0
201 323 459 1
202 1650 889 0
203 252 64 0
204 365 4 1
205 685 152 0
206 1465 170 1
207 994 504 0
208 183 778 0
209 161 75 0
210 388 494 1
211 723 583 1
212 532 368 1
213 653 862 0
214 1198 530 1
215 1092 213 0
216 0 249 1
217 438 969 0
218 1402 847 1
219 1373 70 1
220 1775 463 0
221 1436 260 1
222 1548 734 1
223 359 326 0
224 422 575 1
225 1450 623 1
226 417 648 1
227 457 318 1
228 600 469 1
229 323 368 0
230 922 225 1
231 1243 337 0
232 1196 697 0
233 243 847 1
234 1599 248 0
235 323 642 0
236 1689 559 0
237 182 931 1
238 750 422 1
239 587 821 0
240 750 95 0
241 1615 453 0
242 1495 757 1
243 1373 333 1
244 1082 0 0
245 1561 149 0
246 1243 84 0
247 871 150 0
248 471 224 1
249 1092 159 1
250 1734 189 1
251 1843 750 0
252 1243 176 1
253 993 241 0
254 960 504 0
255 919 504 1
256 1233 407 1
257 828 32 0
258 1844 626 1
259 512 298 0
260 1766 897 0
261 747 526 0
262 279 782 1
263 904 922 1
264 1859 144 0
265 38 455 1
266 1290 794 0
267 828 50 0
268 93 440 0
269 1844 646 1
270 1631 646 0
271 838 121 0
272 1799 438 1
273 821 691 1
274 0 864 0
275 1797 222 1
276 157 511 0
277 1289 113 0
278 305 251 0
279 1373 363 1
280 552 0 1
281 1801 438 1
282 1417 890 1
283 215 310 1
284 1015 674 0
285 600 260 0
286 726 225 0
287 221 212 1
288 105 766 0
289 93 343 1
290 1023 813 1
291 1847 0 0
292 1243 273 0
293 1402 702 1
294 256 528 1
295 741 918 0
296 993 325 1
297 539 557 1
298 161 0 1
299 183 885 1
300 323 264 0
301 1196 645 1
302 129 406 1
303 922 253 0
304 838 350 1
305 1717 0 1
306 72 0 0
307 1734 84 0
308 457 401 0
309 1289 0 1
310 148 128 0
311 1702 310 0
312 1843 671 0
313 1742 764 1
314 1508 212 0
315 1608 0 1
316 140 79 0
317 1166 640 0
318 922 49 0
319 1835 438 0
320 1525 508 0
321 1713 396 0
322 827 478 1
323 1101 691 1
324 530 588 1
325 1510 676 0
326 1198 489 1
327 1196 807 0
328 202 691 1
329 1353 76 0
330 72 134 0
331 0 327 1
332 320 843 0
333 1582 589 1
334 1520 299 1
335 1615 435 0
336 1631 582 0
337 1768 657 0
338 380 305 1
339 922 68 1
340 1650 834 0
341 1420 555 0
342 1835 532 0
343 750 478 1
344 1508 301 1
345 1135 307 1
346 922 103 1
347 323 575 1
348 39 300 1
349 552 11 1
350 559 612 0
351 463 729 0
352 1548 708 1
353 1495 912 1
354 117 613 0
355 1321 695 1
356 1048 412 1
357 621 315 0
358 63 249 0
359 871 181 0
360 647 0 1
361 378 726 0
362 0 0 1
363 1843 812 0
364 1496 700 1
365 1508 246 0
366 422 215 1
367 1615 262 0
368 1010 412 0
369 290 843 1
370 293 153 1
371 92 195 1
372 186 595 0
373 1023 747 1
374 1739 559 1
375 606 778 1
376 1593 757 1
377 750 159 1
378 1298 554 1
379 644 197 0
380 1161 42 0
381 1850 241 1
382 861 670 0
383 619 554 0
384 827 517 0
385 1063 665 0
386 871 258 0
387 378 767 0
388 558 136 1
389 653 781 0
390 398 0 0
391 1674 582 0
392 1217 906 0
393 1744 84 1
394 193 93 1
395 1315 934 0
396 279 843 0
397 993 398 1
398 340 842 1
399 1285 542 1
400 822 0 1
401 960 665 1
402 1734 211 1
403 153 413 1
404 256 433 1
405 89 762 1
406 280 93 1
407 323 445 0
408 388 530 0
409 463 703 1
410 1517 484 1
411 1009 575 0
412 215 407 1
413 1782 132 1
414 1217 830 0
415 459 637 1
416 822 571 1
417 1615 336 1
418 1734 7 1
419 1636 694 0
420 1588 910 1
421 750 519 0
422 1198 558 0
423 1613 248 1
424 838 150 1
425 1631 494 1
426 1695 469 1
427 864 449 1
428 1508 391 0
429 1003 737 1
430 1321 626 0
431 1582 630 1
432 157 212 0
433 922 0 0
434 1449 0 0
435 1312 830 0
436 1508 94 1
437 202 474 0
438 750 275 0
439 1373 0 0
440 685 112 1
441 471 136 1
442 1243 122 0
443 828 123 0
444 750 499 0
445 1707 71 1
446 685 225 1
447 1792 0 0
448 279 693 0
449 828 121 0
450 420 430 1
451 279 842 0
452 1458 147 0
453 495 96 0
454 1101 478 0
455 256 606 0
456 252 10 1
457 1235 727 1
458 983 89 0
459 215 359 1
460 1582 494 1
461 750 338 0
462 1420 642 1
463 228 169 0
464 1373 461 1
465 63 257 0
466 742 833 0
467 0 764 1
468 323 586 0
469 922 218 0
470 1198 478 1
471 1101 576 1
472 1290 442 1
473 1094 693 1
474 1508 422 1
475 625 754 0
476 1059 898 0
477 1495 854 1
478 463 746 0
479 1217 807 1
480 89 766 0
481 735 958 1
482 729 0 1
483 375 544 1
484 459 588 0
485 861 571 1
486 750 437 1
487 621 407 0
488 0 863 1
489 117 755 1
490 378 838 0
491 1436 341 1
492 186 691 0
493 922 807 1
494 685 318 1
495 822 807 0
496 919 708 1
497 92 221 0
498 1420 477 1
499 922 148 0
