HPWL 1981556.0
SOFTMODULE 28
M0 17
1547 9
1547 793
1869 793
1869 170
1939 170
1939 40
1800 40
1800 13
1731 13
1731 12
1706 12
1706 11
1630 11
1630 10
1629 10
1629 9
1548 9
M1 51
1547 793
1547 1348
2008 1348
2008 914
1868 914
1868 910
1856 910
1856 909
1844 909
1844 908
1839 908
1839 907
1833 907
1833 904
1830 904
1830 899
1820 899
1820 898
1817 898
1817 897
1810 897
1810 894
1809 894
1809 893
1808 893
1808 892
1807 892
1807 891
1799 891
1799 888
1797 888
1797 887
1790 887
1790 882
1784 882
1784 881
1780 881
1780 879
1771 879
1771 877
1768 877
1768 873
1756 873
1756 870
1746 870
1746 866
1741 866
1741 865
1734 865
1734 793
1548 793
M2 13
1931 1348
1931 1768
2490 1768
2490 1375
2458 1375
2458 1376
2456 1376
2456 1377
2455 1377
2455 1410
2007 1410
2007 1348
1932 1348
M3 7
1547 1479
1547 2000
1934 2000
1934 1768
1931 1768
1931 1479
1548 1479
M4 25
898 1850
898 2166
1362 2166
1362 2282
1531 2282
1531 2227
1499 2227
1499 2218
1500 2218
1500 2211
1502 2211
1502 2209
1503 2209
1503 2210
1512 2210
1512 2207
1520 2207
1520 2202
1524 2202
1524 2200
1528 2200
1528 2199
1531 2199
1531 1850
899 1850
M5 11
266 1434
266 1751
898 1751
898 1744
897 1744
897 1543
898 1543
898 1536
897 1536
897 1434
267 1434
M6 5
898 1105
898 1431
1512 1431
1512 1105
899 1105
M7 5
1324 170
1324 619
1547 619
1547 170
1325 170
M8 5
1869 170
1869 610
2097 610
2097 170
1870 170
M9 51
1869 610
1869 793
1734 793
1734 865
1741 865
1741 866
1746 866
1746 870
1756 870
1756 873
1768 873
1768 877
1771 877
1771 879
1780 879
1780 881
1784 881
1784 882
1790 882
1790 887
1797 887
1797 888
1799 888
1799 891
1807 891
1807 892
1808 892
1808 893
1809 893
1809 894
1810 894
1810 897
1817 897
1817 898
1820 898
1820 899
1830 899
1830 904
1833 904
1833 907
1839 907
1839 908
1844 908
1844 909
1856 909
1856 910
1868 910
1868 914
2198 914
2198 610
1870 610
M10 5
2008 914
2008 1186
2377 1186
2377 914
2009 914
M11 7
2008 1186
2008 1348
2007 1348
2007 1410
2455 1410
2455 1186
2009 1186
M12 5
1988 1768
1988 1993
2433 1993
2433 1768
1989 1768
M13 25
1531 1952
1531 2199
1528 2199
1528 2200
1524 2200
1524 2202
1520 2202
1520 2207
1512 2207
1512 2210
1503 2210
1503 2209
1502 2209
1502 2211
1500 2211
1500 2218
1499 2218
1499 2227
1988 2227
1988 1952
1934 1952
1934 2000
1547 2000
1547 1952
1532 1952
M14 5
1546 2227
1546 2485
1935 2485
1935 2227
1547 2227
M15 5
1125 2166
1125 2588
1362 2588
1362 2166
1126 2166
M16 9
896 2121
896 2603
1157 2603
1157 2588
1125 2588
1125 2166
898 2166
898 2121
897 2121
M17 17
898 1431
898 1434
897 1434
897 1536
898 1536
898 1543
897 1543
897 1744
898 1744
898 1810
897 1810
897 1816
896 1816
896 1850
1137 1850
1137 1431
899 1431
M18 19
40 1105
40 1669
266 1669
266 1434
323 1434
323 1431
277 1431
277 1430
274 1430
274 1414
273 1414
273 1412
271 1412
271 1411
269 1411
269 1410
266 1410
266 1105
41 1105
M19 15
266 1105
266 1410
269 1410
269 1411
271 1411
271 1412
273 1412
273 1414
274 1414
274 1430
277 1430
277 1431
594 1431
594 1105
267 1105
M20 5
594 1105
594 1434
898 1434
898 1105
595 1105
M21 13
1627 1348
1627 1473
1616 1473
1616 1476
1613 1476
1613 1477
1612 1477
1612 1478
1613 1478
1613 1479
1874 1479
1874 1348
1628 1348
M22 7
1137 1640
1137 1839
1292 1839
1292 1642
1288 1642
1288 1640
1138 1640
M23 15
1137 1431
1137 1640
1288 1640
1288 1642
1292 1642
1292 1692
1366 1692
1366 1674
1372 1674
1372 1667
1374 1667
1374 1656
1377 1656
1377 1431
1138 1431
M24 41
1512 1366
1512 1431
1377 1431
1377 1656
1374 1656
1374 1667
1372 1667
1372 1674
1366 1674
1366 1727
1547 1727
1547 1416
1546 1416
1546 1415
1541 1415
1541 1414
1540 1414
1540 1401
1538 1401
1538 1400
1537 1400
1537 1399
1536 1399
1536 1398
1535 1398
1535 1397
1533 1397
1533 1396
1528 1396
1528 1376
1526 1376
1526 1377
1525 1377
1525 1378
1522 1378
1522 1379
1520 1379
1520 1380
1514 1380
1514 1366
1513 1366
M25 17
40 1669
40 2920
1134 2920
1134 2603
896 2603
896 2121
898 2121
898 1850
896 1850
896 1816
897 1816
897 1810
898 1810
898 1751
266 1751
266 1669
41 1669
M26 7
40 170
40 1049
39 1049
39 1105
1324 1105
1324 170
41 170
M27 41
1514 1348
1514 1380
1520 1380
1520 1379
1522 1379
1522 1378
1525 1378
1525 1377
1526 1377
1526 1376
1528 1376
1528 1396
1533 1396
1533 1397
1535 1397
1535 1398
1536 1398
1536 1399
1537 1399
1537 1400
1538 1400
1538 1401
1540 1401
1540 1414
1541 1414
1541 1415
1546 1415
1546 1416
1547 1416
1547 1479
1613 1479
1613 1478
1612 1478
1612 1477
1613 1477
1613 1476
1616 1476
1616 1473
1627 1473
1627 1348
1515 1348
