HPWL 2023907.0
SOFTMODULE 28
M0 4
1547 170
1547 793
1869 793
1869 170
M1 4
1547 914
1547 1348
2008 1348
2008 914
M2 4
1931 1410
1931 1768
2490 1768
2490 1410
M3 4
1547 1479
1547 2000
1931 2000
1931 1479
M4 4
898 1850
898 2166
1531 2166
1531 1850
M5 4
266 1434
266 1751
897 1751
897 1434
M6 4
898 1105
898 1431
1512 1431
1512 1105
M7 4
1324 170
1324 619
1547 619
1547 170
M8 4
1869 170
1869 610
2097 610
2097 170
M9 4
1869 610
1869 914
2198 914
2198 610
M10 4
2008 914
2008 1186
2377 1186
2377 914
M11 4
2008 1186
2008 1410
2455 1410
2455 1186
M12 4
1988 1768
1988 1993
2433 1993
2433 1768
M13 4
1547 2000
1547 2227
1988 2227
1988 2000
M14 4
1546 2227
1546 2485
1935 2485
1935 2227
M15 4
1125 2166
1125 2588
1362 2588
1362 2166
M16 4
896 2166
896 2603
1125 2603
1125 2166
M17 4
898 1431
898 1850
1137 1850
1137 1431
M18 4
40 1105
40 1549
266 1549
266 1105
M19 4
266 1105
266 1410
594 1410
594 1105
M20 4
594 1105
594 1434
898 1434
898 1105
M21 4
1627 1348
1627 1479
1857 1479
1857 1348
M22 4
1137 1640
1137 1839
1288 1839
1288 1640
M23 4
1137 1431
1137 1640
1377 1640
1377 1431
M24 4
1377 1431
1377 1727
1546 1727
1546 1431
M25 4
40 1751
40 2920
896 2920
896 1751
M26 4
40 170
40 1105
1324 1105
1324 170
M27 4
1547 1348
1547 1473
1627 1473
1627 1348
