HPWL 172792372.0
SOFTMODULE 15
COM 4
4295 6500
4295 9824
7304 9824
7304 6500
GPU 4
627 4998
627 10178
4295 10178
4295 4998
CPU 4
627 138
627 4998
4743 4998
4743 138
NPU 4
7304 3561
7304 7917
9669 7917
9669 3561
IS0 4
7005 138
7005 2614
10641 2614
10641 138
IS1 4
4743 138
4743 2128
7005 2128
7005 138
H0 4
4743 3122
4743 4386
6800 4386
6800 3122
H1 4
4743 4386
4743 5452
6807 5452
6807 4386
H2 4
4743 5452
4743 6500
6843 6500
6843 5452
U0 4
6807 3561
6807 4367
7304 4367
7304 3561
D0 4
5555 2128
5555 3122
6360 3122
6360 2128
D1 4
4743 2128
4743 3114
5555 3114
5555 2128
E0 4
7304 7917
7304 9488
8355 9488
8355 7917
A0 4
6360 2128
6360 3012
6813 3012
6813 2128
PW0 4
6813 2614
6813 3561
8672 3561
8672 2614
