HPWL 42923900.0
SOFTMODULE 16
MCL 4
400 1758
400 2205
1267 2205
1267 1758
DCL 4
1998 520
1998 1409
3735 1409
3735 520
GNA 4
1650 1409
1650 2196
2729 2196
2729 1409
IPU 4
0 2205
0 2959
1124 2959
1124 2205
MCC 4
1267 2196
1267 3261
2176 3261
2176 2196
CPU0 4
2176 2939
2176 3721
3569 3721
3569 2939
CPU1 4
2176 2196
2176 2939
3642 2939
3642 2196
RA 4
400 693
400 1758
1650 1758
1650 693
ME0 4
3642 2542
3642 3316
4581 3316
4581 2542
ME1 4
2729 1409
2729 2196
3652 2196
3652 1409
GAM 4
1650 0
1650 520
2000 520
2000 0
TMU0 4
3569 3316
3569 3707
4312 3707
4312 3316
TMU1 4
0 0
0 726
400 726
400 0
EU0 4
400 0
400 693
750 693
750 0
EU1 4
1650 520
1650 1216
1998 1216
1998 520
GCL 4
3652 1409
3652 2542
4507 2542
4507 1409
