HPWL 144169925.0
SOFTMODULE 20
CPU0 4
3840 2554
3840 3534
4708 3534
4708 2554
CPU1 4
902 2174
902 2638
1743 2638
1743 2174
CPU2 4
371 2166
371 2901
902 2901
902 2166
CPU3 4
3904 1930
3904 2395
4744 2395
4744 1930
CPU4 4
371 0
371 508
625 508
625 0
CPU5 4
371 3158
371 3566
688 3566
688 3158
CPU6 4
371 2901
371 3158
873 3158
873 2901
CPU7 4
0 0
0 348
371 348
371 0
GPU0 4
2155 794
2155 1930
4114 1930
4114 794
GPU1 4
3840 3534
3840 4224
4646 4224
4646 3534
GPU2 4
3012 2554
3012 3226
3840 3226
3840 2554
GPU3 4
2155 1930
2155 2579
3012 2579
3012 1930
GPU4 4
3012 1930
3012 2554
3904 2554
3904 1930
NPU0 4
1406 1644
1406 2174
1941 2174
1941 1644
NPU1 4
688 3158
688 4046
1327 4046
1327 3158
NPU2 4
2155 0
2155 794
2870 794
2870 0
DSP 4
371 1644
371 2166
1406 2166
1406 1644
VIDEO 4
1327 2638
1327 3548
2514 3548
2514 2638
MODEM 4
371 508
371 1644
2155 1644
2155 508
ISP 4
2514 3226
2514 4173
3227 4173
3227 3226
