HPWL 4035907.0
SOFTMODULE 28
M0 4
182 1631
182 2078
630 2078
630 1631
M1 4
1686 2052
1686 2515
2118 2515
2118 2052
M2 4
1447 253
1447 593
2036 593
2036 253
M3 4
182 1256
182 1631
716 1631
716 1256
M4 4
2039 980
2039 1574
2376 1574
2376 980
M5 4
2075 373
2075 980
2405 980
2405 373
M6 4
1447 1427
1447 1768
2034 1768
2034 1427
M7 4
0 2078
0 2399
312 2399
312 2078
M8 4
182 0
182 271
552 271
552 0
M9 4
1686 1768
1686 2052
2039 2052
2039 1768
M10 4
1686 2515
1686 2763
2090 2763
2090 2515
M11 4
1696 593
1696 857
2075 857
2075 593
M12 4
1447 593
1447 995
1696 995
1696 593
M13 4
1401 0
1401 253
1797 253
1797 0
M14 4
716 1606
716 2008
965 2008
965 1606
M15 4
1002 1673
1002 2052
1266 2052
1266 1673
M16 4
716 1256
716 1606
1002 1606
1002 1256
M17 4
1002 1256
1002 1481
1447 1481
1447 1256
M18 4
2036 0
2036 373
2305 373
2305 0
M19 4
1447 995
1447 1427
1679 1427
1679 995
M20 4
1696 857
1696 1156
2031 1156
2031 857
M21 4
1002 1481
1002 1673
1159 1673
1159 1481
M22 4
1159 1481
1159 1663
1324 1663
1324 1481
M23 4
0 0
0 275
182 275
182 0
M24 4
1324 1768
1324 2063
1494 2063
1494 1768
M25 4
312 2078
312 2806
1686 2806
1686 2078
M26 4
182 271
182 1256
1401 1256
1401 271
M27 4
2376 980
2376 1087
2470 1087
2470 980
