HPWL 71210425.0
SOFTMODULE 20
CPU0 4
2885 3208
2885 4251
3700 4251
3700 3208
CPU1 4
2885 2502
2885 3208
3438 3208
3438 2502
CPU2 4
2170 1677
2170 2223
2885 2223
2885 1677
CPU3 4
3438 2475
3438 2920
4315 2920
4315 2475
CPU4 4
2910 1946
2910 2224
3375 2224
3375 1946
CPU5 4
2910 2224
2910 2502
3375 2502
3375 2224
CPU6 4
2170 2223
2170 2645
2476 2645
2476 2223
CPU7 4
2476 2223
2476 2648
2780 2648
2780 2223
GPU0 4
2910 796
2910 1946
4845 1946
4845 796
GPU1 4
2910 152
2910 796
3774 796
3774 152
GPU2 4
2334 152
2334 1118
2910 1118
2910 152
GPU3 4
3774 152
3774 792
4644 792
4644 152
GPU4 4
3375 1946
3375 2475
4427 2475
4427 1946
NPU0 4
333 2201
333 2601
1042 2601
1042 2201
NPU1 4
1042 1985
1042 3022
1589 3022
1589 1985
NPU2 4
333 2601
333 3402
1041 3402
1041 2601
DSP 4
333 1164
333 2201
854 2201
854 1164
VIDEO 4
854 1164
854 1985
2170 1985
2170 1164
MODEM 4
333 152
333 1164
2334 1164
2334 152
ISP 4
1042 3155
1042 4257
1655 4257
1655 3155
