HPWL 24781700.0
SOFTMODULE 16
MCL 4
1491 2749
1491 3300
2194 3300
2194 2749
DCL 4
3244 2339
3244 3722
4361 3722
4361 2339
GNA 4
2393 1072
2393 2374
3045 2374
3045 1072
IPU 4
1491 331
1491 1010
2739 1010
2739 331
MCC 4
1491 1010
1491 2084
2393 2084
2393 1010
CPU0 4
2739 331
2739 1072
4209 1072
4209 331
CPU1 4
2194 2694
2194 3732
3244 3732
3244 2694
RA 4
3045 1072
3045 2339
4096 2339
4096 1072
ME0 4
400 870
400 1536
1491 1536
1491 870
ME1 4
400 2426
400 3095
1486 3095
1486 2426
GAM 4
2325 2374
2325 2693
2894 2693
2894 2374
TMU0 4
400 331
400 784
1042 784
1042 331
TMU1 4
1491 2084
1491 2749
1928 2749
1928 2084
EU0 4
1042 331
1042 870
1491 870
1491 331
EU1 4
1928 2084
1928 2694
2325 2694
2325 2084
GCL 4
400 1536
400 2426
1488 2426
1488 1536
