HPWL 39597300.0
SOFTMODULE 21
GPC0 4
155 270
155 685
980 685
980 270
GPC1 4
155 685
155 1101
978 1101
978 685
GPC2 4
980 270
980 1098
1393 1098
1393 270
GPC3 4
1393 702
1393 1143
2168 1143
2168 702
GPC4 4
1393 270
1393 702
2185 702
2185 270
GPC5 4
2185 270
2185 970
2674 970
2674 270
GPC6 4
1404 1721
1404 2530
1827 2530
1827 1721
GPC7 4
1827 2135
1827 2550
2651 2550
2651 2135
GPC8 4
1827 1721
1827 2135
2653 2135
2653 1721
CA0 4
155 1101
155 1922
965 1922
965 1101
CA1 4
1399 1143
1399 1721
2549 1721
2549 1143
CB 4
980 1143
980 1687
1399 1687
1399 1143
TPC0 4
640 2239
640 2550
811 2550
811 2239
TPC1 4
644 1922
644 2239
812 2239
812 1922
TPC2 4
155 2305
155 2470
478 2470
478 2305
TPC3 4
364 2112
364 2305
640 2305
640 2112
TPC4 4
155 1922
155 2177
364 2177
364 1922
TPC5 4
364 1922
364 2112
644 2112
644 1922
CPC0 4
965 2243
965 2504
1402 2504
1402 2243
CPC1 4
965 1981
965 2243
1401 2243
1401 1981
CPC2 4
965 1721
965 1981
1404 1981
1404 1721
