HPWL 30253560.0
SOFTMODULE 16
M0 4
1880 1118
1880 1368
2290 1368
2290 1118
M1 4
1354 1118
1354 1521
1880 1521
1880 1118
M2 4
857 690
857 901
1162 901
1162 690
M3 4
500 1495
500 2018
1112 2018
1112 1495
M4 4
500 1195
500 1495
1088 1495
1088 1195
M5 4
1872 1583
1872 1910
2289 1910
2289 1583
M6 4
1119 1521
1119 2017
1549 2017
1549 1521
M7 4
1119 1253
1119 1504
1354 1504
1354 1253
M8 4
1162 1070
1162 1253
1347 1253
1347 1070
M9 4
1549 1521
1549 2017
1872 2017
1872 1521
M10 4
1162 690
1162 898
1474 898
1474 690
M11 4
500 690
500 1195
857 1195
857 690
M12 4
857 901
857 1194
1119 1194
1119 901
M13 4
1461 898
1461 1118
1903 1118
1903 898
M14 4
1880 1368
1880 1583
2299 1583
2299 1368
M15 4
1162 898
1162 1070
1461 1070
1461 898
