HPWL 29110400.0
SOFTMODULE 16
MCL 4
2165 3218
2165 3739
2909 3739
2909 3218
DCL 4
3434 1881
3434 3638
4313 3638
4313 1881
GNA 4
2165 2549
2165 3218
3434 3218
3434 2549
IPU 4
2165 1881
2165 2549
3433 2549
3433 1881
MCC 4
3083 306
3083 1037
4408 1037
4408 306
CPU0 4
1049 2322
1049 3298
2165 3298
2165 2322
CPU1 4
3093 1037
3093 1881
4384 1881
4384 1037
RA 4
1049 938
1049 2322
2011 2322
2011 938
ME0 4
400 306
400 937
1551 937
1551 306
ME1 4
2011 1209
2011 1880
3093 1880
3093 1209
GAM 4
400 2132
400 2434
1001 2434
1001 2132
TMU0 4
1551 306
1551 938
2011 938
2011 306
TMU1 4
400 1310
400 1758
1049 1758
1049 1310
EU0 4
400 937
400 1310
1049 1310
1049 937
EU1 4
400 1758
400 2132
1048 2132
1048 1758
GCL 4
2011 306
2011 1209
3083 1209
3083 306
