HPWL 69904925.0
SOFTMODULE 20
CPU0 4
2680 3571
2680 4257
3920 4257
3920 3571
CPU1 4
2767 1848
2767 2698
3226 2698
3226 1848
CPU2 4
2767 2698
2767 3571
3214 3571
3214 2698
CPU3 4
3800 2227
3800 2956
4335 2956
4335 2227
CPU4 4
3294 2482
3294 2738
3798 2738
3798 2482
CPU5 4
3294 2227
3294 2482
3800 2482
3800 2227
CPU6 4
3294 2995
3294 3251
3798 3251
3798 2995
CPU7 4
3294 2738
3294 2995
3797 2995
3797 2738
GPU0 4
3294 792
3294 2227
4845 2227
4845 792
GPU1 4
1849 1163
1849 1769
2767 1769
2767 1163
GPU2 4
3636 152
3636 792
4505 792
4505 152
GPU3 4
2767 152
2767 792
3636 792
3636 152
GPU4 4
2767 792
2767 1848
3294 1848
3294 792
NPU0 4
1444 3103
1444 3544
2087 3544
2087 3103
NPU1 4
1490 2159
1490 3103
2091 3103
2091 2159
NPU2 4
764 2903
764 3737
1444 3737
1444 2903
DSP 4
764 2159
764 2903
1490 2903
1490 2159
VIDEO 4
764 1163
764 2159
1849 2159
1849 1163
MODEM 4
764 152
764 1163
2767 1163
2767 152
ISP 4
2087 3103
2087 4242
2680 4242
2680 3103
