HPWL 167212894.0
SOFTMODULE 15
COM 4
6942 190
6942 4160
9461 4160
9461 190
GPU 4
4888 5635
4888 9802
9448 9802
9448 5635
CPU 4
620 190
620 3354
6942 3354
6942 190
NPU 4
620 3354
620 7178
3314 7178
3314 3354
IS0 4
2120 7187
2120 10448
4880 10448
4880 7187
IS1 4
620 7178
620 10178
2120 10178
2120 7178
H0 4
4372 3354
4372 5625
5517 5625
5517 3354
H1 4
3314 3354
3314 5435
4372 5435
4372 3354
H2 4
6398 4160
6398 5635
7890 5635
7890 4160
U0 4
5517 4263
5517 4719
6396 4719
6396 4263
D0 4
5517 3354
5517 4263
6398 4263
6398 3354
D1 4
5517 4719
5517 5630
6396 5630
6396 4719
E0 4
7890 4160
7890 5634
9010 5634
9010 4160
A0 4
3314 5435
3314 6330
3761 6330
3761 5435
PW0 4
3761 5625
3761 7187
4888 7187
4888 5625
