HPWL 2158273.0
SOFTMODULE 28
M0 4
840 917
840 1276
1398 1276
1398 917
M1 4
1329 437
1329 889
1772 889
1772 437
M2 4
489 674
489 1244
840 1244
840 674
M3 4
937 1639
937 2080
1391 2080
1391 1639
M4 4
415 2086
415 2425
1005 2425
1005 2086
M5 4
476 1530
476 1964
937 1964
937 1530
M6 4
68 675
68 1166
476 1166
476 675
M7 4
911 437
911 677
1329 677
1329 437
M8 4
911 677
911 917
1328 917
1328 677
M9 4
1772 437
1772 886
1995 886
1995 437
M10 4
1995 437
1995 886
2218 886
2218 437
M11 4
489 437
489 674
911 674
911 437
M12 4
489 1244
489 1530
839 1530
839 1244
M13 4
1005 2080
1005 2337
1395 2337
1395 2080
M14 4
1005 2337
1005 2650
1325 2650
1325 2337
M15 4
752 2425
752 2840
993 2840
993 2425
M16 4
410 2425
410 2718
752 2718
752 2425
M17 4
68 1701
68 1994
410 1994
410 1701
M18 4
68 1412
68 1701
415 1701
415 1412
M19 4
68 1166
68 1412
475 1412
475 1166
M20 4
68 437
68 675
489 675
489 437
M21 4
1037 1276
1037 1399
1281 1399
1281 1276
M22 4
476 1964
476 2086
722 2086
722 1964
M23 4
1037 1399
1037 1639
1246 1639
1246 1399
M24 4
840 1276
840 1530
1037 1530
1037 1276
M25 4
1398 889
1398 1831
2460 1831
2460 889
M26 4
1395 1831
1395 2959
2459 2959
2459 1831
M27 4
937 1530
937 1633
1035 1633
1035 1530
