HPWL 2103645.0
SOFTMODULE 28
M0 4
714 415
714 1048
1030 1048
1030 415
M1 4
714 1048
714 1514
1144 1514
1144 1048
M2 4
1144 1439
1144 2057
1468 2057
1468 1439
M3 4
709 1889
709 2349
1144 2349
1144 1889
M4 4
144 2128
144 2491
695 2491
695 2128
M5 4
144 1333
144 1689
706 1689
706 1333
M6 4
383 718
383 1333
709 1333
709 718
M7 4
1030 415
1030 639
1477 639
1477 415
M8 4
1030 639
1030 865
1473 865
1473 639
M9 4
1144 865
1144 1152
1493 1152
1493 865
M10 4
1144 1152
1144 1439
1493 1439
1493 1152
M11 4
1725 1656
1725 1901
2134 1901
2134 1656
M12 4
1468 1656
1468 2046
1725 2046
1725 1656
M13 4
706 2349
706 2574
1151 2574
1151 2349
M14 4
788 2574
788 2889
1106 2889
1106 2574
M15 4
526 2574
526 2956
788 2956
788 2574
M16 4
144 2491
144 2753
526 2753
526 2491
M17 4
144 1689
144 2126
373 2126
373 1689
M18 4
373 1689
373 1998
697 1998
697 1689
M19 4
144 415
144 835
383 835
383 415
M20 4
383 415
383 718
714 718
714 415
M21 4
946 1514
946 1729
1086 1729
1086 1514
M22 4
373 1998
373 2128
604 2128
604 1998
M23 4
714 1514
714 1730
946 1730
946 1514
M24 4
714 1730
714 1889
1029 1889
1029 1730
M25 4
1151 2057
1151 2822
2459 2822
2459 2057
M26 4
1493 415
1493 1656
2460 1656
2460 415
M27 4
1030 865
1030 953
1144 953
1144 865
