HPWL 93319100.0
SOFTMODULE 21
GPC0 4
324 1349
324 1828
1038 1828
1038 1349
GPC1 4
1670 314
1670 783
2400 783
2400 314
GPC2 4
2448 152
2448 945
2879 945
2879 152
GPC3 4
2382 945
2382 1663
2858 1663
2858 945
GPC4 4
2382 1663
2382 2420
2834 2420
2834 1663
GPC5 4
1673 1727
1673 2209
2382 2209
2382 1727
GPC6 4
324 1828
324 2311
1032 2311
1032 1828
GPC7 4
1717 783
1717 1331
2341 1331
2341 783
GPC8 4
324 896
324 1349
1079 1349
1079 896
CA0 4
193 152
193 896
1087 896
1087 152
CA1 4
1087 152
1087 1292
1670 1292
1670 152
CB 4
1717 1331
1717 1727
2293 1727
2293 1331
TPC0 4
1673 2209
1673 2459
1886 2459
1886 2209
TPC1 4
193 2311
193 2532
434 2532
434 2311
TPC2 4
1401 1653
1401 1892
1624 1892
1624 1653
TPC3 4
1348 2188
1348 2352
1673 2352
1673 2188
TPC4 4
1038 2018
1038 2188
1351 2188
1351 2018
TPC5 4
1886 2209
1886 2401
2163 2401
2163 2209
CPC0 4
1087 1292
1087 1655
1401 1655
1401 1292
CPC1 4
1401 1292
1401 1653
1717 1653
1717 1292
CPC2 4
1079 1655
1079 2018
1393 2018
1393 1655
