HPWL 21367800.0
SOFTMODULE 16
MCL 4
401 2485
401 3296
879 3296
879 2485
DCL 4
401 342
401 1862
1417 1862
1417 342
GNA 4
1417 342
1417 1496
2153 1496
2153 342
IPU 4
2153 342
2153 1594
2830 1594
2830 342
MCC 4
2830 342
2830 1551
3631 1551
3631 342
CPU0 4
2153 1594
2153 2601
3235 2601
3235 1594
CPU1 4
3295 2656
3295 3658
4382 3658
4382 2656
RA 4
3235 1551
3235 2656
4440 2656
4440 1551
ME0 4
401 1862
401 2485
1567 2485
1567 1862
ME1 4
2153 3101
2153 3737
3295 3737
3295 3101
GAM 4
879 3245
879 3549
1477 3549
1477 3245
TMU0 4
1567 1852
1567 2485
2026 2485
2026 1852
TMU1 4
2153 2601
2153 3101
2734 3101
2734 2601
EU0 4
1417 1496
1417 1852
2097 1852
2097 1496
EU1 4
2734 2601
2734 3098
3221 3098
3221 2601
GCL 4
879 2485
879 3245
2153 3245
2153 2485
