HPWL 40993243.0
SOFTMODULE 16
M0 4
0 0
0 227
452 227
452 0
M1 4
739 1068
739 1395
1387 1395
1387 1068
M2 4
1307 1395
1307 1628
1583 1628
1583 1395
M3 4
622 662
622 1068
1411 1068
1411 662
M4 4
739 1395
739 1722
1279 1722
1279 1395
M5 4
1583 1395
1583 1758
1959 1758
1959 1395
M6 4
1387 1068
1387 1395
2038 1395
2038 1068
M7 4
452 320
452 662
624 662
624 320
M8 4
452 662
452 861
622 861
622 662
M9 4
760 1722
760 2015
1307 2015
1307 1722
M10 4
1583 1758
1583 1995
1857 1995
1857 1758
M11 4
1959 1395
1959 1931
2295 1931
2295 1395
M12 4
452 1722
452 1971
760 1971
760 1722
M13 4
452 1068
452 1407
739 1407
739 1068
M14 4
1307 1628
1307 1993
1554 1993
1554 1628
M15 4
452 0
452 320
612 320
612 0
