HPWL 107827700.0
SOFTMODULE 20
CPU0 4
995 1952
995 2935
1860 2935
1860 1952
CPU1 4
1267 1214
1267 1952
1796 1952
1796 1214
CPU2 4
1860 3528
1860 4077
2571 4077
2571 3528
CPU3 4
2170 2256
2170 2953
2730 2953
2730 2256
CPU4 4
2170 194
2170 565
2518 565
2518 194
CPU5 4
2518 194
2518 478
2973 478
2973 194
CPU6 4
995 1214
995 1689
1267 1689
1267 1214
CPU7 4
2170 1586
2170 1855
2650 1855
2650 1586
GPU0 4
3290 194
3290 1669
4799 1669
4799 194
GPU1 4
3723 1669
3723 2541
4361 2541
4361 1669
GPU2 4
2170 565
2170 1586
2715 1586
2715 565
GPU3 4
2650 1669
2650 2256
3598 2256
3598 1669
GPU4 4
2715 478
2715 1445
3290 1445
3290 478
NPU0 4
2730 2256
2730 2940
3145 2940
3145 2256
NPU1 4
2170 2953
2170 3528
3157 3528
3157 2953
NPU2 4
3157 2256
3157 3258
3723 3258
3723 2256
DSP 4
184 2935
184 3538
1080 3538
1080 2935
VIDEO 4
184 1214
184 2546
995 2546
995 1214
MODEM 4
184 194
184 1214
2170 1214
2170 194
ISP 4
3723 2541
3723 3392
4517 3392
4517 2541
