HPWL 160542138.0
SOFTMODULE 15
COM 4
1003 2549
1003 7016
3242 7016
3242 2549
GPU 4
4153 6604
4153 9810
10080 9810
10080 6604
CPU 4
3263 557
3263 3749
9529 3749
9529 557
NPU 4
7642 3749
7642 6603
11251 6603
11251 3749
IS0 4
1003 7290
1003 10183
4114 10183
4114 7290
IS1 4
1003 557
1003 2549
3263 2549
3263 557
H0 4
5323 3749
5323 5816
6581 5816
6581 3749
H1 4
4260 3749
4260 5819
5323 5819
5323 3749
H2 4
6581 3749
6581 5823
7642 5823
7642 3749
U0 4
5831 5816
5831 6602
6340 6602
6340 5816
D0 4
6340 5823
6340 6595
7377 6595
7377 5823
D1 4
4260 5819
4260 6592
5295 6592
5295 5819
E0 4
3242 5478
3242 7290
4153 7290
4153 5478
A0 4
5323 5816
5323 6604
5831 6604
5831 5816
PW0 4
3242 3749
3242 5478
4260 5478
4260 3749
