HPWL 3561751.0
SOFTMODULE 28
M0 4
146 1609
146 1991
670 1991
670 1609
M1 4
925 1124
925 1679
1286 1679
1286 1124
M2 4
925 1679
925 2153
1347 2153
1347 1679
M3 4
1130 104
1130 478
1665 478
1665 104
M4 4
377 372
377 956
720 956
720 372
M5 4
1348 1500
1348 2077
1695 2077
1695 1500
M6 4
751 104
751 633
1130 633
1130 104
M7 4
376 1372
376 1609
798 1609
798 1372
M8 4
1616 1250
1616 1500
2017 1500
2017 1250
M9 4
925 887
925 1124
1348 1124
1348 887
M10 4
1695 1500
1695 1887
1954 1887
1954 1500
M11 4
2255 1250
2255 1669
2494 1669
2494 1250
M12 4
1954 2112
1954 2362
2354 2362
2354 2112
M13 4
1194 650
1194 887
1616 887
1616 650
M14 4
670 1609
670 2002
925 2002
925 1609
M15 4
377 104
377 372
751 372
751 104
M16 4
377 1106
377 1372
753 1372
753 1106
M17 4
1643 2077
1643 2432
1925 2432
1925 2077
M18 4
1954 1667
1954 2112
2179 2112
2179 1667
M19 4
751 650
751 876
1194 876
1194 650
M20 4
146 234
146 669
376 669
376 234
M21 4
751 876
751 1106
882 1106
882 876
M22 4
146 104
146 234
377 234
377 104
M23 4
1954 1500
1954 1667
2255 1667
2255 1500
M24 4
1130 478
1130 650
1422 650
1422 478
M25 4
1665 104
1665 1250
2538 1250
2538 104
M26 4
146 2153
146 2955
1643 2955
1643 2153
M27 4
670 2002
670 2139
743 2139
743 2002
