HPWL 325858226.0
SOFTMODULE 15
COM 4
627 4798
627 8539
3301 8539
3301 4798
GPU 4
1900 0
1900 4798
5860 4798
5860 0
CPU 4
0 9614
0 12952
5992 12952
5992 9614
NPU 4
3301 4798
3301 9094
5699 9094
5699 4798
IS0 4
8973 3300
8973 7391
11173 7391
11173 3300
IS1 4
5992 10450
5992 11960
8973 11960
8973 10450
H0 4
627 1264
627 3448
1818 3448
1818 1264
H1 4
8973 1220
8973 2905
10279 2905
10279 1220
H2 4
1099 8539
1099 9614
3146 9614
3146 8539
U0 4
627 8539
627 9387
1099 9387
1099 8539
D0 4
1260 0
1260 1250
1900 1250
1900 0
D1 4
627 0
627 1264
1260 1264
1260 0
E0 4
8973 7391
8973 8725
10210 8725
10210 7391
A0 4
0 3300
0 3938
627 3938
627 3300
PW0 4
8973 0
8973 1220
10416 1220
10416 0
