HPWL 139371400.0
SOFTMODULE 21
GPC0 4
1060 285
1060 1086
1487 1086
1487 285
GPC1 4
1060 1879
1060 2678
1488 2678
1488 1879
GPC2 4
1060 1086
1060 1879
1491 1879
1491 1086
GPC3 4
791 2900
791 3336
1575 3336
1575 2900
GPC4 4
1575 2700
1575 3182
2284 3182
2284 2700
GPC5 4
163 1971
163 2518
788 2518
788 1971
GPC6 4
2284 2700
2284 3177
3001 3177
3001 2700
GPC7 4
3001 1147
3001 1973
3415 1973
3415 1147
GPC8 4
358 1145
358 1971
772 1971
772 1145
CA0 4
3001 0
3001 1147
3581 1147
3581 0
CA1 4
1575 3182
1575 3758
2729 3758
2729 3182
CB 4
449 150
449 811
794 811
794 150
TPC0 4
1060 0
1060 269
1258 269
1258 0
TPC1 4
1258 0
1258 285
1445 285
1445 0
TPC2 4
794 2700
794 2900
1060 2900
1060 2700
TPC3 4
163 1002
163 1276
358 1276
358 1002
TPC4 4
163 1276
163 1595
330 1595
330 1276
TPC5 4
0 2700
0 3027
163 3027
163 2700
CPC0 4
163 150
163 549
449 549
449 150
CPC1 4
449 811
449 1145
791 1145
791 811
CPC2 4
163 549
163 1002
415 1002
415 549
