HPWL 5152239.0
SOFTMODULE 28
M0 4
2013 2051
2013 2665
2339 2665
2339 2051
M1 4
727 1937
727 2460
1110 2460
1110 1937
M2 4
727 826
727 1401
1075 1401
1075 826
M3 4
1322 532
1322 1159
1641 1159
1641 532
M4 4
1322 0
1322 532
1698 532
1698 0
M5 4
727 1401
727 1937
1101 1937
1101 1401
M6 4
2013 0
2013 499
2414 499
2414 0
M7 4
1322 1559
1322 1913
1605 1913
1605 1559
M8 4
2013 1245
2013 1505
2398 1505
2398 1245
M9 4
0 720
0 964
410 964
410 720
M10 4
1322 2200
1322 2559
1601 2559
1601 2200
M11 4
2013 499
2013 815
2330 815
2330 499
M12 4
727 247
727 511
1106 511
1106 247
M13 4
1322 1159
1322 1559
1572 1559
1572 1159
M14 4
727 511
727 826
1045 826
1045 511
M15 4
1322 2559
1322 2834
1686 2834
1686 2559
M16 4
2149 815
2149 1245
2382 1245
2382 815
M17 4
2013 1505
2013 1759
2407 1759
2407 1505
M18 4
1322 1913
1322 2200
1671 2200
1671 1913
M19 4
727 0
727 247
1133 247
1133 0
M20 4
2013 1759
2013 2051
2356 2051
2356 1759
M21 4
2013 815
2013 1036
2149 1036
2149 815
M22 4
1133 3000
1133 3159
1322 3159
1322 3000
M23 4
410 3000
410 3158
727 3158
727 3000
M24 4
1698 3000
1698 3159
2013 3159
2013 3000
M25 4
2500 0
2500 1413
3208 1413
3208 0
M26 4
727 3159
727 3933
2278 3933
2278 3159
M27 4
2414 2520
2414 2637
2500 2637
2500 2520
