HPWL 231338075.0
SOFTMODULE 20
CPU0 4
4995 0
4995 1268
5666 1268
5666 0
CPU1 4
4445 3800
4445 4510
4995 4510
4995 3800
CPU2 4
4445 4510
4445 5375
4896 5375
4896 4510
CPU3 4
5313 3565
5313 4430
5764 4430
5764 3565
CPU4 4
4995 4430
4995 4786
5358 4786
5358 4430
CPU5 4
4995 3967
4995 4426
5277 4426
5277 3967
CPU6 4
4995 3561
4995 3967
5313 3967
5313 3561
CPU7 4
4995 3306
4995 3561
5502 3561
5502 3306
GPU0 4
5534 1469
5534 3565
6596 3565
6596 1469
GPU1 4
0 5486
0 6014
1054 6014
1054 5486
GPU2 4
4995 2274
4995 3306
5534 3306
5534 2274
GPU3 4
600 4407
600 4954
1617 4954
1617 4407
GPU4 4
1617 4407
1617 4989
2573 4989
2573 4407
NPU0 4
0 2446
0 2925
592 2925
592 2446
NPU1 4
0 4954
0 5486
1066 5486
1066 4954
NPU2 4
0 1500
0 2446
600 2446
600 1500
DSP 4
4995 1268
4995 2274
5532 2274
5532 1268
VIDEO 4
5666 0
5666 1469
6402 1469
6402 0
MODEM 4
2573 4407
2573 5489
4445 5489
4445 4407
ISP 4
1066 4989
1066 5573
2222 5573
2222 4989
