HPWL 33830905.0
SOFTMODULE 16
M0 4
1527 1659
1527 1916
1926 1916
1926 1659
M1 4
580 1390
580 1946
961 1946
961 1390
M2 4
980 640
980 891
1237 891
1237 640
M3 4
980 1110
980 1582
1658 1582
1658 1110
M4 4
1658 1127
1658 1436
2229 1436
2229 1127
M5 4
580 640
580 981
980 981
980 640
M6 4
972 1582
972 1966
1527 1966
1527 1582
M7 4
1658 1436
1658 1659
1922 1659
1922 1436
M8 4
0 900
0 1030
260 1030
260 900
M9 4
580 981
580 1390
972 1390
972 981
M10 4
980 891
980 1110
1276 1110
1276 891
M11 4
1926 1436
1926 1930
2291 1930
2291 1436
M12 4
1276 900
1276 1101
1658 1101
1658 900
M13 4
1237 520
1237 890
1500 890
1500 520
M14 4
1658 900
1658 1127
2055 1127
2055 900
M15 4
260 900
260 1060
580 1060
580 900
