HPWL 49597800.0
SOFTMODULE 16
MCL 4
2918 1394
2918 2215
3390 2215
3390 1394
DCL 4
2914 3353
2914 4263
4611 4263
4611 3353
GNA 4
2602 300
2602 1394
3378 1394
3378 300
IPU 4
3378 300
3378 985
4615 985
4615 300
MCC 4
3390 985
3390 1915
4431 1915
4431 985
CPU0 4
2152 2343
2152 3773
2914 3773
2914 2343
CPU1 4
0 3740
0 4513
1409 4513
1409 3740
RA 4
4431 985
4431 2614
5249 2614
5249 985
ME0 4
2152 1394
2152 2343
2918 2343
2918 1394
ME1 4
3390 1915
3390 2615
4428 2615
4428 1915
GAM 4
2918 2215
2918 2605
3384 2605
3384 2215
TMU0 4
4232 2615
4232 3353
4626 3353
4626 2615
TMU1 4
1409 3740
1409 4131
2152 4131
2152 3740
EU0 4
2152 300
2152 838
2602 838
2602 300
EU1 4
2152 838
2152 1394
2588 1394
2588 838
GCL 4
2918 2615
2918 3352
4232 3352
4232 2615
