HPWL 79120700.0
SOFTMODULE 21
GPC0 4
152 969
152 1397
951 1397
951 969
GPC1 4
579 168
579 923
1032 923
1032 168
GPC2 4
1032 750
1032 1274
1685 1274
1685 750
GPC3 4
1032 168
1032 710
1663 710
1663 168
GPC4 4
2081 762
2081 1398
2619 1398
2619 762
GPC5 4
2081 168
2081 762
2657 762
2657 168
GPC6 4
1247 1644
1247 2447
1673 2447
1673 1644
GPC7 4
1784 1401
1784 1842
2559 1842
2559 1401
GPC8 4
152 168
152 969
579 969
579 168
CA0 4
152 1397
152 2437
791 2437
791 1397
CA1 4
1673 1842
1673 2465
2740 2465
2740 1842
CB 4
1663 168
1663 750
2055 750
2055 168
TPC0 4
1230 1442
1230 1644
1494 1644
1494 1442
TPC1 4
1230 1274
1230 1442
1547 1442
1547 1274
TPC2 4
951 1274
951 1465
1230 1465
1230 1274
TPC3 4
951 1465
951 1658
1227 1658
1227 1465
TPC4 4
791 1908
791 2138
1023 2138
1023 1908
TPC5 4
1547 1401
1547 1626
1784 1626
1784 1401
CPC0 4
791 1658
791 1908
1247 1908
1247 1658
CPC1 4
1685 1038
1685 1401
1999 1401
1999 1038
CPC2 4
1685 750
1685 1038
2081 1038
2081 750
