HPWL 193462008.0
SOFTMODULE 15
COM 4
835 4230
835 6661
4950 6661
4950 4230
GPU 4
835 83
835 4230
5417 4230
5417 83
CPU 4
5417 83
5417 4035
10478 4035
10478 83
NPU 4
7726 4035
7726 8103
10258 8103
10258 4035
IS0 4
2397 6661
2397 9218
5917 9218
5917 6661
IS1 4
835 7346
835 10227
2397 10227
2397 7346
H0 4
6504 5125
6504 7253
7726 7253
7726 5125
H1 4
4950 5125
4950 6541
6504 6541
6504 5125
H2 4
5417 4035
5417 5125
7436 5125
7436 4035
U0 4
6504 9080
6504 9736
7114 9736
7114 9080
D0 4
9705 8103
9705 9129
10485 9129
10485 8103
D1 4
835 6661
835 7346
2003 7346
2003 6661
E0 4
8306 8103
8306 9283
9705 9283
9705 8103
A0 4
8306 9283
8306 9846
9017 9846
9017 9283
PW0 4
6504 8103
6504 9080
8306 9080
8306 8103
