HPWL 32192050.0
SOFTMODULE 16
M0 4
1121 644
1121 920
1493 920
1493 644
M1 4
1739 1267
1739 1643
2302 1643
2302 1267
M2 4
923 644
923 969
1121 969
1121 644
M3 4
502 1182
502 1981
903 1981
903 1182
M4 4
923 969
923 1484
1266 1484
1266 969
M5 4
1297 1703
1297 2014
1735 2014
1735 1703
M6 4
1484 920
1484 1267
2099 1267
2099 920
M7 4
502 644
502 940
701 940
701 644
M8 4
701 644
701 797
923 797
923 644
M9 4
1739 1643
1739 1928
2301 1928
2301 1643
M10 4
904 1703
904 1990
1130 1990
1130 1703
M11 4
1315 1272
1315 1697
1739 1697
1739 1272
M12 4
1266 920
1266 1272
1484 1272
1484 920
M13 4
502 940
502 1182
904 1182
904 940
M14 4
904 1484
904 1703
1315 1703
1315 1484
M15 4
1130 1703
1130 2010
1297 2010
1297 1703
