HPWL 3609982.0
SOFTMODULE 28
M0 4
914 122
914 683
1271 683
1271 122
M1 4
1022 1103
1022 1644
1392 1644
1392 1103
M2 4
1801 1921
1801 2252
2406 2252
2406 1921
M3 4
1392 361
1392 803
1845 803
1845 361
M4 4
1642 2259
1642 2599
2231 2599
2231 2259
M5 4
1423 1729
1423 2259
1801 2259
1801 1729
M6 4
1022 1644
1022 2143
1423 2143
1423 1644
M7 4
1271 122
1271 361
1690 361
1690 122
M8 4
1720 803
1720 1104
2053 1104
2053 803
M9 4
2083 892
2083 1296
2331 1296
2331 892
M10 4
1845 122
1845 443
2157 443
2157 122
M11 4
1392 1108
1392 1345
1814 1345
1814 1108
M12 4
914 683
914 1103
1153 1103
1153 683
M13 4
1392 803
1392 1108
1720 1108
1720 803
M14 4
2053 443
2053 892
2276 892
2276 443
M15 4
46 2530
46 2758
485 2758
485 2530
M16 4
1387 2396
1387 2795
1638 2795
1638 2396
M17 4
1801 1634
1801 1921
2150 1921
2150 1634
M18 4
1814 1104
1814 1477
2083 1477
2083 1104
M19 4
1022 2417
1022 2790
1291 2790
1291 2417
M20 4
1022 2143
1022 2417
1387 2417
1387 2143
M21 4
1814 1477
1814 1634
2006 1634
2006 1477
M22 4
1423 2259
1423 2396
1642 2396
1642 2259
M23 4
1423 1345
1423 1526
1700 1526
1700 1345
M24 4
1423 1526
1423 1729
1670 1729
1670 1526
M25 4
46 1505
46 2530
1022 2530
1022 1505
M26 4
46 122
46 1505
914 1505
914 122
M27 4
1642 2599
1642 2681
1764 2681
1764 2599
