HPWL 117503175.0
SOFTMODULE 20
CPU0 4
2078 150
2078 1079
2993 1079
2993 150
CPU1 4
3654 3060
3654 3541
4465 3541
4465 3060
CPU2 4
3654 2467
3654 3060
4312 3060
4312 2467
CPU3 4
2986 2467
2986 3081
3622 3081
3622 2467
CPU4 4
1326 1256
1326 1543
1777 1543
1777 1256
CPU5 4
759 2911
759 3312
1081 3312
1081 2911
CPU6 4
1777 1079
1777 1450
2125 1450
2125 1079
CPU7 4
1326 890
1326 1256
1679 1256
1679 890
GPU0 4
2986 1079
2986 2467
4590 2467
4590 1079
GPU1 4
1326 1543
1326 2447
1942 2447
1942 1543
GPU2 4
1942 1450
1942 1983
2986 1983
2986 1450
GPU3 4
2993 150
2993 1026
3628 1026
3628 150
GPU4 4
1326 150
1326 890
2078 890
2078 150
NPU0 4
1225 2447
1225 3173
1616 3173
1616 2447
NPU1 4
1942 1983
1942 2564
2919 2564
2919 1983
NPU2 4
1616 2564
1616 3218
2483 3218
2483 2564
DSP 4
164 2911
164 3819
759 3819
759 2911
VIDEO 4
164 1893
164 2911
1225 2911
1225 1893
MODEM 4
164 150
164 1893
1326 1893
1326 150
ISP 4
2919 3081
2919 4000
3654 4000
3654 3081
