HPWL 26653500.0
SOFTMODULE 16
MCL 4
2302 2878
2302 3733
2755 3733
2755 2878
DCL 4
451 976
451 2333
1589 2333
1589 976
GNA 4
451 2439
451 3166
1619 3166
1619 2439
IPU 4
451 304
451 976
1713 976
1713 304
MCC 4
1589 1081
1589 2439
2302 2439
2302 1081
CPU0 4
3636 1336
3636 2473
4594 2473
4594 1336
CPU1 4
3220 304
3220 1336
4276 1336
4276 304
RA 4
3008 2493
3008 3333
4593 3333
4593 2493
ME0 4
3008 1336
3008 2493
3636 2493
3636 1336
ME1 4
2283 304
2283 1079
3220 1079
3220 304
GAM 4
1713 729
1713 1081
2229 1081
2229 729
TMU0 4
2302 2451
2302 2878
2983 2878
2983 2451
TMU1 4
1619 2439
1619 2902
2247 2902
2247 2439
EU0 4
2983 3333
2983 3687
3667 3687
3667 3333
EU1 4
1713 304
1713 729
2283 729
2283 304
GCL 4
2302 1079
2302 2451
3008 2451
3008 1079
