HPWL 24889029.0
SOFTMODULE 16
M0 5
1581 1302
1581 1579
1951 1579
1951 1302
1582 1302
M1 9
504 1473
504 2002
1013 2002
1013 1993
911 1993
911 1482
829 1482
829 1473
505 1473
M2 66
1295 1266
1295 1267
1287 1267
1287 1269
1286 1269
1286 1273
1285 1273
1285 1274
1284 1274
1284 1276
1283 1276
1283 1279
1282 1279
1282 1282
1281 1282
1281 1283
1280 1283
1280 1286
1278 1286
1278 1288
1276 1288
1276 1290
1275 1290
1275 1292
1271 1292
1271 1293
1270 1293
1270 1295
1269 1295
1269 1294
1267 1294
1267 1272
1266 1272
1266 1273
1265 1273
1265 1276
1263 1276
1263 1277
1262 1277
1262 1287
1261 1287
1261 1297
1259 1297
1259 1298
1251 1298
1251 1299
1247 1299
1247 1302
1244 1302
1244 1482
1227 1482
1227 1483
1225 1483
1225 1493
1581 1493
1581 1302
1301 1302
1301 1287
1300 1287
1300 1284
1298 1284
1298 1281
1297 1281
1297 1273
1296 1273
1296 1266
M3 19
1295 900
1295 910
1301 910
1301 1247
1295 1247
1295 1266
1296 1266
1296 1273
1297 1273
1297 1281
1298 1281
1298 1284
1300 1284
1300 1287
1301 1287
1301 1302
2099 1302
2099 900
1296 900
M4 5
1225 1493
1225 1989
1581 1989
1581 1493
1226 1493
M5 51
896 910
896 1247
1259 1247
1259 1255
1262 1255
1262 1256
1265 1256
1265 1258
1266 1258
1266 1259
1267 1259
1267 1261
1269 1261
1269 1266
1268 1266
1268 1268
1267 1268
1267 1294
1269 1294
1269 1295
1270 1295
1270 1293
1271 1293
1271 1292
1275 1292
1275 1290
1276 1290
1276 1288
1278 1288
1278 1286
1280 1286
1280 1283
1281 1283
1281 1282
1282 1282
1282 1279
1283 1279
1283 1276
1284 1276
1284 1274
1285 1274
1285 1273
1286 1273
1286 1269
1287 1269
1287 1267
1295 1267
1295 1247
1301 1247
1301 910
897 910
M6 45
504 650
504 1194
829 1194
829 1196
853 1196
853 1197
871 1197
871 1198
880 1198
880 1199
877 1199
877 1206
875 1206
875 1207
865 1207
865 1219
860 1219
860 1220
858 1220
858 1221
856 1221
856 1225
855 1225
855 1230
853 1230
853 1231
852 1231
852 1232
851 1232
851 1234
850 1234
850 1237
847 1237
847 1241
846 1241
846 1243
845 1243
845 1244
844 1244
844 1246
845 1246
845 1247
896 1247
896 650
505 650
M7 7
1581 1823
1581 1989
1529 1989
1529 2008
1899 2008
1899 1823
1582 1823
M8 5
896 650
896 910
1026 910
1026 650
897 650
M9 7
911 1482
911 1993
1286 1993
1286 1989
1225 1989
1225 1482
912 1482
M10 5
1026 650
1026 910
1276 910
1276 650
1027 650
M11 47
1951 1302
1951 1579
1950 1579
1950 1826
1934 1826
1934 1827
1928 1827
1928 1828
1922 1828
1922 1829
1920 1829
1920 1835
1921 1835
1921 1838
1923 1838
1923 1848
1924 1848
1924 1849
1927 1849
1927 1850
1931 1850
1931 1851
1935 1851
1935 1859
1936 1859
1936 1861
1937 1861
1937 1862
1939 1862
1939 1866
1940 1866
1940 1868
1942 1868
1942 1870
1944 1870
1944 1871
1945 1871
1945 1872
1949 1872
1949 1892
1899 1892
1899 1946
1900 1946
1900 1940
2251 1940
2251 1302
1952 1302
M12 45
504 1194
504 1430
829 1430
829 1247
845 1247
845 1246
844 1246
844 1244
845 1244
845 1243
846 1243
846 1241
847 1241
847 1237
850 1237
850 1234
851 1234
851 1232
852 1232
852 1231
853 1231
853 1230
855 1230
855 1225
856 1225
856 1221
858 1221
858 1220
860 1220
860 1219
865 1219
865 1207
875 1207
875 1206
877 1206
877 1199
880 1199
880 1198
871 1198
871 1197
853 1197
853 1196
829 1196
829 1194
505 1194
M13 41
829 1247
829 1482
1225 1482
1225 1483
1227 1483
1227 1482
1244 1482
1244 1302
1247 1302
1247 1299
1251 1299
1251 1298
1259 1298
1259 1297
1261 1297
1261 1287
1262 1287
1262 1277
1263 1277
1263 1276
1265 1276
1265 1273
1266 1273
1266 1272
1267 1272
1267 1268
1268 1268
1268 1266
1269 1266
1269 1261
1267 1261
1267 1259
1266 1259
1266 1258
1265 1258
1265 1256
1262 1256
1262 1255
1259 1255
1259 1247
830 1247
M14 43
1581 1579
1581 1823
1899 1823
1899 1892
1949 1892
1949 1872
1945 1872
1945 1871
1944 1871
1944 1870
1942 1870
1942 1868
1940 1868
1940 1866
1939 1866
1939 1862
1937 1862
1937 1861
1936 1861
1936 1859
1935 1859
1935 1851
1931 1851
1931 1850
1927 1850
1927 1849
1924 1849
1924 1848
1923 1848
1923 1838
1921 1838
1921 1835
1920 1835
1920 1829
1922 1829
1922 1828
1928 1828
1928 1827
1934 1827
1934 1826
1950 1826
1950 1579
1582 1579
M15 7
1276 650
1276 910
1295 910
1295 900
1481 900
1481 650
1277 650
