HPWL 22257050.0
SOFTMODULE 16
MCL 15
401 2644
401 3300
870 3300
870 3532
1015 3532
1015 2649
1014 2649
1014 2648
1013 2648
1013 2647
1012 2647
1012 2645
1009 2645
1009 2644
402 2644
DCL 21
1060 1925
1060 2644
1052 2644
1052 2744
1015 2744
1015 3532
904 3532
904 3619
1500 3619
1500 3300
2118 3300
2118 3298
2153 3298
2153 3297
2172 3297
2172 3296
2183 3296
2183 3295
2187 3295
2187 1925
1061 1925
GNA 9
2161 1908
2161 1915
2154 1915
2154 1925
2187 1925
2187 2736
3213 2736
3213 1908
2162 1908
IPU 19
401 1358
401 2644
1009 2644
1009 2645
1012 2645
1012 2647
1013 2647
1013 2648
1014 2648
1014 2649
1015 2649
1015 2744
1052 2744
1052 2644
1060 2644
1060 1925
1094 1925
1094 1358
402 1358
MCC 17
3213 2558
3213 2736
2187 2736
2187 3295
2183 3295
2183 3296
2172 3296
2172 3297
2153 3297
2153 3298
2118 3298
2118 3300
2150 3300
2150 3675
3218 3675
3218 2558
3214 2558
CPU0 5
3221 325
3221 1105
4618 1105
4618 325
3222 325
CPU1 5
3221 2058
3221 2838
4618 2838
4618 2058
3222 2058
RA 5
3221 1105
3221 2058
4618 2058
4618 1105
3222 1105
ME0 5
1096 325
1096 1010
2156 1010
2156 325
1097 325
ME1 11
2971 967
2971 997
2919 997
2919 1227
2156 1227
2156 1224
2154 1224
2154 1908
3221 1908
3221 967
2972 967
GAM 5
2156 325
2156 846
2505 846
2505 325
2157 325
TMU0 63
401 325
401 743
795 743
795 746
800 746
800 748
802 748
802 750
803 750
803 751
804 751
804 753
805 753
805 767
806 767
806 770
807 770
807 773
808 773
808 777
809 777
809 780
810 780
810 782
812 782
812 788
814 788
814 789
816 789
816 791
827 791
827 792
829 792
829 793
853 793
853 794
901 794
901 795
911 795
911 796
928 796
928 799
931 799
931 802
932 802
932 805
933 805
933 851
934 851
934 901
954 901
954 902
955 902
955 903
957 903
957 904
958 904
958 905
1094 905
1094 788
1096 788
1096 325
402 325
TMU1 5
2156 846
2156 1227
2919 1227
2919 846
2157 846
EU0 61
401 743
401 1358
1094 1358
1094 905
958 905
958 904
957 904
957 903
955 903
955 902
954 902
954 901
934 901
934 851
933 851
933 805
932 805
932 802
931 802
931 799
928 799
928 796
911 796
911 795
901 795
901 794
853 794
853 793
829 793
829 792
827 792
827 791
816 791
816 789
814 789
814 788
812 788
812 782
810 782
810 780
809 780
809 777
808 777
808 773
807 773
807 770
806 770
806 767
805 767
805 753
804 753
804 751
803 751
803 750
802 750
802 748
800 748
800 746
795 746
795 743
402 743
EU1 7
2505 325
2505 846
2919 846
2919 997
2971 997
2971 325
2506 325
GCL 13
1094 788
1094 1925
2154 1925
2154 1915
2161 1915
2161 1908
2154 1908
2154 1224
2156 1224
2156 1010
1096 1010
1096 788
1095 788
