HPWL 158878426.0
SOFTMODULE 15
COM 143
8018 330
8018 2824
8017 2824
8017 2855
8016 2855
8016 2856
8015 2856
8015 2896
8014 2896
8014 2900
8012 2900
8012 2901
8005 2901
8005 2902
8004 2902
8004 2903
8003 2903
8003 2910
8002 2910
8002 2911
8001 2911
8001 2914
7999 2914
7999 2918
7998 2918
7998 2922
7997 2922
7997 2945
7999 2945
7999 2962
8001 2962
8001 2970
8002 2970
8002 2974
8003 2974
8003 2977
8008 2977
8008 2991
8010 2991
8010 2996
8012 2996
8012 3004
8014 3004
8014 3005
8016 3005
8016 3014
8017 3014
8017 3016
8018 3016
8018 3350
7996 3350
7996 3470
8021 3470
8021 4421
7778 4421
7778 4515
7783 4515
7783 4519
7784 4519
7784 4524
7785 4524
7785 4525
7790 4525
7790 4526
7791 4526
7791 4527
7793 4527
7793 4533
7801 4533
7801 4534
7802 4534
7802 4535
7807 4535
7807 4536
7833 4536
7833 4537
7842 4537
7842 4538
7852 4538
7852 4539
7853 4539
7853 4541
7879 4541
7879 4542
7911 4542
7911 4543
7954 4543
7954 4544
7957 4544
7957 4545
7964 4545
7964 4546
7970 4546
7970 4547
8007 4547
8007 4548
8010 4548
8010 4549
8013 4549
8013 4550
8018 4550
8018 4551
8021 4551
8021 4787
9259 4787
9259 4921
9313 4921
9313 4922
9421 4922
9421 4923
9506 4923
9506 4924
9720 4924
9720 4925
9861 4925
9861 4926
9898 4926
9898 4927
9966 4927
9966 4928
10036 4928
10036 4929
10079 4929
10079 4934
10080 4934
10080 4957
10081 4957
10081 4982
10082 4982
10082 5034
10083 5034
10083 5089
10084 5089
10084 5107
10085 5107
10085 5177
10086 5177
10086 5210
10087 5210
10087 5304
10265 5304
10265 330
8019 330
GPU 359
626 330
626 6410
3751 6410
3751 5079
3788 5079
3788 5078
3791 5078
3791 5077
3793 5077
3793 5076
3794 5076
3794 5075
3796 5075
3796 5071
3809 5071
3809 5070
3814 5070
3814 5069
3818 5069
3818 5068
3819 5068
3819 5067
3820 5067
3820 5066
3821 5066
3821 5064
3822 5064
3822 5063
3831 5063
3831 5062
3835 5062
3835 5061
3842 5061
3842 5060
3843 5060
3843 5059
3846 5059
3846 5057
3847 5057
3847 5056
3848 5056
3848 5055
3856 5055
3856 5053
3866 5053
3866 5051
3870 5051
3870 5049
3873 5049
3873 5048
3874 5048
3874 5047
3879 5047
3879 5045
3891 5045
3891 5043
3895 5043
3895 5042
3897 5042
3897 5040
3899 5040
3899 5039
3902 5039
3902 5037
3911 5037
3911 5036
3914 5036
3914 5035
3918 5035
3918 5034
3922 5034
3922 5033
3925 5033
3925 5031
3926 5031
3926 5030
3928 5030
3928 5029
3935 5029
3935 5028
3939 5028
3939 5027
3943 5027
3943 5026
3951 5026
3951 5025
3953 5025
3953 5024
3961 5024
3961 5022
3966 5022
3966 5021
3983 5021
3983 5020
3991 5020
3991 5019
4002 5019
4002 5018
4019 5018
4019 5016
4030 5016
4030 5015
4037 5015
4037 5014
4043 5014
4043 5013
4054 5013
4054 5012
4059 5012
4059 5011
4062 5011
4062 5010
4080 5010
4080 5009
4086 5009
4086 5008
4090 5008
4090 5006
4098 5006
4098 5005
4106 5005
4106 5003
4119 5003
4119 5002
4120 5002
4120 5001
4136 5001
4136 5000
4144 5000
4144 4999
4157 4999
4157 4995
4164 4995
4164 4994
4171 4994
4171 4993
4176 4993
4176 4991
4198 4991
4198 4987
4199 4987
4199 4986
4205 4986
4205 4985
4215 4985
4215 4982
4221 4982
4221 4981
4224 4981
4224 4980
4229 4980
4229 4978
4240 4978
4240 4975
4251 4975
4251 4974
4252 4974
4252 4970
4265 4970
4265 4966
4272 4966
4272 4961
4281 4961
4281 4960
4282 4960
4282 4958
4289 4958
4289 4946
4290 4946
4290 4943
4291 4943
4291 4937
4292 4937
4292 4936
4293 4936
4293 4935
4294 4935
4294 4934
4295 4934
4295 4932
4297 4932
4297 4931
4299 4931
4299 4928
4300 4928
4300 4926
4301 4926
4301 4925
4302 4925
4302 4924
3961 4924
3961 4916
3963 4916
3963 4915
3964 4915
3964 4913
3967 4913
3967 4912
3968 4912
3968 4911
3970 4911
3970 4910
3972 4910
3972 4909
3975 4909
3975 4906
3976 4906
3976 4904
3977 4904
3977 4902
3978 4902
3978 4900
3979 4900
3979 4896
3984 4896
3984 4895
3993 4895
3993 4894
3997 4894
3997 4888
4008 4888
4008 4882
4014 4882
4014 4881
4022 4881
4022 4878
4034 4878
4034 4876
4038 4876
4038 4875
4039 4875
4039 4874
4041 4874
4041 4872
4051 4872
4051 4870
4058 4870
4058 4869
4059 4869
4059 4868
4071 4868
4071 4865
4078 4865
4078 4862
4094 4862
4094 4861
4102 4861
4102 4858
4106 4858
4106 4857
4112 4857
4112 4856
4125 4856
4125 4854
4131 4854
4131 4853
4137 4853
4137 4852
4138 4852
4138 4851
4143 4851
4143 4850
4149 4850
4149 4849
4151 4849
4151 4848
4164 4848
4164 4846
4171 4846
4171 4845
4176 4845
4176 4844
4182 4844
4182 4843
4188 4843
4188 4842
4197 4842
4197 4841
4198 4841
4198 4840
4202 4840
4202 4838
4209 4838
4209 4837
4227 4837
4227 4836
4234 4836
4234 4835
4243 4835
4243 4834
4249 4834
4249 4833
4259 4833
4259 4832
4263 4832
4263 4830
4270 4830
4270 4829
4281 4829
4281 4828
4295 4828
4295 4827
4301 4827
4301 4826
4312 4826
4312 4825
4321 4825
4321 4824
4326 4824
4326 4822
4331 4822
4331 4821
4346 4821
4346 4820
4354 4820
4354 4819
4360 4819
4360 4818
4375 4818
4375 4817
4392 4817
4392 4816
4395 4816
4395 4815
4398 4815
4398 4814
4402 4814
4402 4813
4409 4813
4409 4812
4419 4812
4419 4811
4425 4811
4425 4810
4437 4810
4437 4809
4455 4809
4455 4807
4472 4807
4472 4805
4487 4805
4487 4803
4493 4803
4493 4802
4512 4802
4512 4801
4534 4801
4534 4769
4385 4769
4385 4768
4242 4768
4242 4767
4221 4767
4221 4766
3756 4766
3756 4763
3751 4763
3751 330
627 330
CPU 243
7778 4515
7778 4521
7781 4521
7781 5082
6894 5082
6894 5085
4841 5085
4841 4798
4840 4798
4840 4924
4302 4924
4302 4925
4301 4925
4301 4926
4300 4926
4300 4928
4299 4928
4299 4931
4297 4931
4297 4932
4295 4932
4295 4934
4294 4934
4294 4935
4293 4935
4293 4936
4292 4936
4292 4937
4291 4937
4291 4943
4290 4943
4290 4946
4289 4946
4289 4958
4282 4958
4282 4960
4281 4960
4281 4961
4272 4961
4272 4966
4265 4966
4265 4970
4252 4970
4252 4974
4251 4974
4251 4975
4240 4975
4240 4978
4229 4978
4229 4980
4224 4980
4224 4981
4221 4981
4221 4982
4215 4982
4215 4985
4205 4985
4205 4986
4199 4986
4199 4987
4198 4987
4198 4991
4176 4991
4176 4993
4171 4993
4171 4994
4164 4994
4164 4995
4157 4995
4157 4999
4144 4999
4144 5000
4136 5000
4136 5001
4120 5001
4120 5002
4119 5002
4119 5003
4106 5003
4106 5005
4098 5005
4098 5006
4090 5006
4090 5008
4086 5008
4086 5009
4080 5009
4080 5010
4062 5010
4062 5011
4059 5011
4059 5012
4054 5012
4054 5013
4043 5013
4043 5014
4037 5014
4037 5015
4030 5015
4030 5016
4019 5016
4019 5018
4002 5018
4002 5019
3991 5019
3991 5020
3983 5020
3983 5021
3966 5021
3966 5022
3961 5022
3961 5024
3953 5024
3953 5025
3951 5025
3951 5026
3943 5026
3943 5027
3939 5027
3939 5028
3935 5028
3935 5029
3928 5029
3928 5030
3926 5030
3926 5031
3925 5031
3925 5033
3922 5033
3922 5034
3918 5034
3918 5035
3914 5035
3914 5036
3911 5036
3911 5037
3902 5037
3902 5039
3899 5039
3899 5040
3897 5040
3897 5042
3895 5042
3895 5043
3891 5043
3891 5045
3879 5045
3879 5047
3874 5047
3874 5048
3873 5048
3873 5049
3870 5049
3870 5051
3866 5051
3866 5053
3856 5053
3856 5055
3848 5055
3848 5056
3847 5056
3847 5057
3846 5057
3846 5059
3843 5059
3843 5060
3842 5060
3842 5061
3835 5061
3835 5062
3831 5062
3831 5063
3822 5063
3822 5064
3821 5064
3821 5066
3820 5066
3820 5067
3819 5067
3819 5068
3818 5068
3818 5069
3814 5069
3814 5070
3809 5070
3809 5071
3796 5071
3796 5075
3794 5075
3794 5076
3793 5076
3793 5077
3791 5077
3791 5078
3788 5078
3788 5079
3751 5079
3751 9824
7984 9824
7984 9602
7972 9602
7972 5085
7817 5085
7817 4547
7970 4547
7970 4546
7964 4546
7964 4545
7957 4545
7957 4544
7954 4544
7954 4543
7911 4543
7911 4542
7879 4542
7879 4541
7853 4541
7853 4539
7852 4539
7852 4538
7842 4538
7842 4537
7833 4537
7833 4536
7807 4536
7807 4535
7802 4535
7802 4534
7801 4534
7801 4533
7793 4533
7793 4527
7791 4527
7791 4526
7790 4526
7790 4525
7785 4525
7785 4524
7784 4524
7784 4519
7783 4519
7783 4515
7779 4515
NPU 55
3751 330
3751 2744
7996 2744
7996 3350
8018 3350
8018 3016
8017 3016
8017 3014
8016 3014
8016 3005
8014 3005
8014 3004
8012 3004
8012 2996
8010 2996
8010 2991
8008 2991
8008 2977
8003 2977
8003 2974
8002 2974
8002 2970
8001 2970
8001 2962
7999 2962
7999 2945
7997 2945
7997 2922
7998 2922
7998 2918
7999 2918
7999 2914
8001 2914
8001 2911
8002 2911
8002 2910
8003 2910
8003 2903
8004 2903
8004 2902
8005 2902
8005 2901
8012 2901
8012 2900
8014 2900
8014 2896
8015 2896
8015 2856
8016 2856
8016 2855
8017 2855
8017 2824
8018 2824
8018 330
3752 330
IS0 5
626 6410
626 9290
3751 9290
3751 6410
627 6410
IS1 25
7972 6155
7972 7798
8887 7798
8887 7935
9133 7935
9133 7936
9223 7936
9223 7937
9268 7937
9268 7939
9432 7939
9432 7940
9984 7940
9984 7941
10291 7941
10291 7942
10356 7942
10356 7943
10628 7943
10628 7944
10647 7944
10647 7808
10711 7808
10711 6155
7973 6155
H0 63
4841 3816
4841 5085
6894 5085
6894 5082
6890 5082
6890 4633
6894 4633
6894 4565
6893 4565
6893 4537
6892 4537
6892 4527
6891 4527
6891 4522
6890 4522
6890 4449
6891 4449
6891 4441
6892 4441
6892 4440
6893 4440
6893 4434
6894 4434
6894 4412
6892 4412
6892 4410
6891 4410
6891 4403
6890 4403
6890 4359
6891 4359
6891 4353
6892 4353
6892 4350
6893 4350
6893 4330
6894 4330
6894 4316
6893 4316
6893 4301
6892 4301
6892 4281
6891 4281
6891 4280
6892 4280
6892 4277
6891 4277
6891 4276
6890 4276
6890 4180
6894 4180
6894 3995
6893 3995
6893 3996
6891 3996
6891 3987
6892 3987
6892 3975
6891 3975
6891 3870
6890 3870
6890 3816
4842 3816
H1 173
3751 2744
3751 4763
3756 4763
3756 4766
4221 4766
4221 4767
4242 4767
4242 4768
4385 4768
4385 4769
4534 4769
4534 4801
4512 4801
4512 4802
4493 4802
4493 4803
4487 4803
4487 4805
4472 4805
4472 4807
4455 4807
4455 4809
4437 4809
4437 4810
4425 4810
4425 4811
4419 4811
4419 4812
4409 4812
4409 4813
4402 4813
4402 4814
4398 4814
4398 4815
4395 4815
4395 4816
4392 4816
4392 4817
4375 4817
4375 4818
4360 4818
4360 4819
4354 4819
4354 4820
4346 4820
4346 4821
4331 4821
4331 4822
4326 4822
4326 4824
4321 4824
4321 4825
4312 4825
4312 4826
4301 4826
4301 4827
4295 4827
4295 4828
4281 4828
4281 4829
4270 4829
4270 4830
4263 4830
4263 4832
4259 4832
4259 4833
4249 4833
4249 4834
4243 4834
4243 4835
4234 4835
4234 4836
4227 4836
4227 4837
4209 4837
4209 4838
4202 4838
4202 4840
4198 4840
4198 4841
4197 4841
4197 4842
4188 4842
4188 4843
4182 4843
4182 4844
4176 4844
4176 4845
4171 4845
4171 4846
4164 4846
4164 4848
4151 4848
4151 4849
4149 4849
4149 4850
4143 4850
4143 4851
4138 4851
4138 4852
4137 4852
4137 4853
4131 4853
4131 4854
4125 4854
4125 4856
4112 4856
4112 4857
4106 4857
4106 4858
4102 4858
4102 4861
4094 4861
4094 4862
4078 4862
4078 4865
4071 4865
4071 4868
4059 4868
4059 4869
4058 4869
4058 4870
4051 4870
4051 4872
4041 4872
4041 4874
4039 4874
4039 4875
4038 4875
4038 4876
4034 4876
4034 4878
4022 4878
4022 4881
4014 4881
4014 4882
4008 4882
4008 4888
3997 4888
3997 4894
3993 4894
3993 4895
3984 4895
3984 4896
3979 4896
3979 4900
3978 4900
3978 4902
3977 4902
3977 4904
3976 4904
3976 4906
3975 4906
3975 4909
3972 4909
3972 4910
3970 4910
3970 4911
3968 4911
3968 4912
3967 4912
3967 4913
3964 4913
3964 4915
3963 4915
3963 4916
3961 4916
3961 4924
4840 4924
4840 4798
4841 4798
4841 2744
3752 2744
H2 23
4841 2744
4841 3816
6890 3816
6890 3870
6891 3870
6891 3975
6892 3975
6892 3987
6891 3987
6891 3996
6893 3996
6893 3995
6894 3995
6894 3921
6893 3921
6893 3865
6894 3865
6894 3864
6893 3864
6893 3862
6894 3862
6894 2744
4842 2744
U0 47
6890 4180
6890 4276
6891 4276
6891 4277
6892 4277
6892 4280
6891 4280
6891 4281
6892 4281
6892 4301
6893 4301
6893 4316
6894 4316
6894 4330
6893 4330
6893 4350
6892 4350
6892 4353
6891 4353
6891 4359
6890 4359
6890 4403
6891 4403
6891 4410
6892 4410
6892 4412
6894 4412
6894 4434
6893 4434
6893 4440
6892 4440
6892 4441
6891 4441
6891 4449
6890 4449
6890 4522
6891 4522
6891 4527
6892 4527
6892 4537
6893 4537
6893 4565
6894 4565
6894 4633
7778 4633
7778 4180
6891 4180
D0 15
6894 3470
6894 3862
6893 3862
6893 3864
6894 3864
6894 3865
6893 3865
6893 3921
6894 3921
6894 4180
7778 4180
7778 4421
8021 4421
8021 3470
6895 3470
D1 5
6894 2744
6894 3470
7996 3470
7996 2744
6895 2744
E0 5
7972 7798
7972 9602
8887 9602
8887 7798
7973 7798
A0 7
7778 4521
7778 4633
6890 4633
6890 5082
7781 5082
7781 4521
7779 4521
PW0 17
7817 4547
7817 5085
7972 5085
7972 6155
9259 6155
9259 4787
8021 4787
8021 4551
8018 4551
8018 4550
8013 4550
8013 4549
8010 4549
8010 4548
8007 4548
8007 4547
7818 4547
