HPWL 2001915.0
SOFTMODULE 28
M0 9
742 245
742 669
1252 669
1252 664
1220 664
1220 250
1252 250
1252 245
743 245
M1 9
1252 664
1252 669
1093 669
1093 1000
1698 1000
1698 669
1462 669
1462 664
1253 664
M2 5
1093 1000
1093 1328
1703 1328
1703 1000
1094 1000
M3 9
727 1328
727 1718
1240 1718
1240 1647
1241 1647
1241 1353
1267 1353
1267 1328
728 1328
M4 47
593 1963
593 1964
594 1964
594 1965
593 1965
593 1972
594 1972
594 1973
595 1973
595 2150
594 2150
594 2159
595 2159
595 2207
594 2207
594 2208
595 2208
595 2209
594 2209
594 2221
595 2221
595 2306
594 2306
594 2307
595 2307
595 2309
594 2309
594 2312
595 2312
595 2403
472 2403
472 2589
473 2589
473 2587
474 2587
474 2581
483 2581
483 2583
583 2583
583 2585
589 2585
589 2586
594 2586
594 2588
915 2588
915 1963
594 1963
M5 89
193 1350
193 1900
595 1900
595 1716
602 1716
602 1715
604 1715
604 1711
606 1711
606 1710
612 1710
612 1709
621 1709
621 1706
625 1706
625 1701
627 1701
627 1700
637 1700
637 1693
640 1693
640 1688
652 1688
652 1680
664 1680
664 1679
677 1679
677 1674
676 1674
676 1673
673 1673
673 1671
672 1671
672 1669
671 1669
671 1667
670 1667
670 1666
645 1666
645 1665
635 1665
635 1663
634 1663
634 1660
626 1660
626 1655
615 1655
615 1651
613 1651
613 1650
611 1650
611 1646
607 1646
607 1644
603 1644
603 1639
595 1639
595 1402
405 1402
405 1401
404 1401
404 1399
403 1399
403 1398
402 1398
402 1397
398 1397
398 1396
394 1396
394 1395
393 1395
393 1384
383 1384
383 1372
381 1372
381 1370
374 1370
374 1363
375 1363
375 1358
370 1358
370 1354
372 1354
372 1353
373 1353
373 1351
368 1351
368 1350
194 1350
M6 11
473 657
473 659
464 659
464 660
416 660
416 1080
903 1080
903 669
742 669
742 657
474 657
M7 17
447 250
447 591
482 591
482 594
485 594
485 595
489 595
489 599
496 599
496 601
511 601
511 609
512 609
512 657
742 657
742 250
448 250
M8 5
1220 250
1220 664
1462 664
1462 250
1221 250
M9 5
1462 250
1462 669
1701 669
1701 250
1463 250
M10 5
1698 669
1698 975
2025 975
2025 669
1699 669
M11 5
1969 975
1969 1353
2234 1353
2234 975
1970 975
M12 9
1698 975
1698 1000
1703 1000
1703 1328
1631 1328
1631 1353
1969 1353
1969 975
1699 975
M13 7
1004 1718
1004 1963
915 1963
915 2140
1241 2140
1241 1718
1005 1718
M14 51
697 1664
697 1665
695 1665
695 1666
670 1666
670 1667
671 1667
671 1669
672 1669
672 1671
673 1671
673 1673
676 1673
676 1674
677 1674
677 1679
664 1679
664 1680
652 1680
652 1688
640 1688
640 1693
637 1693
637 1700
627 1700
627 1701
625 1701
625 1706
621 1706
621 1709
612 1709
612 1710
606 1710
606 1711
604 1711
604 1715
602 1715
602 1716
595 1716
595 1963
1004 1963
1004 1718
727 1718
727 1666
710 1666
710 1664
707 1664
707 1665
706 1665
706 1664
698 1664
M15 17
474 2581
474 2587
473 2587
473 2589
472 2589
472 2899
915 2899
915 2588
594 2588
594 2586
589 2586
589 2585
583 2585
583 2583
483 2583
483 2581
475 2581
M16 23
193 2150
193 2403
595 2403
595 2312
594 2312
594 2309
595 2309
595 2307
594 2307
594 2306
595 2306
595 2221
594 2221
594 2209
595 2209
595 2208
594 2208
594 2207
595 2207
595 2159
594 2159
594 2150
194 2150
M17 15
193 1900
193 2150
595 2150
595 1973
594 1973
594 1972
593 1972
593 1965
594 1965
594 1964
593 1964
593 1963
595 1963
595 1900
194 1900
M18 45
143 1080
143 1461
193 1461
193 1350
368 1350
368 1351
373 1351
373 1353
372 1353
372 1354
370 1354
370 1358
375 1358
375 1363
374 1363
374 1370
381 1370
381 1372
383 1372
383 1384
393 1384
393 1395
394 1395
394 1396
398 1396
398 1397
402 1397
402 1398
403 1398
403 1399
404 1399
404 1401
405 1401
405 1402
722 1402
722 1420
725 1420
725 1422
727 1422
727 1080
416 1080
416 1093
193 1093
193 1080
144 1080
M19 5
193 644
193 1093
416 1093
416 644
194 644
M20 23
193 250
193 644
416 644
416 660
464 660
464 659
473 659
473 657
512 657
512 609
511 609
511 601
496 601
496 599
489 599
489 595
485 595
485 594
482 594
482 591
447 591
447 250
194 250
M21 31
903 933
903 1080
901 1080
901 1093
1021 1093
1021 1099
1026 1099
1026 1108
1027 1108
1027 1109
1026 1109
1026 1113
1027 1113
1027 1114
1030 1114
1030 1120
1032 1120
1032 1130
1036 1130
1036 1137
1037 1137
1037 1142
1036 1142
1036 1146
1038 1146
1038 1154
1041 1154
1041 1155
1093 1155
1093 933
904 933
M22 37
595 1402
595 1639
603 1639
603 1644
607 1644
607 1646
611 1646
611 1650
613 1650
613 1651
615 1651
615 1655
626 1655
626 1660
634 1660
634 1663
635 1663
635 1665
645 1665
645 1666
695 1666
695 1665
697 1665
697 1664
706 1664
706 1665
707 1665
707 1664
710 1664
710 1666
727 1666
727 1422
725 1422
725 1420
722 1420
722 1402
596 1402
M23 5
903 669
903 933
1093 933
1093 669
904 669
M24 7
727 1080
727 1319
949 1319
949 1093
901 1093
901 1080
728 1080
M25 17
1267 1329
1267 1353
1241 1353
1241 1647
1240 1647
1240 1718
1241 1718
1241 2140
944 2140
944 2183
2446 2183
2446 1329
2234 1329
2234 1353
1631 1353
1631 1329
1268 1329
M26 7
2446 2182
2446 2183
915 2183
915 2960
2460 2960
2460 2182
2447 2182
M27 29
949 1093
949 1285
1045 1285
1045 1155
1041 1155
1041 1154
1038 1154
1038 1146
1036 1146
1036 1142
1037 1142
1037 1137
1036 1137
1036 1130
1032 1130
1032 1120
1030 1120
1030 1114
1027 1114
1027 1113
1026 1113
1026 1109
1027 1109
1027 1108
1026 1108
1026 1099
1021 1099
1021 1093
950 1093
