HPWL 44132550.0
SOFTMODULE 21
GPC0 9
150 341
150 550
98 550
98 700
150 700
150 875
855 875
855 341
151 341
GPC1 5
855 390
855 826
1639 826
1639 390
856 390
GPC2 55
855 826
855 875
803 875
803 1165
846 1165
846 1181
845 1181
845 1187
844 1187
844 1189
843 1189
843 1192
842 1192
842 1196
841 1196
841 1197
838 1197
838 1202
837 1202
837 1203
836 1203
836 1205
834 1205
834 1219
833 1219
833 1220
827 1220
827 1221
823 1221
823 1222
820 1222
820 1231
819 1231
819 1233
815 1233
815 1242
810 1242
810 1243
807 1243
807 1248
804 1248
804 1269
811 1269
811 1270
822 1270
822 1271
825 1271
825 1272
835 1272
835 1273
837 1273
837 1274
1618 1274
1618 826
856 826
GPC3 53
793 1165
793 1690
1618 1690
1618 1274
837 1274
837 1273
835 1273
835 1272
825 1272
825 1271
822 1271
822 1270
811 1270
811 1269
804 1269
804 1248
807 1248
807 1243
810 1243
810 1242
815 1242
815 1233
819 1233
819 1231
820 1231
820 1222
823 1222
823 1221
827 1221
827 1220
833 1220
833 1219
834 1219
834 1205
836 1205
836 1203
837 1203
837 1202
838 1202
838 1197
841 1197
841 1196
842 1196
842 1192
843 1192
843 1189
844 1189
844 1187
845 1187
845 1181
846 1181
846 1165
794 1165
GPC4 25
1639 390
1639 826
2195 826
2195 806
2461 806
2461 776
2463 776
2463 773
2466 773
2466 772
2473 772
2473 771
2478 771
2478 770
2481 770
2481 768
2484 768
2484 766
2487 766
2487 765
2493 765
2493 764
2511 764
2511 390
1640 390
GPC5 27
2511 522
2511 764
2493 764
2493 765
2487 765
2487 766
2484 766
2484 768
2481 768
2481 770
2478 770
2478 771
2473 771
2473 772
2466 772
2466 773
2463 773
2463 776
2461 776
2461 806
2195 806
2195 826
2235 826
2235 1366
2846 1366
2846 522
2512 522
GPC6 11
1615 1863
1615 2547
2242 2547
2242 2532
2197 2532
2197 1959
1618 1959
1618 1915
1617 1915
1617 1863
1616 1863
GPC7 9
1618 826
1618 1380
2390 1380
2390 1379
2394 1379
2394 1366
2235 1366
2235 826
1619 826
GPC8 7
2766 1807
2766 1959
2197 1959
2197 2532
2794 2532
2794 1807
2767 1807
CA0 11
150 875
150 1909
565 1909
565 2181
707 2181
707 2029
793 2029
793 1165
803 1165
803 875
151 875
CA1 17
2394 1366
2394 1379
2390 1379
2390 1380
1618 1380
1618 1690
1580 1690
1580 1959
1615 1959
1615 1863
1617 1863
1617 1915
1618 1915
1618 1959
2766 1959
2766 1366
2395 1366
CB 5
793 1690
793 2029
1471 2029
1471 1690
794 1690
TPC0 9
387 2377
387 2542
388 2542
388 2567
500 2567
500 2550
710 2550
710 2377
388 2377
TPC1 7
388 2210
388 2377
709 2377
709 2325
707 2325
707 2210
389 2210
TPC2 9
150 2358
150 2586
388 2586
388 2542
387 2542
387 2415
384 2415
384 2358
151 2358
TPC3 9
150 2133
150 2358
384 2358
384 2415
387 2415
387 2377
388 2377
388 2133
151 2133
TPC4 5
150 1909
150 2133
388 2133
388 1909
151 1909
TPC5 5
388 1909
388 2210
565 2210
565 1909
389 1909
CPC0 8
1499 2252
1499 2325
1114 2325
1114 2381
1110 2381
1110 2621
1500 2621
1500 2252
CPC1 17
1114 2029
1114 2311
1089 2311
1089 2314
1087 2314
1087 2315
1085 2315
1085 2381
1114 2381
1114 2325
1499 2325
1499 2252
1500 2252
1500 2381
1512 2381
1512 2029
1115 2029
CPC2 15
707 2029
707 2325
709 2325
709 2377
710 2377
710 2381
1085 2381
1085 2315
1087 2315
1087 2314
1089 2314
1089 2311
1114 2311
1114 2029
708 2029
