HPWL 71344750.0
SOFTMODULE 20
CPU0 45
2856 3264
2856 3290
2855 3290
2855 3485
2854 3485
2854 3519
2853 3519
2853 3668
2852 3668
2852 3719
2851 3719
2851 3753
2850 3753
2850 3765
2849 3765
2849 3783
2848 3783
2848 3793
2819 3793
2819 3794
2686 3794
2686 4073
2687 4073
2687 4074
2710 4074
2710 4075
2716 4075
2716 4076
2817 4076
2817 4077
2819 4077
2819 4078
2841 4078
2841 4079
2853 4079
2853 4080
2854 4080
2854 4142
2855 4142
2855 4190
2856 4190
2856 4257
3914 4257
3914 3264
2857 3264
CPU1 9
1827 1337
1827 2294
1727 2294
1727 2435
2276 2435
2276 1566
2171 1566
2171 1337
1828 1337
CPU2 13
1524 2587
1524 2781
993 2781
993 3298
992 3298
992 3300
991 3300
991 3312
990 3312
990 3341
1690 3341
1690 2587
1525 2587
CPU3 5
3057 2260
3057 2716
3914 2716
3914 2260
3058 2260
CPU4 5
236 1197
236 1623
539 1623
539 1197
237 1197
CPU5 5
539 1197
539 1623
842 1623
842 1197
540 1197
CPU6 5
993 2294
993 2781
1258 2781
1258 2294
994 2294
CPU7 5
1258 2294
1258 2781
1524 2781
1524 2294
1259 2294
GPU0 5
2958 150
2958 2260
4013 2260
4013 150
2959 150
GPU1 7
2171 857
2171 1566
2958 1566
2958 1034
2956 1034
2956 857
2172 857
GPU2 7
2171 150
2171 857
2956 857
2956 1034
2958 1034
2958 150
2172 150
GPU3 7
4013 150
4013 850
4795 850
4795 1028
4808 1028
4808 150
4014 150
GPU4 5
4013 850
4013 1561
4795 1561
4795 850
4014 850
NPU0 13
236 3265
236 3642
988 3642
988 3641
989 3641
989 3639
990 3639
990 3388
989 3388
989 3302
988 3302
988 3265
237 3265
NPU1 49
150 3489
150 3900
63 3900
63 4254
1163 4254
1163 3641
1150 3641
1150 3640
1148 3640
1148 3639
1140 3639
1140 3638
1132 3638
1132 3637
1124 3637
1124 3635
1122 3635
1122 3634
1119 3634
1119 3632
1116 3632
1116 3631
1111 3631
1111 3628
1110 3628
1110 3627
1102 3627
1102 3615
1101 3615
1101 3598
1100 3598
1100 3584
1099 3584
1099 3576
1098 3576
1098 3569
1097 3569
1097 3557
1096 3557
1096 3554
990 3554
990 3639
989 3639
989 3641
988 3641
988 3642
236 3642
236 3489
151 3489
NPU2 21
231 2515
231 3455
236 3455
236 3265
988 3265
988 3302
989 3302
989 3388
990 3388
990 3455
993 3455
993 3341
990 3341
990 3312
991 3312
991 3300
992 3300
992 3298
993 3298
993 2515
232 2515
DSP 9
231 1566
231 2515
993 2515
993 2294
842 2294
842 1623
236 1623
236 1566
232 1566
VIDEO 5
842 1197
842 2294
1827 2294
1827 1197
843 1197
MODEM 9
229 0
229 1197
2171 1197
2171 0
1800 0
1800 150
600 150
600 0
230 0
ISP 45
993 3341
993 3455
990 3455
990 3554
1096 3554
1096 3557
1097 3557
1097 3569
1098 3569
1098 3576
1099 3576
1099 3584
1100 3584
1100 3598
1101 3598
1101 3615
1102 3615
1102 3627
1110 3627
1110 3628
1111 3628
1111 3631
1116 3631
1116 3632
1119 3632
1119 3634
1122 3634
1122 3635
1124 3635
1124 3637
1132 3637
1132 3638
1140 3638
1140 3639
1148 3639
1148 3640
1150 3640
1150 3641
1163 3641
1163 4254
921 4254
921 4257
1900 4257
1900 3341
994 3341
