HPWL 166647470.0
SOFTMODULE 15
COM 495
6747 364
6747 2132
6744 2132
6744 2133
6740 2133
6740 2134
6736 2134
6736 2135
6734 2135
6734 2136
6732 2136
6732 2137
6728 2137
6728 2138
6724 2138
6724 2139
6720 2139
6720 2140
6718 2140
6718 2141
6714 2141
6714 2142
6710 2142
6710 2143
6707 2143
6707 2144
6703 2144
6703 2145
6701 2145
6701 2146
6697 2146
6697 2147
6692 2147
6692 2148
6689 2148
6689 2149
6685 2149
6685 2150
6680 2150
6680 2151
6678 2151
6678 2152
6673 2152
6673 2153
6669 2153
6669 2154
6665 2154
6665 2155
6661 2155
6661 2156
6658 2156
6658 2157
6652 2157
6652 2158
6649 2158
6649 2159
6646 2159
6646 2160
6641 2160
6641 2161
6637 2161
6637 2162
6634 2162
6634 2163
6630 2163
6630 2164
6626 2164
6626 2165
6623 2165
6623 2166
6620 2166
6620 2167
6616 2167
6616 2168
6615 2168
6615 2169
6611 2169
6611 2170
6608 2170
6608 2171
6606 2171
6606 2172
6603 2172
6603 2173
6601 2173
6601 2174
6600 2174
6600 2175
6598 2175
6598 2176
6596 2176
6596 2177
6595 2177
6595 2178
6594 2178
6594 2179
6593 2179
6593 2180
6592 2180
6592 2181
6591 2181
6591 2182
6592 2182
6592 2183
6591 2183
6591 2184
6590 2184
6590 2185
6589 2185
6589 2186
6588 2186
6588 2188
6587 2188
6587 2189
6586 2189
6586 2190
6585 2190
6585 2191
6584 2191
6584 2192
6585 2192
6585 2193
6584 2193
6584 2194
6583 2194
6583 2195
6582 2195
6582 2196
6581 2196
6581 2198
6580 2198
6580 2199
6579 2199
6579 2200
6578 2200
6578 2201
6576 2201
6576 2202
6575 2202
6575 2203
6574 2203
6574 2205
6573 2205
6573 2206
6572 2206
6572 2207
6571 2207
6571 2208
6569 2208
6569 2209
6568 2209
6568 2210
6567 2210
6567 2211
6565 2211
6565 2212
6564 2212
6564 2214
6563 2214
6563 2215
6561 2215
6561 2216
6559 2216
6559 2217
6558 2217
6558 2218
6556 2218
6556 2219
6554 2219
6554 2221
6552 2221
6552 2222
6553 2222
6553 2224
6551 2224
6551 2225
6552 2225
6552 2227
6747 2227
6747 2228
6547 2228
6547 2235
6747 2235
6747 3672
8258 3672
8258 4319
8622 4319
8622 4318
8621 4318
8621 4314
8620 4314
8620 4309
8619 4309
8619 4305
8618 4305
8618 4301
8617 4301
8617 4297
8616 4297
8616 4292
8615 4292
8615 4288
8614 4288
8614 4284
8613 4284
8613 4280
8612 4280
8612 4275
8611 4275
8611 4271
8610 4271
8610 4267
8609 4267
8609 4262
8608 4262
8608 4258
8607 4258
8607 4254
8606 4254
8606 4250
8605 4250
8605 4245
8604 4245
8604 4241
8603 4241
8603 4237
8602 4237
8602 4233
8601 4233
8601 4228
8600 4228
8600 4224
8599 4224
8599 4220
8598 4220
8598 4215
8597 4215
8597 4211
8596 4211
8596 4207
8595 4207
8595 4203
8594 4203
8594 4198
8593 4198
8593 4194
8592 4194
8592 4190
8591 4190
8591 4186
8590 4186
8590 4181
8589 4181
8589 4177
8588 4177
8588 4173
8587 4173
8587 4169
8586 4169
8586 4164
8585 4164
8585 4160
8584 4160
8584 4156
8583 4156
8583 4151
8582 4151
8582 4147
8581 4147
8581 4143
8580 4143
8580 4139
8579 4139
8579 4134
8578 4134
8578 4130
8577 4130
8577 4126
8576 4126
8576 4122
8575 4122
8575 4117
8574 4117
8574 4113
8573 4113
8573 4109
8572 4109
8572 4105
8571 4105
8571 4100
8570 4100
8570 4096
8569 4096
8569 4092
8568 4092
8568 4087
8567 4087
8567 4083
8566 4083
8566 4079
8565 4079
8565 4075
8564 4075
8564 4070
8563 4070
8563 4066
8562 4066
8562 4062
8561 4062
8561 4058
8560 4058
8560 4053
8559 4053
8559 4049
8558 4049
8558 4045
8557 4045
8557 4040
8556 4040
8556 4036
8555 4036
8555 4032
8554 4032
8554 4028
8553 4028
8553 4023
8552 4023
8552 4019
8551 4019
8551 4015
8550 4015
8550 4011
8549 4011
8549 4006
8548 4006
8548 4002
8547 4002
8547 3998
8546 3998
8546 3994
8545 3994
8545 3989
8544 3989
8544 3985
8543 3985
8543 3981
8542 3981
8542 3976
8541 3976
8541 3972
8540 3972
8540 3968
8539 3968
8539 3964
8538 3964
8538 3959
8537 3959
8537 3955
8536 3955
8536 3951
8535 3951
8535 3947
8534 3947
8534 3942
8533 3942
8533 3938
8532 3938
8532 3934
8531 3934
8531 3929
8530 3929
8530 3925
8529 3925
8529 3921
8528 3921
8528 3917
8527 3917
8527 3912
8526 3912
8526 3908
8525 3908
8525 3904
8524 3904
8524 3900
8523 3900
8523 3895
8522 3895
8522 3891
8521 3891
8521 3887
8520 3887
8520 3883
8519 3883
8519 3878
8518 3878
8518 3874
8517 3874
8517 3870
8516 3870
8516 3865
8515 3865
8515 3861
8514 3861
8514 3857
8513 3857
8513 3853
8512 3853
8512 3848
8511 3848
8511 3844
8510 3844
8510 3840
8509 3840
8509 3836
8508 3836
8508 3831
8507 3831
8507 3827
8506 3827
8506 3823
8505 3823
8505 3818
8504 3818
8504 3814
8503 3814
8503 3810
8502 3810
8502 3806
8501 3806
8501 3801
8500 3801
8500 3797
8499 3797
8499 3793
8498 3793
8498 3789
8497 3789
8497 3784
8496 3784
8496 3780
8495 3780
8495 3776
8494 3776
8494 3772
8493 3772
8493 3767
8492 3767
8492 3763
8491 3763
8491 3759
8490 3759
8490 3754
8489 3754
8489 3750
8488 3750
8488 3746
8487 3746
8487 3742
8486 3742
8486 3737
8485 3737
8485 3733
8484 3733
8484 3729
8483 3729
8483 3725
8482 3725
8482 3720
8481 3720
8481 3716
8480 3716
8480 3712
8479 3712
8479 3708
8478 3708
8478 3703
8477 3703
8477 3699
8476 3699
8476 3695
8475 3695
8475 3690
8474 3690
8474 3686
8473 3686
8473 3682
8472 3682
8472 3678
8471 3678
8471 3673
8470 3673
8470 3672
9770 3672
9770 364
6748 364
GPU 707
4474 5787
4474 5788
4475 5788
4475 5789
4476 5789
4476 5791
4477 5791
4477 5792
4478 5792
4478 5793
4479 5793
4479 5794
4480 5794
4480 5795
4481 5795
4481 5797
4482 5797
4482 5798
4483 5798
4483 5799
4484 5799
4484 5800
4485 5800
4485 5801
4486 5801
4486 5803
4487 5803
4487 5804
4488 5804
4488 5805
4489 5805
4489 5806
4490 5806
4490 5807
4491 5807
4491 5809
4492 5809
4492 5810
4493 5810
4493 5811
4494 5811
4494 5812
4495 5812
4495 5813
4496 5813
4496 5814
4497 5814
4497 5816
4498 5816
4498 5817
4499 5817
4499 5818
4500 5818
4500 5819
4501 5819
4501 5820
4502 5820
4502 5822
4503 5822
4503 5823
4504 5823
4504 5824
4505 5824
4505 5825
4506 5825
4506 5826
4507 5826
4507 5828
4508 5828
4508 5829
4509 5829
4509 5830
4510 5830
4510 5831
4511 5831
4511 5832
4512 5832
4512 5834
4513 5834
4513 5835
4514 5835
4514 5836
4515 5836
4515 5837
4516 5837
4516 5838
4517 5838
4517 5840
4518 5840
4518 5841
4519 5841
4519 5842
4520 5842
4520 5843
4521 5843
4521 5844
4522 5844
4522 5846
4523 5846
4523 5847
4524 5847
4524 5848
4525 5848
4525 5849
4526 5849
4526 5850
4527 5850
4527 5852
4528 5852
4528 5853
4529 5853
4529 5854
4530 5854
4530 5855
4531 5855
4531 5856
4532 5856
4532 5858
4533 5858
4533 5859
4534 5859
4534 5860
4535 5860
4535 5861
4536 5861
4536 5862
4537 5862
4537 5863
4538 5863
4538 5865
4539 5865
4539 5866
4540 5866
4540 5867
4541 5867
4541 5868
4542 5868
4542 5869
4543 5869
4543 5871
4544 5871
4544 5872
4545 5872
4545 5873
4546 5873
4546 5874
4547 5874
4547 5875
4548 5875
4548 5877
4549 5877
4549 5878
4550 5878
4550 5879
4551 5879
4551 5880
4552 5880
4552 5881
4553 5881
4553 5883
4554 5883
4554 5884
4555 5884
4555 5885
4556 5885
4556 5886
4557 5886
4557 5887
4558 5887
4558 5889
4559 5889
4559 5890
4560 5890
4560 5891
4561 5891
4561 5892
4562 5892
4562 5893
4563 5893
4563 5895
4564 5895
4564 5896
4565 5896
4565 5897
4566 5897
4566 5898
4567 5898
4567 5899
4568 5899
4568 5901
4569 5901
4569 5902
4570 5902
4570 5903
4571 5903
4571 5904
4572 5904
4572 5905
4573 5905
4573 5907
4574 5907
4574 5908
4575 5908
4575 5909
4576 5909
4576 5910
4577 5910
4577 5911
4578 5911
4578 5913
4579 5913
4579 5914
4580 5914
4580 5915
4581 5915
4581 5916
4582 5916
4582 5917
4583 5917
4583 5918
4584 5918
4584 5920
4585 5920
4585 5921
4586 5921
4586 5922
4587 5922
4587 5923
4588 5923
4588 5924
4589 5924
4589 5926
4590 5926
4590 5927
4591 5927
4591 5928
4592 5928
4592 5929
4593 5929
4593 5930
4594 5930
4594 5932
4595 5932
4595 5933
4596 5933
4596 5934
4597 5934
4597 5935
4598 5935
4598 5936
4599 5936
4599 5938
4600 5938
4600 5939
4601 5939
4601 5940
4602 5940
4602 5941
4603 5941
4603 5942
4604 5942
4604 5944
4605 5944
4605 5945
4606 5945
4606 5946
4607 5946
4607 5947
4608 5947
4608 5948
4609 5948
4609 5950
4610 5950
4610 5951
4611 5951
4611 5952
4612 5952
4612 5953
4613 5953
4613 5954
4614 5954
4614 5956
4615 5956
4615 5957
4616 5957
4616 5958
4617 5958
4617 5959
4618 5959
4618 5960
4619 5960
4619 5962
4620 5962
4620 5963
4621 5963
4621 5964
4622 5964
4622 5965
4623 5965
4623 5966
4624 5966
4624 5968
4625 5968
4625 5969
4626 5969
4626 5970
4627 5970
4627 5971
4628 5971
4628 5972
4629 5972
4629 5973
4630 5973
4630 5975
4631 5975
4631 5976
4632 5976
4632 5977
4633 5977
4633 5978
4634 5978
4634 5979
4635 5979
4635 5981
4636 5981
4636 5982
4637 5982
4637 5983
4638 5983
4638 5984
4639 5984
4639 5985
4640 5985
4640 5987
4641 5987
4641 5988
4642 5988
4642 5989
4643 5989
4643 5990
4644 5990
4644 5991
4645 5991
4645 5993
4646 5993
4646 5994
4647 5994
4647 5995
4648 5995
4648 5996
4649 5996
4649 5997
4650 5997
4650 5999
4651 5999
4651 6000
4652 6000
4652 6001
4653 6001
4653 6002
4654 6002
4654 6003
4655 6003
4655 6005
4656 6005
4656 6006
4657 6006
4657 6007
4658 6007
4658 6008
4659 6008
4659 6009
4660 6009
4660 6011
4661 6011
4661 6012
4662 6012
4662 6013
4663 6013
4663 6014
4664 6014
4664 6015
4665 6015
4665 6017
4666 6017
4666 6018
4667 6018
4667 6019
4668 6019
4668 6020
4669 6020
4669 6021
4670 6021
4670 6023
4671 6023
4671 6024
4672 6024
4672 6025
4673 6025
4673 6026
4674 6026
4674 6027
4675 6027
4675 6028
4676 6028
4676 6030
4677 6030
4677 6031
4678 6031
4678 6032
4679 6032
4679 6033
4680 6033
4680 6034
4681 6034
4681 6036
4682 6036
4682 6037
4683 6037
4683 6038
4684 6038
4684 6039
4685 6039
4685 6040
4686 6040
4686 6042
4687 6042
4687 6043
4688 6043
4688 6044
4689 6044
4689 6045
4690 6045
4690 6046
4691 6046
4691 6048
4692 6048
4692 6049
4693 6049
4693 6050
4694 6050
4694 6051
4695 6051
4695 6052
4696 6052
4696 6054
4697 6054
4697 6055
4698 6055
4698 6056
4699 6056
4699 6057
4700 6057
4700 6058
4701 6058
4701 6060
4702 6060
4702 6061
4703 6061
4703 6062
4704 6062
4704 6063
4705 6063
4705 6064
4706 6064
4706 6066
4707 6066
4707 6067
4708 6067
4708 6068
4709 6068
4709 6069
4710 6069
4710 6070
4711 6070
4711 6072
4712 6072
4712 6073
4713 6073
4713 6074
4714 6074
4714 6075
4715 6075
4715 6076
4716 6076
4716 6078
4717 6078
4717 6079
4718 6079
4718 6080
4719 6080
4719 6081
4720 6081
4720 6082
4721 6082
4721 6083
4722 6083
4722 6085
4723 6085
4723 6086
4724 6086
4724 6087
4725 6087
4725 6088
4726 6088
4726 6089
4727 6089
4727 6091
4728 6091
4728 6092
4729 6092
4729 6093
4730 6093
4730 6094
4731 6094
4731 6095
4732 6095
4732 6097
4733 6097
4733 6098
4734 6098
4734 6099
4735 6099
4735 6100
4736 6100
4736 6101
4737 6101
4737 6103
4738 6103
4738 6104
4739 6104
4739 6105
4740 6105
4740 6106
4741 6106
4741 6107
4742 6107
4742 6109
4743 6109
4743 6110
4744 6110
4744 6111
4745 6111
4745 6112
4746 6112
4746 6113
4747 6113
4747 6115
4748 6115
4748 6116
4749 6116
4749 6117
4750 6117
4750 6118
4751 6118
4751 6119
4752 6119
4752 6121
4753 6121
4753 6122
4754 6122
4754 6123
4755 6123
4755 6124
4756 6124
4756 6125
4757 6125
4757 6127
4758 6127
4758 6128
4759 6128
4759 6129
4760 6129
4760 6130
4761 6130
4761 6131
4762 6131
4762 6132
4763 6132
4763 6134
4764 6134
4764 6135
4765 6135
4765 6136
4766 6136
4766 6137
4767 6137
4767 6138
4768 6138
4768 6140
4769 6140
4769 6141
4770 6141
4770 6142
4771 6142
4771 6143
4772 6143
4772 6144
4773 6144
4773 6146
4774 6146
4774 6147
4775 6147
4775 6148
4776 6148
4776 6149
4777 6149
4777 6150
4778 6150
4778 6152
4779 6152
4779 6153
4780 6153
4780 6154
4781 6154
4781 6155
4782 6155
4782 6156
4783 6156
4783 6158
4784 6158
4784 6159
4785 6159
4785 6160
4786 6160
4786 6161
4787 6161
4787 6162
4788 6162
4788 6164
4789 6164
4789 6165
4790 6165
4790 6166
4791 6166
4791 6167
4792 6167
4792 6168
4793 6168
4793 6170
4794 6170
4794 6171
4795 6171
4795 6172
4796 6172
4796 6173
4797 6173
4797 6174
4798 6174
4798 6176
4799 6176
4799 6177
4800 6177
4800 6178
4801 6178
4801 6179
4802 6179
4802 6180
4803 6180
4803 6182
4804 6182
4804 6183
4805 6183
4805 6184
4806 6184
4806 6185
4807 6185
4807 6186
4808 6186
4808 6187
4809 6187
4809 6189
4810 6189
4810 6190
4811 6190
4811 6191
4812 6191
4812 6192
4813 6192
4813 6193
4814 6193
4814 6195
4815 6195
4815 6196
4816 6196
4816 6197
4817 6197
4817 6198
4818 6198
4818 6199
4819 6199
4819 6201
4820 6201
4820 6202
3538 6202
3538 7939
3535 7939
3535 7940
3538 7940
3538 9822
8787 9822
8787 6202
5129 6202
5129 5788
5127 5788
5127 5787
4475 5787
CPU 195
624 364
624 4404
5129 4404
5129 5137
5130 5137
5130 4787
5234 4787
5234 4788
5239 4788
5239 4789
5245 4789
5245 4790
5250 4790
5250 4791
5254 4791
5254 4792
5259 4792
5259 4793
5264 4793
5264 4794
5269 4794
5269 4795
5274 4795
5274 4796
5279 4796
5279 4797
5283 4797
5283 4798
5288 4798
5288 4799
5292 4799
5292 4800
5297 4800
5297 4801
5301 4801
5301 4802
5305 4802
5305 4803
5309 4803
5309 4804
5314 4804
5314 4805
5318 4805
5318 4806
5322 4806
5322 4807
5327 4807
5327 4808
5331 4808
5331 4809
5335 4809
5335 4810
5339 4810
5339 4811
5343 4811
5343 4812
5347 4812
5347 4813
5351 4813
5351 4814
5355 4814
5355 4815
5359 4815
5359 4816
5363 4816
5363 4817
5367 4817
5367 4818
5371 4818
5371 4819
5375 4819
5375 4820
5378 4820
5378 4821
5382 4821
5382 4822
5386 4822
5386 4823
5390 4823
5390 4824
5393 4824
5393 4825
5397 4825
5397 4826
5401 4826
5401 4827
5405 4827
5405 4828
5408 4828
5408 4829
5412 4829
5412 4830
5416 4830
5416 4831
5419 4831
5419 4832
5423 4832
5423 4833
5427 4833
5427 4834
5430 4834
5430 4835
5434 4835
5434 4836
5437 4836
5437 4837
5441 4837
5441 4838
5445 4838
5445 4839
5448 4839
5448 4840
5452 4840
5452 4841
5456 4841
5456 4842
5459 4842
5459 4843
5463 4843
5463 4844
5467 4844
5467 4845
5470 4845
5470 4846
5474 4846
5474 4847
5477 4847
5477 4848
5481 4848
5481 4849
5484 4849
5484 4850
5488 4850
5488 4851
5491 4851
5491 4852
5495 4852
5495 4853
5498 4853
5498 4854
5502 4854
5502 4855
5505 4855
5505 4856
5509 4856
5509 4857
5512 4857
5512 4858
5516 4858
5516 4859
5519 4859
5519 4860
5523 4860
5523 4861
5526 4861
5526 4862
5529 4862
5529 4863
5533 4863
5533 4864
5536 4864
5536 4865
5540 4865
5540 4866
5543 4866
5543 4867
5547 4867
5547 4868
5550 4868
5550 4869
5553 4869
5553 4870
5557 4870
5557 4871
5561 4871
5561 4872
5563 4872
5563 4871
5565 4871
5565 4870
5566 4870
5566 4869
5568 4869
5568 4868
5569 4868
5569 4867
5571 4867
5571 4866
5572 4866
5572 4865
5574 4865
5574 4864
5575 4864
5575 364
625 364
NPU 155
624 4404
624 7939
3538 7939
3538 6074
3545 6074
3545 6073
3555 6073
3555 6072
3566 6072
3566 6071
3577 6071
3577 6070
3588 6070
3588 6069
3599 6069
3599 6068
3610 6068
3610 6067
3621 6067
3621 6066
3631 6066
3631 6065
3642 6065
3642 6064
3653 6064
3653 6063
3664 6063
3664 6062
3675 6062
3675 6061
3686 6061
3686 6060
3697 6060
3697 6059
3707 6059
3707 6058
3718 6058
3718 6057
3729 6057
3729 6056
3740 6056
3740 6055
3751 6055
3751 6054
3762 6054
3762 6053
3773 6053
3773 6052
3783 6052
3783 6051
3794 6051
3794 6050
3805 6050
3805 6049
3816 6049
3816 6048
3827 6048
3827 6047
3838 6047
3838 6046
3849 6046
3849 6045
3859 6045
3859 6044
3870 6044
3870 6043
3881 6043
3881 6042
3892 6042
3892 6041
3903 6041
3903 6040
3914 6040
3914 6039
3925 6039
3925 6038
3935 6038
3935 6037
3946 6037
3946 6036
3957 6036
3957 6035
3968 6035
3968 6034
3979 6034
3979 6033
3990 6033
3990 6032
4001 6032
4001 6031
4011 6031
4011 6030
4022 6030
4022 6029
4033 6029
4033 6028
4044 6028
4044 6027
4055 6027
4055 6026
4066 6026
4066 6025
4077 6025
4077 6024
4087 6024
4087 6023
4098 6023
4098 6022
4109 6022
4109 6021
4120 6021
4120 6020
4131 6020
4131 6019
4142 6019
4142 6018
4153 6018
4153 6017
4163 6017
4163 6016
4174 6016
4174 6015
4185 6015
4185 6014
4196 6014
4196 6013
4207 6013
4207 6012
4218 6012
4218 6011
4229 6011
4229 6010
4240 6010
4240 6009
4250 6009
4250 6008
4261 6008
4261 6007
4272 6007
4272 6006
4283 6006
4283 6005
4294 6005
4294 6004
4305 6004
4305 6003
4316 6003
4316 6002
4326 6002
4326 6001
4337 6001
4337 5787
3538 5787
3538 4404
625 4404
IS0 662
9770 3591
9770 3672
8787 3672
8787 4972
8785 4972
8785 4971
8783 4971
8783 4970
8781 4970
8781 4969
8779 4969
8779 4968
8778 4968
8778 4967
8776 4967
8776 4966
8774 4966
8774 4965
8772 4965
8772 4964
8770 4964
8770 4963
8768 4963
8768 4962
8766 4962
8766 4961
8764 4961
8764 4960
8762 4960
8762 4959
8761 4959
8761 4958
8759 4958
8759 4957
8757 4957
8757 4956
8755 4956
8755 4955
8753 4955
8753 4954
8751 4954
8751 4953
8749 4953
8749 4952
8747 4952
8747 4951
8746 4951
8746 4950
8744 4950
8744 4949
8742 4949
8742 4948
8740 4948
8740 4947
8738 4947
8738 4946
8736 4946
8736 4945
8734 4945
8734 4944
8732 4944
8732 4943
8730 4943
8730 4942
8729 4942
8729 4941
8727 4941
8727 4940
8725 4940
8725 4939
8723 4939
8723 4938
8721 4938
8721 4937
8719 4937
8719 4936
8717 4936
8717 4935
8715 4935
8715 4934
8714 4934
8714 4933
8712 4933
8712 4932
8710 4932
8710 4931
8708 4931
8708 4930
8706 4930
8706 4929
8704 4929
8704 4928
8702 4928
8702 4927
8700 4927
8700 4926
8698 4926
8698 4925
8697 4925
8697 4924
8695 4924
8695 4923
8693 4923
8693 4922
8691 4922
8691 4921
8689 4921
8689 4920
8687 4920
8687 4919
8685 4919
8685 4918
8683 4918
8683 4917
8682 4917
8682 4916
8680 4916
8680 4915
8678 4915
8678 4914
8676 4914
8676 4913
8674 4913
8674 4912
8672 4912
8672 4911
8670 4911
8670 4910
8668 4910
8668 4909
8666 4909
8666 4908
8665 4908
8665 4907
8663 4907
8663 4906
8661 4906
8661 4905
8659 4905
8659 4904
8657 4904
8657 4903
8655 4903
8655 4902
8653 4902
8653 4901
8651 4901
8651 4900
8650 4900
8650 4899
8648 4899
8648 4898
8646 4898
8646 4897
8644 4897
8644 4896
8642 4896
8642 4895
8640 4895
8640 4894
8638 4894
8638 4893
8636 4893
8636 4892
8634 4892
8634 4891
8633 4891
8633 4890
8631 4890
8631 4889
8629 4889
8629 4888
8627 4888
8627 4887
8625 4887
8625 4886
8623 4886
8623 4885
8621 4885
8621 4884
8619 4884
8619 4883
8618 4883
8618 4882
8616 4882
8616 4881
8614 4881
8614 4880
8612 4880
8612 4879
8610 4879
8610 4878
8608 4878
8608 4877
8606 4877
8606 4876
8604 4876
8604 4875
8603 4875
8603 4874
8601 4874
8601 4873
8599 4873
8599 4872
8597 4872
8597 4871
8595 4871
8595 4870
8593 4870
8593 4869
8591 4869
8591 4868
8589 4868
8589 4867
8587 4867
8587 4866
8586 4866
8586 4865
8584 4865
8584 4864
8582 4864
8582 4863
8580 4863
8580 4862
8578 4862
8578 4861
8576 4861
8576 4860
8574 4860
8574 4859
8572 4859
8572 4858
8571 4858
8571 4857
8569 4857
8569 4856
8567 4856
8567 4855
8565 4855
8565 4854
8563 4854
8563 4853
8561 4853
8561 4852
8559 4852
8559 4851
8557 4851
8557 4850
8555 4850
8555 4849
8554 4849
8554 4848
8552 4848
8552 4847
8550 4847
8550 4846
8548 4846
8548 4845
8546 4845
8546 4844
8544 4844
8544 4843
8542 4843
8542 4842
8540 4842
8540 4841
8539 4841
8539 4840
8537 4840
8537 4839
8535 4839
8535 4838
8533 4838
8533 4837
8531 4837
8531 4836
8529 4836
8529 4835
8527 4835
8527 4834
8525 4834
8525 4833
8523 4833
8523 4832
8522 4832
8522 4831
8520 4831
8520 4830
8518 4830
8518 4829
8516 4829
8516 4828
8514 4828
8514 4827
8512 4827
8512 4826
8510 4826
8510 4825
8508 4825
8508 4824
8507 4824
8507 4823
8505 4823
8505 4822
8503 4822
8503 4821
8501 4821
8501 4820
8499 4820
8499 4819
8497 4819
8497 4818
8495 4818
8495 4817
8493 4817
8493 4816
8491 4816
8491 4815
8490 4815
8490 4814
8488 4814
8488 4813
8486 4813
8486 4812
8484 4812
8484 4811
8482 4811
8482 4810
8480 4810
8480 4809
8478 4809
8478 4808
8476 4808
8476 4807
8475 4807
8475 4806
8473 4806
8473 4805
8471 4805
8471 4804
8469 4804
8469 4803
8467 4803
8467 4802
8465 4802
8465 4801
8463 4801
8463 4800
8461 4800
8461 4799
8459 4799
8459 4798
8458 4798
8458 4797
8456 4797
8456 4796
8454 4796
8454 4795
8452 4795
8452 4794
8450 4794
8450 4793
8448 4793
8448 4792
8446 4792
8446 4791
8444 4791
8444 4790
8443 4790
8443 4789
8441 4789
8441 4788
8439 4788
8439 4787
8437 4787
8437 4786
8435 4786
8435 4785
8433 4785
8433 4784
8431 4784
8431 4783
8429 4783
8429 4782
8428 4782
8428 4781
8426 4781
8426 4780
8424 4780
8424 4779
8422 4779
8422 4778
8420 4778
8420 4777
8418 4777
8418 4776
8416 4776
8416 4775
8414 4775
8414 4774
8412 4774
8412 4773
8411 4773
8411 4772
8409 4772
8409 4771
8407 4771
8407 4770
8405 4770
8405 4769
8403 4769
8403 4768
8401 4768
8401 4767
8399 4767
8399 4766
8397 4766
8397 4765
8396 4765
8396 4764
8394 4764
8394 4763
8392 4763
8392 4762
8390 4762
8390 4761
8388 4761
8388 4760
8386 4760
8386 4759
8384 4759
8384 4758
8382 4758
8382 4757
8380 4757
8380 4756
8379 4756
8379 4755
8377 4755
8377 4754
8375 4754
8375 4753
8373 4753
8373 4752
8371 4752
8371 4751
8369 4751
8369 4750
8367 4750
8367 4749
8365 4749
8365 4748
8364 4748
8364 4747
8362 4747
8362 4746
8360 4746
8360 4745
8358 4745
8358 4744
8356 4744
8356 4743
8354 4743
8354 4742
8352 4742
8352 4741
8350 4741
8350 4740
8348 4740
8348 4739
8347 4739
8347 4738
8345 4738
8345 4737
8343 4737
8343 4736
8341 4736
8341 4735
8339 4735
8339 4734
8337 4734
8337 4733
8335 4733
8335 4732
8333 4732
8333 4731
8332 4731
8332 4730
8330 4730
8330 4729
8328 4729
8328 4728
8326 4728
8326 4727
8324 4727
8324 4726
8322 4726
8322 4725
8320 4725
8320 4724
8318 4724
8318 4723
8316 4723
8316 4722
8315 4722
8315 4721
8313 4721
8313 4720
8311 4720
8311 4719
8309 4719
8309 4718
8307 4718
8307 4717
8305 4717
8305 4716
8303 4716
8303 4715
8301 4715
8301 4714
8300 4714
8300 4713
8298 4713
8298 4712
8296 4712
8296 4711
8294 4711
8294 4710
8292 4710
8292 4709
8290 4709
8290 4708
8288 4708
8288 4707
8286 4707
8286 4706
8284 4706
8284 4705
8283 4705
8283 4704
8281 4704
8281 4703
8279 4703
8279 4702
8277 4702
8277 4701
8275 4701
8275 4700
8273 4700
8273 4699
8271 4699
8271 4698
8269 4698
8269 4697
8268 4697
8268 4696
8266 4696
8266 4695
8264 4695
8264 4694
8262 4694
8262 4693
8260 4693
8260 4692
8258 4692
8258 4691
8256 4691
8256 4690
8254 4690
8254 4689
8252 4689
8252 4688
8251 4688
8251 4687
8249 4687
8249 4686
8247 4686
8247 4685
8245 4685
8245 4684
8243 4684
8243 4683
8241 4683
8241 4682
8239 4682
8239 4681
8237 4681
8237 4680
8236 4680
8236 4679
8234 4679
8234 4678
8232 4678
8232 4677
8230 4677
8230 4676
8228 4676
8228 4675
8226 4675
8226 4674
8224 4674
8224 4673
8222 4673
8222 4672
8221 4672
8221 4671
8219 4671
8219 4670
8217 4670
8217 4669
8215 4669
8215 4668
8213 4668
8213 4667
8211 4667
8211 4666
8209 4666
8209 4665
8207 4665
8207 4664
8205 4664
8205 4663
8204 4663
8204 4662
8202 4662
8202 4661
8200 4661
8200 4660
8198 4660
8198 4659
8196 4659
8196 4658
8194 4658
8194 4657
8192 4657
8192 4656
8190 4656
8190 4655
8189 4655
8189 4654
8187 4654
8187 4653
8185 4653
8185 4652
8183 4652
8183 4651
8181 4651
8181 4650
8179 4650
8179 4649
8177 4649
8177 4648
8175 4648
8175 4647
8173 4647
8173 5135
8787 5135
8787 7334
11245 7334
11245 3672
9771 3672
9771 3591
IS1 97
8787 7334
8787 9822
8573 9822
8573 9823
8787 9823
8787 9826
10593 9826
10593 9275
10594 9275
10594 9276
10595 9276
10595 9277
10597 9277
10597 9278
10598 9278
10598 9279
10599 9279
10599 9280
10601 9280
10601 9281
10602 9281
10602 9282
10603 9282
10603 9283
10604 9283
10604 9284
10606 9284
10606 9285
10607 9285
10607 9286
10608 9286
10608 9287
10610 9287
10610 9288
10611 9288
10611 9289
10612 9289
10612 9290
10613 9290
10613 9291
10615 9291
10615 9292
10616 9292
10616 9293
10617 9293
10617 9294
10618 9294
10618 9295
10620 9295
10620 9296
10621 9296
10621 9297
10622 9297
10622 9298
10624 9298
10624 9299
10625 9299
10625 9300
10626 9300
10626 9301
10627 9301
10627 9302
10629 9302
10629 9303
10630 9303
10630 9304
10631 9304
10631 9305
10632 9305
10632 9306
10634 9306
10634 9307
10635 9307
10635 9308
10636 9308
10636 9309
10638 9309
10638 9310
10639 9310
10639 9311
10640 9311
10640 9312
10641 9312
10641 9313
10643 9313
10643 9314
10644 9314
10644 9315
10645 9315
10645 9316
10646 9316
10646 9317
10647 9317
10647 7808
10845 7808
10845 7334
8788 7334
H0 5
5575 2918
5575 5137
6747 5137
6747 2918
5576 2918
H1 5
3538 4404
3538 5787
5129 5787
5129 4404
3539 4404
H2 203
5130 4787
5130 5137
5129 5137
5129 5787
5127 5787
5127 5788
5129 5788
5129 6202
7195 6202
7195 5137
6797 5137
6797 5135
6747 5135
6747 5137
5575 5137
5575 4864
5574 4864
5574 4865
5572 4865
5572 4866
5571 4866
5571 4867
5569 4867
5569 4868
5568 4868
5568 4869
5566 4869
5566 4870
5565 4870
5565 4871
5563 4871
5563 4872
5561 4872
5561 4871
5557 4871
5557 4870
5553 4870
5553 4869
5550 4869
5550 4868
5547 4868
5547 4867
5543 4867
5543 4866
5540 4866
5540 4865
5536 4865
5536 4864
5533 4864
5533 4863
5529 4863
5529 4862
5526 4862
5526 4861
5523 4861
5523 4860
5519 4860
5519 4859
5516 4859
5516 4858
5512 4858
5512 4857
5509 4857
5509 4856
5505 4856
5505 4855
5502 4855
5502 4854
5498 4854
5498 4853
5495 4853
5495 4852
5491 4852
5491 4851
5488 4851
5488 4850
5484 4850
5484 4849
5481 4849
5481 4848
5477 4848
5477 4847
5474 4847
5474 4846
5470 4846
5470 4845
5467 4845
5467 4844
5463 4844
5463 4843
5459 4843
5459 4842
5456 4842
5456 4841
5452 4841
5452 4840
5448 4840
5448 4839
5445 4839
5445 4838
5441 4838
5441 4837
5437 4837
5437 4836
5434 4836
5434 4835
5430 4835
5430 4834
5427 4834
5427 4833
5423 4833
5423 4832
5419 4832
5419 4831
5416 4831
5416 4830
5412 4830
5412 4829
5408 4829
5408 4828
5405 4828
5405 4827
5401 4827
5401 4826
5397 4826
5397 4825
5393 4825
5393 4824
5390 4824
5390 4823
5386 4823
5386 4822
5382 4822
5382 4821
5378 4821
5378 4820
5375 4820
5375 4819
5371 4819
5371 4818
5367 4818
5367 4817
5363 4817
5363 4816
5359 4816
5359 4815
5355 4815
5355 4814
5351 4814
5351 4813
5347 4813
5347 4812
5343 4812
5343 4811
5339 4811
5339 4810
5335 4810
5335 4809
5331 4809
5331 4808
5327 4808
5327 4807
5322 4807
5322 4806
5318 4806
5318 4805
5314 4805
5314 4804
5309 4804
5309 4803
5305 4803
5305 4802
5301 4802
5301 4801
5297 4801
5297 4800
5292 4800
5292 4799
5288 4799
5288 4798
5283 4798
5283 4797
5279 4797
5279 4796
5274 4796
5274 4795
5269 4795
5269 4794
5264 4794
5264 4793
5259 4793
5259 4792
5254 4792
5254 4791
5250 4791
5250 4790
5245 4790
5245 4789
5239 4789
5239 4788
5234 4788
5234 4787
5131 4787
U0 5
6747 3672
6747 4460
7255 4460
7255 3672
6748 3672
D0 5
5575 2235
5575 2918
6747 2918
6747 2235
5576 2235
D1 7
7255 3672
7255 4460
7001 4460
7001 4470
8258 4470
8258 3672
7256 3672
E0 7
6797 5135
6797 5137
7195 5137
7195 6172
8787 6172
8787 5135
6798 5135
A0 7
6747 4460
6747 5135
7349 5135
7349 4470
7001 4470
7001 4460
6748 4460
PW0 199
5575 364
5575 2235
6547 2235
6547 2228
6747 2228
6747 2227
6552 2227
6552 2225
6551 2225
6551 2224
6553 2224
6553 2222
6552 2222
6552 2221
6554 2221
6554 2219
6556 2219
6556 2218
6558 2218
6558 2217
6559 2217
6559 2216
6561 2216
6561 2215
6563 2215
6563 2214
6564 2214
6564 2212
6565 2212
6565 2211
6567 2211
6567 2210
6568 2210
6568 2209
6569 2209
6569 2208
6571 2208
6571 2207
6572 2207
6572 2206
6573 2206
6573 2205
6574 2205
6574 2203
6575 2203
6575 2202
6576 2202
6576 2201
6578 2201
6578 2200
6579 2200
6579 2199
6580 2199
6580 2198
6581 2198
6581 2196
6582 2196
6582 2195
6583 2195
6583 2194
6584 2194
6584 2193
6585 2193
6585 2192
6584 2192
6584 2191
6585 2191
6585 2190
6586 2190
6586 2189
6587 2189
6587 2188
6588 2188
6588 2186
6589 2186
6589 2185
6590 2185
6590 2184
6591 2184
6591 2183
6592 2183
6592 2182
6591 2182
6591 2181
6592 2181
6592 2180
6593 2180
6593 2179
6594 2179
6594 2178
6595 2178
6595 2177
6596 2177
6596 2176
6598 2176
6598 2175
6600 2175
6600 2174
6601 2174
6601 2173
6603 2173
6603 2172
6606 2172
6606 2171
6608 2171
6608 2170
6611 2170
6611 2169
6615 2169
6615 2168
6616 2168
6616 2167
6620 2167
6620 2166
6623 2166
6623 2165
6626 2165
6626 2164
6630 2164
6630 2163
6634 2163
6634 2162
6637 2162
6637 2161
6641 2161
6641 2160
6646 2160
6646 2159
6649 2159
6649 2158
6652 2158
6652 2157
6658 2157
6658 2156
6661 2156
6661 2155
6665 2155
6665 2154
6669 2154
6669 2153
6673 2153
6673 2152
6678 2152
6678 2151
6680 2151
6680 2150
6685 2150
6685 2149
6689 2149
6689 2148
6692 2148
6692 2147
6697 2147
6697 2146
6701 2146
6701 2145
6703 2145
6703 2144
6707 2144
6707 2143
6710 2143
6710 2142
6714 2142
6714 2141
6718 2141
6718 2140
6720 2140
6720 2139
6724 2139
6724 2138
6728 2138
6728 2137
6732 2137
6732 2136
6734 2136
6734 2135
6736 2135
6736 2134
6740 2134
6740 2133
6744 2133
6744 2132
6747 2132
6747 1313
6746 1313
6746 1312
6701 1312
6701 1311
6656 1311
6656 1310
6611 1310
6611 1309
6566 1309
6566 1308
6521 1308
6521 1307
6516 1307
6516 364
5576 364
