HPWL 76534300.0
SOFTMODULE 21
GPC0 4
1357 821
1357 1421
1927 1421
1927 821
GPC1 4
157 1332
157 1968
695 1968
695 1332
GPC2 4
695 1332
695 1970
1231 1970
1231 1332
GPC3 4
528 157
528 690
1170 690
1170 157
GPC4 4
528 690
528 1332
1061 1332
1061 690
GPC5 4
1170 157
1170 803
1699 803
1699 157
GPC6 4
1927 821
1927 1326
2604 1326
2604 821
GPC7 4
2151 1839
2151 2345
2827 2345
2827 1839
GPC8 4
2151 1326
2151 1839
2818 1839
2818 1326
CA0 4
1357 1421
1357 2258
2151 2258
2151 1421
CA1 4
1699 157
1699 821
2700 821
2700 157
CB 4
157 157
157 772
528 772
528 157
TPC0 4
647 2226
647 2427
912 2427
912 2226
TPC1 4
440 1968
440 2225
647 2225
647 1968
TPC2 4
157 1968
157 2156
440 2156
440 1968
TPC3 4
157 2422
157 2596
463 2596
463 2422
TPC4 4
157 2156
157 2422
357 2422
357 2156
TPC5 4
1337 2258
1337 2500
1557 2500
1557 2258
CPC0 4
1061 803
1061 1188
1357 1188
1357 803
CPC1 4
647 1970
647 2226
1092 2226
1092 1970
CPC2 4
1092 1970
1092 2435
1337 2435
1337 1970
