HPWL 3585503.0
SOFTMODULE 28
M0 4
2038 1240
2038 1834
2375 1834
2375 1240
M1 4
885 781
885 1361
1230 1361
1230 781
M2 4
885 65
885 535
1311 535
1311 65
M3 4
1590 2241
1590 2778
1963 2778
1963 2241
M4 4
1092 1859
1092 2261
1590 2261
1590 1859
M5 4
1590 1794
1590 2241
2038 2241
2038 1794
M6 4
1311 388
1311 965
1658 965
1658 388
M7 4
1688 431
1688 694
2069 694
2069 431
M8 4
1292 1367
1292 1620
1688 1620
1688 1367
M9 4
2070 509
2070 751
2484 751
2484 509
M10 4
1311 965
1311 1367
1560 1367
1560 965
M11 4
1763 1240
1763 1685
1988 1685
1988 1240
M12 4
1311 65
1311 388
1621 388
1621 65
M13 4
2038 2275
2038 2649
2306 2649
2306 2275
M14 4
1092 2261
1092 2693
1324 2693
1324 2261
M15 4
2038 1834
2038 2275
2265 2275
2265 1834
M16 4
2038 2649
2038 2905
2429 2905
2429 2649
M17 4
885 535
885 781
1292 781
1292 535
M18 4
1763 994
1763 1240
2170 1240
2170 994
M19 4
1658 65
1658 431
1932 431
1932 65
M20 4
2170 751
2170 1153
2419 1153
2419 751
M21 4
1292 1620
1292 1859
1418 1859
1418 1620
M22 4
1590 1620
1590 1794
1763 1794
1763 1620
M23 4
1688 694
1688 994
1855 994
1855 694
M24 4
1855 694
1855 927
2070 927
2070 694
M25 4
138 65
138 1404
885 1404
885 65
M26 4
138 1404
138 2662
1092 2662
1092 1404
M27 4
2375 1837
2375 1917
2500 1917
2500 1837
