HPWL 30972200.0
SOFTMODULE 16
MCL 4
1548 2564
1548 3251
2112 3251
2112 2564
DCL 4
3718 2090
3718 3695
4680 3695
4680 2090
GNA 4
2463 1073
2463 2195
3220 2195
3220 1073
IPU 4
494 2446
494 3250
1548 3250
1548 2446
MCC 4
1513 306
1513 1326
2463 1326
2463 306
CPU0 4
494 1613
494 2446
1802 2446
1802 1613
CPU1 4
2301 2828
2301 3597
3718 3597
3718 2828
RA 4
494 306
494 1613
1513 1613
1513 306
ME0 4
2463 306
2463 1073
3410 1073
3410 306
ME1 4
2463 2195
2463 2828
3610 2828
3610 2195
GAM 4
3410 850
3410 1243
3872 1243
3872 850
TMU0 4
3855 306
3855 740
4525 740
4525 306
TMU1 4
1802 1811
1802 2564
2188 2564
2188 1811
EU0 4
3410 306
3410 850
3855 850
3855 306
EU1 4
1802 1326
1802 1811
2301 1811
2301 1326
GCL 4
3220 1243
3220 2090
4363 2090
4363 1243
