HPWL 27102017.0
SOFTMODULE 16
M0 4
1036 1064
1036 1296
1478 1296
1478 1064
M1 4
749 1296
749 1681
1299 1681
1299 1296
M2 4
512 1707
512 1995
736 1995
736 1707
M3 4
1532 1200
1532 1617
2300 1617
2300 1200
M4 4
1036 646
1036 1064
1459 1064
1459 646
M5 4
512 646
512 1116
802 1116
802 646
M6 4
1023 1683
1023 2020
1655 2020
1655 1683
M7 4
512 1116
512 1365
749 1365
749 1116
M8 4
802 924
802 1069
1036 1069
1036 924
M9 4
1655 1617
1655 1938
2154 1938
2154 1617
M10 4
802 646
802 924
1036 924
1036 646
M11 4
1478 900
1478 1200
2078 1200
2078 900
M12 4
512 1365
512 1707
736 1707
736 1365
M13 4
736 1681
736 2020
1023 2020
1023 1681
M14 4
1299 1296
1299 1683
1532 1683
1532 1296
M15 4
802 1069
802 1288
1036 1288
1036 1069
