HPWL 23526300.0
SOFTMODULE 16
MCL 4
401 2644
401 3300
992 3300
992 2644
DCL 4
1060 1925
1060 3295
2187 3295
2187 1925
GNA 4
2187 1908
2187 2736
3213 2736
3213 1908
IPU 4
401 1358
401 2644
1060 2644
1060 1358
MCC 4
2187 2736
2187 3675
3218 3675
3218 2736
CPU0 4
3221 325
3221 1105
4618 1105
4618 325
CPU1 4
3221 2058
3221 2838
4618 2838
4618 2058
RA 4
3221 1105
3221 2058
4618 2058
4618 1105
ME0 4
1096 325
1096 1010
2156 1010
2156 325
ME1 4
2154 1227
2154 1908
3221 1908
3221 1227
GAM 4
2156 325
2156 846
2505 846
2505 325
TMU0 4
401 325
401 743
1096 743
1096 325
TMU1 4
2156 846
2156 1227
2919 1227
2919 846
EU0 4
401 743
401 1358
795 1358
795 743
EU1 4
2505 325
2505 845
2971 845
2971 325
GCL 4
1096 1010
1096 1925
2154 1925
2154 1010
