HPWL 2080505.0
SOFTMODULE 28
M0 4
464 214
464 667
906 667
906 214
M1 4
1129 214
1129 771
1489 771
1489 214
M2 4
889 1041
889 1380
1480 1380
1480 1041
M3 4
889 1610
889 2032
1364 2032
1364 1610
M4 4
484 2006
484 2500
889 2500
889 2006
M5 4
484 1385
484 1879
889 1879
889 1385
M6 4
484 891
484 1385
889 1385
889 891
M7 4
228 214
228 638
464 638
464 214
M8 4
906 214
906 663
1129 663
1129 214
M9 4
1489 214
1489 645
1722 645
1722 214
M10 4
1117 771
1117 1041
1488 1041
1488 771
M11 4
1488 771
1488 1220
1711 1220
1711 771
M12 4
1480 1220
1480 1653
1711 1653
1711 1220
M13 4
1364 1653
1364 1996
1656 1996
1656 1653
M14 4
889 2032
889 2394
1166 2394
1166 2032
M15 4
484 2500
484 2747
889 2747
889 2500
M16 4
228 2066
228 2457
484 2457
484 2066
M17 4
228 1675
228 2066
484 2066
484 1675
M18 4
228 1282
228 1675
483 1675
483 1282
M19 4
228 891
228 1282
484 1282
484 891
M20 4
464 667
464 891
911 891
911 667
M21 4
889 891
889 1023
1117 1023
1117 891
M22 4
568 1879
568 2006
805 2006
805 1879
M23 4
1107 1380
1107 1610
1325 1610
1325 1380
M24 4
889 1380
889 1610
1107 1610
1107 1380
M25 4
1711 645
1711 2032
2432 2032
2432 645
M26 4
1166 2032
1166 2960
2460 2960
2460 2032
M27 4
484 1879
484 1999
568 1999
568 1879
