HPWL 46235400.0
SOFTMODULE 21
GPC0 4
150 996
150 1601
715 1601
715 996
GPC1 4
150 391
150 996
715 996
715 391
GPC2 4
715 391
715 1075
1215 1075
1215 391
GPC3 4
1215 391
1215 1168
1655 1168
1655 391
GPC4 4
1655 391
1655 1156
2102 1156
2102 391
GPC5 4
2105 391
2105 997
2669 997
2669 391
GPC6 4
1655 1156
1655 1916
2105 1916
2105 1156
GPC7 4
1655 1916
1655 2542
2201 2542
2201 1916
GPC8 4
2201 1910
2201 2547
2738 2547
2738 1910
CA0 4
150 1951
150 2544
1271 2544
1271 1951
CA1 4
2105 997
2105 1910
2833 1910
2833 997
CB 4
715 1075
715 1535
1211 1535
1211 1075
TPC0 4
617 1711
617 1951
839 1951
839 1711
TPC1 4
839 1711
839 1950
1062 1950
1062 1711
TPC2 4
313 1776
313 1951
617 1951
617 1776
TPC3 4
715 1535
715 1711
1018 1711
1018 1535
TPC4 4
150 1601
150 1928
313 1928
313 1601
TPC5 4
313 1601
313 1776
617 1776
617 1601
CPC0 4
1271 1699
1271 1996
1655 1996
1655 1699
CPC1 4
1211 1442
1211 1699
1655 1699
1655 1442
CPC2 4
1215 1168
1215 1442
1631 1442
1631 1168
