HPWL 181057754.0
SOFTMODULE 15
COM 4
626 4984
626 7305
4935 7305
4935 4984
GPU 4
4661 27
4661 3333
10409 3333
10409 27
CPU 4
626 27
626 4984
4661 4984
4661 27
NPU 4
8226 3333
8226 6962
11065 6962
11065 3333
IS0 4
626 7305
626 9559
4619 9559
4619 7305
IS1 4
8226 6962
8226 9144
10289 9144
10289 6962
H0 4
4661 3333
4661 4866
6358 4866
6358 3333
H1 4
4935 4866
4935 5916
7031 5916
7031 4866
H2 4
7031 3333
7031 5175
8226 5175
8226 3333
U0 4
4935 5916
4935 6453
5681 6453
5681 5916
D0 4
5681 5916
5681 6623
6814 6623
6814 5916
D1 4
7031 5175
7031 6016
7983 6016
7983 5175
E0 4
6114 6773
6114 8523
7057 8523
7057 6773
A0 4
6814 6016
6814 6773
7343 6773
7343 6016
PW0 4
4935 6623
4935 8117
6114 8117
6114 6623
