net0 198
begin
1 47 5 47
5 47 5 61
5 61 12 61
12 61 12 71
12 71 17 71
17 71 17 77
17 77 31 77
31 77 31 76
31 76 36 76
36 76 36 41
36 41 37 41
37 41 37 32
37 32 36 32
36 32 36 31
36 31 34 31
34 31 34 30
34 30 32 30
32 30 32 24
32 24 29 24
29 24 29 17
29 17 23 17
23 17 23 13
23 13 10 13
10 13 10 12
10 12 2 12
2 12 2 16
2 16 3 16
3 16 3 19
3 19 5 19
5 19 5 20
5 20 6 20
6 20 6 22
6 22 8 22
8 22 8 25
8 25 11 25
11 25 11 28
11 28 12 28
12 28 12 30
12 30 17 30
end
net1 44
begin
14 10 14 12
14 12 25 12
25 12 25 13
25 13 35 13
35 13 35 14
35 14 37 14
37 14 37 15
37 15 40 15
40 15 40 17
40 17 42 17
42 17 42 23
42 23 43 23
43 23 43 24
43 24 45 24
end
net2 52
begin
35 32 33 32
33 32 33 31
33 31 31 31
31 31 31 25
31 25 28 25
28 25 28 18
28 18 22 18
22 18 22 14
22 14 8 14
8 14 8 13
8 13 3 13
3 13 3 15
end
net3 18
begin
21 46 21 45
21 45 22 45
22 45 22 44
22 44 23 44
23 44 23 41
23 41 35 41
end
