net0 44
begin
6 5 6 2
6 2 15 2
15 2 15 0
15 0 26 0
26 0 26 1
26 1 28 1
28 1 28 2
28 2 31 2
31 2 31 5
31 5 34 5
34 5 34 6
34 6 35 6
35 6 35 11
end
net1 4
begin
7 13 10 13
10 13 10 14
10 14 11 14
end
net2 30
begin
8 14 7 14
7 14 7 25
7 25 13 25
13 25 13 14
13 14 12 14
12 14 12 13
end
net3 25
begin
35 39 37 39
37 39 37 38
37 38 39 38
39 38 39 36
39 36 40 36
40 36 40 35
40 35 41 35
41 35 41 23
41 23 45 23
end
net4 94
begin
54 3 54 5
54 5 51 5
51 5 51 6
51 6 50 6
50 6 50 8
50 8 49 8
49 8 49 12
49 12 45 12
45 12 45 18
45 18 42 18
42 18 42 21
42 21 41 21
41 21 41 22
41 22 40 22
40 22 40 25
40 25 38 25
38 25 38 32
38 32 26 32
26 32 26 33
26 33 25 33
25 33 25 36
25 36 20 36
20 36 20 38
20 38 8 38
8 38 8 39
8 39 5 39
5 39 5 40
5 40 4 40
4 40 4 48
end
