HPWL 24606100.0
SOFTMODULE 16
MCL 4
1499 2699
1499 3298
2146 3298
2146 2699
DCL 4
2886 2639
2886 3731
4300 3731
4300 2639
GNA 4
524 1052
524 1923
1499 1923
1499 1052
IPU 4
1499 1089
1499 2391
2150 2391
2150 1089
MCC 4
524 346
524 1052
1896 1052
1896 346
CPU0 4
1896 346
1896 1089
3362 1089
3362 346
CPU1 4
3248 1625
3248 2485
4515 2485
4515 1625
RA 4
3362 346
3362 1625
4403 1625
4403 346
ME0 4
2150 1089
2150 1757
3237 1757
3237 1089
ME1 4
524 2471
524 3226
1486 3226
1486 2471
GAM 4
1499 2391
1499 2699
2089 2699
2089 2391
TMU0 4
2150 2639
2150 3034
2886 3034
2886 2639
TMU1 4
966 1923
966 2471
1496 2471
1496 1923
EU0 4
2150 3034
2150 3394
2824 3394
2824 3034
EU1 4
524 1923
524 2471
966 2471
966 1923
GCL 4
2150 1757
2150 2639
3248 2639
3248 1757
