HPWL 81332225.0
SOFTMODULE 20
CPU0 4
2901 2462
2901 3534
3694 3534
3694 2462
CPU1 4
1901 3334
1901 3792
2753 3792
2753 3334
CPU2 4
1973 2879
1973 3334
2831 3334
2831 2879
CPU3 4
3078 1752
3078 2462
3628 2462
3628 1752
CPU4 4
2022 2561
2022 2865
2447 2865
2447 2561
CPU5 4
2022 2258
2022 2561
2448 2561
2448 2258
CPU6 4
2448 2543
2448 2879
2832 2879
2832 2543
CPU7 4
2448 2258
2448 2543
2901 2543
2901 2258
GPU0 4
2022 150
2022 2258
3078 2258
3078 150
GPU1 4
3078 946
3078 1752
3768 1752
3768 946
GPU2 4
3777 866
3777 1582
4554 1582
4554 866
GPU3 4
3777 150
3777 866
4554 866
4554 150
GPU4 4
3078 150
3078 946
3777 946
3777 150
NPU0 4
3766 3181
3766 3559
4516 3559
4516 3181
NPU1 4
3766 3559
3766 4256
4580 4256
4580 3559
NPU2 4
3694 2549
3694 3181
4592 3181
4592 2549
DSP 4
3768 1582
3768 2549
4327 2549
4327 1582
VIDEO 4
431 1664
431 2399
1901 2399
1901 1664
MODEM 4
431 350
431 1664
1973 1664
1973 350
ISP 4
2832 3534
2832 4257
3766 4257
3766 3534
