HPWL 173624578.0
SOFTMODULE 15
COM 4
6747 364
6747 3672
9770 3672
9770 364
GPU 4
3538 6202
3538 9822
8787 9822
8787 6202
CPU 4
624 364
624 4404
5575 4404
5575 364
NPU 4
624 4404
624 7939
3538 7939
3538 4404
IS0 4
8787 3672
8787 7334
11245 7334
11245 3672
IS1 4
8787 7334
8787 9826
10593 9826
10593 7334
H0 4
5575 2918
5575 5137
6747 5137
6747 2918
H1 4
3538 4404
3538 5787
5129 5787
5129 4404
H2 4
5129 5137
5129 6202
7195 6202
7195 5137
U0 4
6747 3672
6747 4460
7255 4460
7255 3672
D0 4
5575 2235
5575 2918
6747 2918
6747 2235
D1 4
7255 3672
7255 4470
8258 4470
8258 3672
E0 4
7195 5135
7195 6172
8787 6172
8787 5135
A0 4
6747 4470
6747 5135
7349 5135
7349 4470
PW0 4
5575 364
5575 2235
6516 2235
6516 364
