
Gurobi 12.0.3 (linux64, C++) logging started Fri Nov  7 14:10:33 2025

Set parameter WLSAccessID
Set parameter WLSSecret
Set parameter LicenseID to value 2641199
Set parameter LogFile to value "gurobi.log"
Academic license 2641199 - for non-commercial use only - registered to b1___@ntu.edu.tw
Gurobi Optimizer version 12.0.3 build v12.0.3rc0 (linux64 - "Ubuntu 22.04.5 LTS")

CPU model: Intel(R) Core(TM) Ultra 7 155H, instruction set [SSE2|AVX|AVX2]
Thread count: 11 physical cores, 22 logical processors, using up to 22 threads

Academic license 2641199 - for non-commercial use only - registered to b1___@ntu.edu.tw
Optimize a model with 0 rows, 0 columns and 0 nonzeros
Model fingerprint: 0xf9715da1
Coefficient statistics:
  Matrix range     [0e+00, 0e+00]
  Objective range  [0e+00, 0e+00]
  Bounds range     [0e+00, 0e+00]
  RHS range        [0e+00, 0e+00]
Presolve time: 0.01s
Presolve: All rows and columns removed
Iteration    Objective       Primal Inf.    Dual Inf.      Time
       0    0.0000000e+00   0.000000e+00   0.000000e+00      0s

Solved in 0 iterations and 0.01 seconds (0.00 work units)
Optimal objective  0.000000000e+00

Gurobi 12.0.3 (linux64, C++) logging started Tue Nov 11 19:14:04 2025

Set parameter WLSAccessID
Set parameter WLSSecret
Set parameter LicenseID to value 2641199
Set parameter LogFile to value "gurobi.log"
Academic license 2641199 - for non-commercial use only - registered to b1___@ntu.edu.tw
Set parameter TimeLimit to value 600
Gurobi Optimizer version 12.0.3 build v12.0.3rc0 (linux64 - "Ubuntu 22.04.5 LTS")

CPU model: Intel(R) Core(TM) Ultra 7 155H, instruction set [SSE2|AVX|AVX2]
Thread count: 11 physical cores, 22 logical processors, using up to 22 threads

Non-default parameters:
TimeLimit  600

Academic license 2641199 - for non-commercial use only - registered to b1___@ntu.edu.tw
Optimize a model with 36 rows, 25 columns and 144 nonzeros
Model fingerprint: 0x446b95ab
Variable types: 9 continuous, 16 integer (16 binary)
Coefficient statistics:
  Matrix range     [1e+00, 6e+00]
  Objective range  [1e+00, 1e+00]
  Bounds range     [1e+00, 6e+00]
  RHS range        [2e+00, 1e+01]
Presolve removed 4 rows and 0 columns
Presolve time: 0.00s

Explored 0 nodes (0 simplex iterations) in 0.01 seconds (0.00 work units)
Thread count was 1 (of 22 available processors)

Solution count 0

Model is infeasible
Best objective -, best bound -, gap -

Gurobi 12.0.3 (linux64, C++) logging started Tue Nov 11 19:42:31 2025

Set parameter WLSAccessID
Set parameter WLSSecret
Set parameter LicenseID to value 2641199
Set parameter LogFile to value "gurobi.log"
Academic license 2641199 - for non-commercial use only - registered to b1___@ntu.edu.tw
Set parameter TimeLimit to value 600
Gurobi Optimizer version 12.0.3 build v12.0.3rc0 (linux64 - "Ubuntu 22.04.5 LTS")

CPU model: Intel(R) Core(TM) Ultra 7 155H, instruction set [SSE2|AVX|AVX2]
Thread count: 11 physical cores, 22 logical processors, using up to 22 threads

Non-default parameters:
TimeLimit  600

Academic license 2641199 - for non-commercial use only - registered to b1___@ntu.edu.tw
Optimize a model with 36 rows, 25 columns and 144 nonzeros
Model fingerprint: 0x023ec24a
Variable types: 9 continuous, 16 integer (16 binary)
Coefficient statistics:
  Matrix range     [1e+00, 6e+00]
  Objective range  [1e+00, 1e+00]
  Bounds range     [1e+00, 6e+00]
  RHS range        [2e+00, 1e+01]
Presolve removed 4 rows and 0 columns
Presolve time: 0.01s

Explored 0 nodes (0 simplex iterations) in 0.02 seconds (0.00 work units)
Thread count was 1 (of 22 available processors)

Solution count 0

Model is infeasible
Best objective -, best bound -, gap -

Gurobi 12.0.3 (linux64, C++) logging started Tue Nov 11 20:01:18 2025

Set parameter WLSAccessID
Set parameter WLSSecret
Set parameter LicenseID to value 2641199
Set parameter LogFile to value "gurobi.log"
Academic license 2641199 - for non-commercial use only - registered to b1___@ntu.edu.tw
Set parameter TimeLimit to value 600
Gurobi Optimizer version 12.0.3 build v12.0.3rc0 (linux64 - "Ubuntu 22.04.5 LTS")

CPU model: Intel(R) Core(TM) Ultra 7 155H, instruction set [SSE2|AVX|AVX2]
Thread count: 11 physical cores, 22 logical processors, using up to 22 threads

Non-default parameters:
TimeLimit  600

Academic license 2641199 - for non-commercial use only - registered to b1___@ntu.edu.tw
Optimize a model with 36 rows, 25 columns and 144 nonzeros
Model fingerprint: 0x023ec24a
Variable types: 9 continuous, 16 integer (16 binary)
Coefficient statistics:
  Matrix range     [1e+00, 6e+00]
  Objective range  [1e+00, 1e+00]
  Bounds range     [1e+00, 6e+00]
  RHS range        [2e+00, 1e+01]
Presolve removed 4 rows and 0 columns
Presolve time: 0.00s

Explored 0 nodes (0 simplex iterations) in 0.01 seconds (0.00 work units)
Thread count was 1 (of 22 available processors)

Solution count 0

Model is infeasible
Best objective -, best bound -, gap -

Gurobi 12.0.3 (linux64, C++) logging started Tue Nov 11 20:17:43 2025

Set parameter WLSAccessID
Set parameter WLSSecret
Set parameter LicenseID to value 2641199
Set parameter LogFile to value "gurobi.log"
Academic license 2641199 - for non-commercial use only - registered to b1___@ntu.edu.tw
Set parameter TimeLimit to value 600
Gurobi Optimizer version 12.0.3 build v12.0.3rc0 (linux64 - "Ubuntu 22.04.5 LTS")

CPU model: Intel(R) Core(TM) Ultra 7 155H, instruction set [SSE2|AVX|AVX2]
Thread count: 11 physical cores, 22 logical processors, using up to 22 threads

Non-default parameters:
TimeLimit  600

Academic license 2641199 - for non-commercial use only - registered to b1___@ntu.edu.tw
Optimize a model with 36 rows, 25 columns and 144 nonzeros
Model fingerprint: 0xcac99d16
Variable types: 9 continuous, 16 integer (16 binary)
Coefficient statistics:
  Matrix range     [1e+00, 6e+00]
  Objective range  [1e+00, 1e+00]
  Bounds range     [1e+00, 6e+00]
  RHS range        [2e+00, 1e+01]
Found heuristic solution: objective 6.0000000
Presolve removed 36 rows and 25 columns
Presolve time: 0.01s
Presolve: All rows and columns removed

Explored 0 nodes (0 simplex iterations) in 0.02 seconds (0.00 work units)
Thread count was 1 (of 22 available processors)

Solution count 2: 3 6 

Optimal solution found (tolerance 1.00e-04)
Best objective 3.000000000000e+00, best bound 3.000000000000e+00, gap 0.0000%

Gurobi 12.0.3 (linux64, C++) logging started Tue Nov 11 20:21:30 2025

Set parameter WLSAccessID
Set parameter WLSSecret
Set parameter LicenseID to value 2641199
Set parameter LogFile to value "gurobi.log"
Academic license 2641199 - for non-commercial use only - registered to b1___@ntu.edu.tw
Set parameter TimeLimit to value 600
Gurobi Optimizer version 12.0.3 build v12.0.3rc0 (linux64 - "Ubuntu 22.04.5 LTS")

CPU model: Intel(R) Core(TM) Ultra 7 155H, instruction set [SSE2|AVX|AVX2]
Thread count: 11 physical cores, 22 logical processors, using up to 22 threads

Non-default parameters:
TimeLimit  600

Academic license 2641199 - for non-commercial use only - registered to b1___@ntu.edu.tw
Optimize a model with 36 rows, 25 columns and 144 nonzeros
Model fingerprint: 0x3efa2bfc
Variable types: 9 continuous, 16 integer (16 binary)
Coefficient statistics:
  Matrix range     [1e+00, 6e+00]
  Objective range  [1e+00, 1e+00]
  Bounds range     [1e+00, 6e+00]
  RHS range        [2e+00, 1e+01]
Found heuristic solution: objective 6.0000000
Presolve removed 5 rows and 1 columns
Presolve time: 0.01s
Presolved: 31 rows, 24 columns, 131 nonzeros
Variable types: 9 continuous, 15 integer (15 binary)

Root relaxation: objective 5.000000e+00, 6 iterations, 0.00 seconds (0.00 work units)

    Nodes    |    Current Node    |     Objective Bounds      |     Work
 Expl Unexpl |  Obj  Depth IntInf | Incumbent    BestBd   Gap | It/Node Time

     0     0    5.00000    0    6    6.00000    5.00000  16.7%     -    0s
H    0     0                       5.0000000    5.00000  0.00%     -    0s
     0     0    5.00000    0    6    5.00000    5.00000  0.00%     -    0s

Explored 1 nodes (6 simplex iterations) in 0.03 seconds (0.00 work units)
Thread count was 22 (of 22 available processors)

Solution count 2: 5 6 

Optimal solution found (tolerance 1.00e-04)
Best objective 5.000000000000e+00, best bound 5.000000000000e+00, gap 0.0000%

Gurobi 12.0.3 (linux64, C++) logging started Tue Nov 11 20:22:40 2025

Set parameter WLSAccessID
Set parameter WLSSecret
Set parameter LicenseID to value 2641199
Set parameter LogFile to value "gurobi.log"
Academic license 2641199 - for non-commercial use only - registered to b1___@ntu.edu.tw
Set parameter TimeLimit to value 600
Gurobi Optimizer version 12.0.3 build v12.0.3rc0 (linux64 - "Ubuntu 22.04.5 LTS")

CPU model: Intel(R) Core(TM) Ultra 7 155H, instruction set [SSE2|AVX|AVX2]
Thread count: 11 physical cores, 22 logical processors, using up to 22 threads

Non-default parameters:
TimeLimit  600

Academic license 2641199 - for non-commercial use only - registered to b1___@ntu.edu.tw
Optimize a model with 36 rows, 25 columns and 144 nonzeros
Model fingerprint: 0x436df8ef
Variable types: 9 continuous, 16 integer (16 binary)
Coefficient statistics:
  Matrix range     [1e+00, 6e+00]
  Objective range  [1e+00, 1e+00]
  Bounds range     [1e+00, 6e+00]
  RHS range        [2e+00, 1e+01]
Found heuristic solution: objective 6.0000000
Presolve removed 4 rows and 0 columns
Presolve time: 0.01s
Presolved: 32 rows, 25 columns, 140 nonzeros
Variable types: 9 continuous, 16 integer (16 binary)

Root relaxation: objective 3.000000e+00, 10 iterations, 0.00 seconds (0.00 work units)

    Nodes    |    Current Node    |     Objective Bounds      |     Work
 Expl Unexpl |  Obj  Depth IntInf | Incumbent    BestBd   Gap | It/Node Time

     0     0    3.00000    0    9    6.00000    3.00000  50.0%     -    0s
     0     0    3.00000    0   10    6.00000    3.00000  50.0%     -    0s
     0     0    6.00000    0    4    6.00000    6.00000  0.00%     -    0s

Cutting planes:
  Learned: 1
  Gomory: 6
  Cover: 3
  MIR: 16

Explored 1 nodes (94 simplex iterations) in 0.34 seconds (0.00 work units)
Thread count was 22 (of 22 available processors)

Solution count 1: 6 

Optimal solution found (tolerance 1.00e-04)
Best objective 6.000000000000e+00, best bound 6.000000000000e+00, gap 0.0000%

Gurobi 12.0.3 (linux64, C++) logging started Tue Nov 11 20:23:59 2025

Set parameter WLSAccessID
Set parameter WLSSecret
Set parameter LicenseID to value 2641199
Set parameter LogFile to value "gurobi.log"
Academic license 2641199 - for non-commercial use only - registered to b1___@ntu.edu.tw
Set parameter TimeLimit to value 600
Gurobi Optimizer version 12.0.3 build v12.0.3rc0 (linux64 - "Ubuntu 22.04.5 LTS")

CPU model: Intel(R) Core(TM) Ultra 7 155H, instruction set [SSE2|AVX|AVX2]
Thread count: 11 physical cores, 22 logical processors, using up to 22 threads

Non-default parameters:
TimeLimit  600

Academic license 2641199 - for non-commercial use only - registered to b1___@ntu.edu.tw
Optimize a model with 253 rows, 144 columns and 1078 nonzeros
Model fingerprint: 0x38560b62
Variable types: 23 continuous, 121 integer (121 binary)
Coefficient statistics:
  Matrix range     [1e+00, 1e+01]
  Objective range  [1e+00, 1e+00]
  Bounds range     [1e+00, 1e+01]
  RHS range        [1e+00, 2e+01]
Presolve removed 15 rows and 4 columns
Presolve time: 0.00s
Presolved: 238 rows, 140 columns, 1063 nonzeros
Variable types: 23 continuous, 117 integer (117 binary)

Root relaxation: objective 2.000000e+00, 73 iterations, 0.00 seconds (0.00 work units)

    Nodes    |    Current Node    |     Objective Bounds      |     Work
 Expl Unexpl |  Obj  Depth IntInf | Incumbent    BestBd   Gap | It/Node Time

     0     0    2.00000    0   34          -    2.00000      -     -    0s
     0     0    2.25000    0   65          -    2.25000      -     -    0s
     0     0    3.00000    0   57          -    3.00000      -     -    0s
     0     0    4.00000    0   47          -    4.00000      -     -    0s
     0     0    4.00000    0   49          -    4.00000      -     -    0s
     0     0    4.00000    0   40          -    4.00000      -     -    0s
     0     0    4.00000    0   33          -    4.00000      -     -    0s
     0     0    4.00000    0   14          -    4.00000      -     -    0s
     0     0    4.00000    0   23          -    4.00000      -     -    0s
     0     0    4.00000    0   16          -    4.00000      -     -    0s
     0     0    4.00000    0   23          -    4.00000      -     -    0s
     0     0    4.00000    0   18          -    4.00000      -     -    0s
     0     0    4.00000    0   15          -    4.00000      -     -    0s
     0     2    4.00000    0   15          -    4.00000      -     -    0s
H 2037  1979                      10.0000000    6.00000  40.0%   4.9    0s
 48760 10068    9.00000   42   17   10.00000    7.00000  30.0%   6.7    5s
 145520 12555    8.00000   49   11   10.00000    8.00000  20.0%   6.2   10s
 291924 14180 infeasible   51        10.00000    8.00000  20.0%   5.5   15s
 402010 14409    8.00000   47   17   10.00000    8.00000  20.0%   5.7   20s
 501619  5091    9.00000   55   14   10.00000    9.00000  10.0%   5.8   25s
 611315  2109     cutoff   45        10.00000    9.00000  10.0%   6.0   30s

Cutting planes:
  Learned: 12
  Gomory: 5
  Cover: 4
  Implied bound: 6
  Flow cover: 19
  Inf proof: 52
  Zero half: 1

Explored 701022 nodes (4337318 simplex iterations) in 34.57 seconds (7.69 work units)
Thread count was 22 (of 22 available processors)

Solution count 1: 10 

Optimal solution found (tolerance 1.00e-04)
Best objective 1.000000000000e+01, best bound 1.000000000000e+01, gap 0.0000%

Gurobi 12.0.3 (linux64, C++) logging started Wed Nov 12 10:03:44 2025

Set parameter WLSAccessID
Set parameter WLSSecret
Set parameter LicenseID to value 2641199
Set parameter LogFile to value "gurobi.log"
Academic license 2641199 - for non-commercial use only - registered to b1___@ntu.edu.tw
Set parameter TimeLimit to value 600
Gurobi Optimizer version 12.0.3 build v12.0.3rc0 (linux64 - "Ubuntu 22.04.5 LTS")

CPU model: Intel(R) Core(TM) Ultra 7 155H, instruction set [SSE2|AVX|AVX2]
Thread count: 11 physical cores, 22 logical processors, using up to 22 threads

Non-default parameters:
TimeLimit  600

Academic license 2641199 - for non-commercial use only - registered to b1___@ntu.edu.tw
Optimize a model with 36 rows, 25 columns and 144 nonzeros
Model fingerprint: 0x436df8ef
Variable types: 9 continuous, 16 integer (16 binary)
Coefficient statistics:
  Matrix range     [1e+00, 6e+00]
  Objective range  [1e+00, 1e+00]
  Bounds range     [1e+00, 6e+00]
  RHS range        [2e+00, 1e+01]
Found heuristic solution: objective 6.0000000
Presolve removed 4 rows and 0 columns
Presolve time: 0.01s
Presolved: 32 rows, 25 columns, 140 nonzeros
Variable types: 9 continuous, 16 integer (16 binary)

Root relaxation: objective 3.000000e+00, 10 iterations, 0.00 seconds (0.00 work units)

    Nodes    |    Current Node    |     Objective Bounds      |     Work
 Expl Unexpl |  Obj  Depth IntInf | Incumbent    BestBd   Gap | It/Node Time

     0     0    3.00000    0    9    6.00000    3.00000  50.0%     -    0s
     0     0    3.00000    0   10    6.00000    3.00000  50.0%     -    0s
     0     0    6.00000    0    4    6.00000    6.00000  0.00%     -    0s

Cutting planes:
  Learned: 1
  Gomory: 6
  Cover: 3
  MIR: 16

Explored 1 nodes (94 simplex iterations) in 0.03 seconds (0.00 work units)
Thread count was 22 (of 22 available processors)

Solution count 1: 6 

Optimal solution found (tolerance 1.00e-04)
Best objective 6.000000000000e+00, best bound 6.000000000000e+00, gap 0.0000%

Gurobi 12.0.3 (linux64, C++) logging started Wed Nov 12 10:05:02 2025

Set parameter WLSAccessID
Set parameter WLSSecret
Set parameter LicenseID to value 2641199
Set parameter LogFile to value "gurobi.log"
Academic license 2641199 - for non-commercial use only - registered to b1___@ntu.edu.tw
Set parameter TimeLimit to value 600
Gurobi Optimizer version 12.0.3 build v12.0.3rc0 (linux64 - "Ubuntu 22.04.5 LTS")

CPU model: Intel(R) Core(TM) Ultra 7 155H, instruction set [SSE2|AVX|AVX2]
Thread count: 11 physical cores, 22 logical processors, using up to 22 threads

Non-default parameters:
TimeLimit  600

Academic license 2641199 - for non-commercial use only - registered to b1___@ntu.edu.tw
Optimize a model with 36 rows, 25 columns and 144 nonzeros
Model fingerprint: 0x436df8ef
Variable types: 9 continuous, 16 integer (16 binary)
Coefficient statistics:
  Matrix range     [1e+00, 6e+00]
  Objective range  [1e+00, 1e+00]
  Bounds range     [1e+00, 6e+00]
  RHS range        [2e+00, 1e+01]
Found heuristic solution: objective 6.0000000
Presolve removed 4 rows and 0 columns
Presolve time: 0.01s
Presolved: 32 rows, 25 columns, 140 nonzeros
Variable types: 9 continuous, 16 integer (16 binary)

Root relaxation: objective 3.000000e+00, 10 iterations, 0.00 seconds (0.00 work units)

    Nodes    |    Current Node    |     Objective Bounds      |     Work
 Expl Unexpl |  Obj  Depth IntInf | Incumbent    BestBd   Gap | It/Node Time

     0     0    3.00000    0    9    6.00000    3.00000  50.0%     -    0s
     0     0    3.00000    0   10    6.00000    3.00000  50.0%     -    0s
     0     0    6.00000    0    4    6.00000    6.00000  0.00%     -    0s

Cutting planes:
  Learned: 1
  Gomory: 6
  Cover: 3
  MIR: 16

Explored 1 nodes (94 simplex iterations) in 0.03 seconds (0.00 work units)
Thread count was 22 (of 22 available processors)

Solution count 1: 6 

Optimal solution found (tolerance 1.00e-04)
Best objective 6.000000000000e+00, best bound 6.000000000000e+00, gap 0.0000%

Gurobi 12.0.3 (linux64, C++) logging started Wed Nov 12 10:09:01 2025

Set parameter WLSAccessID
Set parameter WLSSecret
Set parameter LicenseID to value 2641199
Set parameter LogFile to value "gurobi.log"
Academic license 2641199 - for non-commercial use only - registered to b1___@ntu.edu.tw
Set parameter TimeLimit to value 600
Gurobi Optimizer version 12.0.3 build v12.0.3rc0 (linux64 - "Ubuntu 22.04.5 LTS")

CPU model: Intel(R) Core(TM) Ultra 7 155H, instruction set [SSE2|AVX|AVX2]
Thread count: 11 physical cores, 22 logical processors, using up to 22 threads

Non-default parameters:
TimeLimit  600

Academic license 2641199 - for non-commercial use only - registered to b1___@ntu.edu.tw
Optimize a model with 36 rows, 25 columns and 144 nonzeros
Model fingerprint: 0x436df8ef
Variable types: 9 continuous, 16 integer (16 binary)
Coefficient statistics:
  Matrix range     [1e+00, 6e+00]
  Objective range  [1e+00, 1e+00]
  Bounds range     [1e+00, 6e+00]
  RHS range        [2e+00, 1e+01]
Found heuristic solution: objective 6.0000000
Presolve removed 4 rows and 0 columns
Presolve time: 0.00s
Presolved: 32 rows, 25 columns, 140 nonzeros
Variable types: 9 continuous, 16 integer (16 binary)

Root relaxation: objective 3.000000e+00, 10 iterations, 0.00 seconds (0.00 work units)

    Nodes    |    Current Node    |     Objective Bounds      |     Work
 Expl Unexpl |  Obj  Depth IntInf | Incumbent    BestBd   Gap | It/Node Time

     0     0    3.00000    0    9    6.00000    3.00000  50.0%     -    0s
     0     0    3.00000    0   10    6.00000    3.00000  50.0%     -    0s
     0     0    6.00000    0    4    6.00000    6.00000  0.00%     -    0s

Cutting planes:
  Learned: 1
  Gomory: 6
  Cover: 3
  MIR: 16

Explored 1 nodes (94 simplex iterations) in 0.01 seconds (0.00 work units)
Thread count was 22 (of 22 available processors)

Solution count 1: 6 

Optimal solution found (tolerance 1.00e-04)
Best objective 6.000000000000e+00, best bound 6.000000000000e+00, gap 0.0000%

Gurobi 12.0.3 (linux64, C++) logging started Wed Nov 12 10:10:10 2025

Set parameter WLSAccessID
Set parameter WLSSecret
Set parameter LicenseID to value 2641199
Set parameter LogFile to value "gurobi.log"
Academic license 2641199 - for non-commercial use only - registered to b1___@ntu.edu.tw
Set parameter TimeLimit to value 600
Gurobi Optimizer version 12.0.3 build v12.0.3rc0 (linux64 - "Ubuntu 22.04.5 LTS")

CPU model: Intel(R) Core(TM) Ultra 7 155H, instruction set [SSE2|AVX|AVX2]
Thread count: 11 physical cores, 22 logical processors, using up to 22 threads

Non-default parameters:
TimeLimit  600

Academic license 2641199 - for non-commercial use only - registered to b1___@ntu.edu.tw
Optimize a model with 36 rows, 25 columns and 144 nonzeros
Model fingerprint: 0x436df8ef
Variable types: 9 continuous, 16 integer (16 binary)
Coefficient statistics:
  Matrix range     [1e+00, 6e+00]
  Objective range  [1e+00, 1e+00]
  Bounds range     [1e+00, 6e+00]
  RHS range        [2e+00, 1e+01]
Found heuristic solution: objective 6.0000000
Presolve removed 4 rows and 0 columns
Presolve time: 0.00s
Presolved: 32 rows, 25 columns, 140 nonzeros
Variable types: 9 continuous, 16 integer (16 binary)

Root relaxation: objective 3.000000e+00, 10 iterations, 0.00 seconds (0.00 work units)

    Nodes    |    Current Node    |     Objective Bounds      |     Work
 Expl Unexpl |  Obj  Depth IntInf | Incumbent    BestBd   Gap | It/Node Time

     0     0    3.00000    0    9    6.00000    3.00000  50.0%     -    0s
     0     0    3.00000    0   10    6.00000    3.00000  50.0%     -    0s
     0     0    6.00000    0    4    6.00000    6.00000  0.00%     -    0s

Cutting planes:
  Learned: 1
  Gomory: 6
  Cover: 3
  MIR: 16

Explored 1 nodes (94 simplex iterations) in 0.01 seconds (0.00 work units)
Thread count was 22 (of 22 available processors)

Solution count 1: 6 

Optimal solution found (tolerance 1.00e-04)
Best objective 6.000000000000e+00, best bound 6.000000000000e+00, gap 0.0000%

Gurobi 12.0.3 (linux64, C++) logging started Wed Nov 12 10:16:00 2025

Set parameter WLSAccessID
Set parameter WLSSecret
Set parameter LicenseID to value 2641199
Set parameter LogFile to value "gurobi.log"
Academic license 2641199 - for non-commercial use only - registered to b1___@ntu.edu.tw
Set parameter TimeLimit to value 600
Gurobi Optimizer version 12.0.3 build v12.0.3rc0 (linux64 - "Ubuntu 22.04.5 LTS")

CPU model: Intel(R) Core(TM) Ultra 7 155H, instruction set [SSE2|AVX|AVX2]
Thread count: 11 physical cores, 22 logical processors, using up to 22 threads

Non-default parameters:
TimeLimit  600

Academic license 2641199 - for non-commercial use only - registered to b1___@ntu.edu.tw
Optimize a model with 55 rows, 36 columns and 220 nonzeros
Model fingerprint: 0x8a575438
Variable types: 11 continuous, 25 integer (25 binary)
Coefficient statistics:
  Matrix range     [1e+00, 6e+00]
  Objective range  [1e+00, 1e+00]
  Bounds range     [1e+00, 6e+00]
  RHS range        [2e+00, 1e+01]
Found heuristic solution: objective 6.0000000
Presolve removed 6 rows and 1 columns
Presolve time: 0.00s
Presolved: 49 rows, 35 columns, 214 nonzeros
Variable types: 11 continuous, 24 integer (24 binary)

Root relaxation: objective 2.000000e+00, 14 iterations, 0.00 seconds (0.00 work units)

    Nodes    |    Current Node    |     Objective Bounds      |     Work
 Expl Unexpl |  Obj  Depth IntInf | Incumbent    BestBd   Gap | It/Node Time

     0     0    2.00000    0    7    6.00000    2.00000  66.7%     -    0s
     0     0    2.18182    0   18    6.00000    2.18182  63.6%     -    0s
     0     0    4.00000    0   18    6.00000    4.00000  33.3%     -    0s
     0     0    4.00000    0   17    6.00000    4.00000  33.3%     -    0s
     0     0    4.00000    0   17    6.00000    4.00000  33.3%     -    0s
     0     0    4.00000    0   16    6.00000    4.00000  33.3%     -    0s
     0     0    4.00000    0   18    6.00000    4.00000  33.3%     -    0s
     0     0    4.00000    0   18    6.00000    4.00000  33.3%     -    0s
     0     0    4.00000    0   10    6.00000    4.00000  33.3%     -    0s
     0     0    4.00000    0   10    6.00000    4.00000  33.3%     -    0s
     0     0    4.00000    0   12    6.00000    4.00000  33.3%     -    0s
     0     0    4.00000    0   12    6.00000    4.00000  33.3%     -    0s
     0     0    4.00000    0   12    6.00000    4.00000  33.3%     -    0s
     0     0    4.00000    0   12    6.00000    4.00000  33.3%     -    0s
     0     2    4.00000    0    8    6.00000    4.00000  33.3%     -    0s

Cutting planes:
  Learned: 9
  Gomory: 4
  Cover: 2
  MIR: 46
  Inf proof: 3
  RLT: 2

Explored 667 nodes (2942 simplex iterations) in 0.06 seconds (0.01 work units)
Thread count was 22 (of 22 available processors)

Solution count 1: 6 

Optimal solution found (tolerance 1.00e-04)
Best objective 6.000000000000e+00, best bound 6.000000000000e+00, gap 0.0000%

Gurobi 12.0.3 (linux64, C++) logging started Wed Nov 12 10:16:17 2025

Set parameter WLSAccessID
Set parameter WLSSecret
Set parameter LicenseID to value 2641199
Set parameter LogFile to value "gurobi.log"
Academic license 2641199 - for non-commercial use only - registered to b1___@ntu.edu.tw
Set parameter TimeLimit to value 600
Gurobi Optimizer version 12.0.3 build v12.0.3rc0 (linux64 - "Ubuntu 22.04.5 LTS")

CPU model: Intel(R) Core(TM) Ultra 7 155H, instruction set [SSE2|AVX|AVX2]
Thread count: 11 physical cores, 22 logical processors, using up to 22 threads

Non-default parameters:
TimeLimit  600

Academic license 2641199 - for non-commercial use only - registered to b1___@ntu.edu.tw
Optimize a model with 55 rows, 36 columns and 220 nonzeros
Model fingerprint: 0x8a575438
Variable types: 11 continuous, 25 integer (25 binary)
Coefficient statistics:
  Matrix range     [1e+00, 6e+00]
  Objective range  [1e+00, 1e+00]
  Bounds range     [1e+00, 6e+00]
  RHS range        [2e+00, 1e+01]
Found heuristic solution: objective 6.0000000
Presolve removed 6 rows and 1 columns
Presolve time: 0.00s
Presolved: 49 rows, 35 columns, 214 nonzeros
Variable types: 11 continuous, 24 integer (24 binary)

Root relaxation: objective 2.000000e+00, 14 iterations, 0.00 seconds (0.00 work units)

    Nodes    |    Current Node    |     Objective Bounds      |     Work
 Expl Unexpl |  Obj  Depth IntInf | Incumbent    BestBd   Gap | It/Node Time

     0     0    2.00000    0    7    6.00000    2.00000  66.7%     -    0s
     0     0    2.18182    0   18    6.00000    2.18182  63.6%     -    0s
     0     0    4.00000    0   18    6.00000    4.00000  33.3%     -    0s
     0     0    4.00000    0   17    6.00000    4.00000  33.3%     -    0s
     0     0    4.00000    0   17    6.00000    4.00000  33.3%     -    0s
     0     0    4.00000    0   16    6.00000    4.00000  33.3%     -    0s
     0     0    4.00000    0   18    6.00000    4.00000  33.3%     -    0s
     0     0    4.00000    0   18    6.00000    4.00000  33.3%     -    0s
     0     0    4.00000    0   10    6.00000    4.00000  33.3%     -    0s
     0     0    4.00000    0   10    6.00000    4.00000  33.3%     -    0s
     0     0    4.00000    0   12    6.00000    4.00000  33.3%     -    0s
     0     0    4.00000    0   12    6.00000    4.00000  33.3%     -    0s
     0     0    4.00000    0   12    6.00000    4.00000  33.3%     -    0s
     0     0    4.00000    0   12    6.00000    4.00000  33.3%     -    0s
     0     2    4.00000    0    8    6.00000    4.00000  33.3%     -    0s

Cutting planes:
  Learned: 9
  Gomory: 4
  Cover: 2
  MIR: 46
  Inf proof: 3
  RLT: 2

Explored 667 nodes (2942 simplex iterations) in 0.05 seconds (0.01 work units)
Thread count was 22 (of 22 available processors)

Solution count 1: 6 

Optimal solution found (tolerance 1.00e-04)
Best objective 6.000000000000e+00, best bound 6.000000000000e+00, gap 0.0000%

Gurobi 12.0.3 (linux64, C++) logging started Wed Nov 12 10:16:33 2025

Set parameter WLSAccessID
Set parameter WLSSecret
Set parameter LicenseID to value 2641199
Set parameter LogFile to value "gurobi.log"
Academic license 2641199 - for non-commercial use only - registered to b1___@ntu.edu.tw
Set parameter TimeLimit to value 600
Gurobi Optimizer version 12.0.3 build v12.0.3rc0 (linux64 - "Ubuntu 22.04.5 LTS")

CPU model: Intel(R) Core(TM) Ultra 7 155H, instruction set [SSE2|AVX|AVX2]
Thread count: 11 physical cores, 22 logical processors, using up to 22 threads

Non-default parameters:
TimeLimit  600

Academic license 2641199 - for non-commercial use only - registered to b1___@ntu.edu.tw
Optimize a model with 253 rows, 144 columns and 1078 nonzeros
Model fingerprint: 0x38560b62
Variable types: 23 continuous, 121 integer (121 binary)
Coefficient statistics:
  Matrix range     [1e+00, 1e+01]
  Objective range  [1e+00, 1e+00]
  Bounds range     [1e+00, 1e+01]
  RHS range        [1e+00, 2e+01]
Presolve removed 15 rows and 4 columns
Presolve time: 0.00s
Presolved: 238 rows, 140 columns, 1063 nonzeros
Variable types: 23 continuous, 117 integer (117 binary)

Root relaxation: objective 2.000000e+00, 73 iterations, 0.00 seconds (0.00 work units)

    Nodes    |    Current Node    |     Objective Bounds      |     Work
 Expl Unexpl |  Obj  Depth IntInf | Incumbent    BestBd   Gap | It/Node Time

     0     0    2.00000    0   34          -    2.00000      -     -    0s
     0     0    2.25000    0   65          -    2.25000      -     -    0s
     0     0    3.00000    0   57          -    3.00000      -     -    0s
     0     0    4.00000    0   47          -    4.00000      -     -    0s
     0     0    4.00000    0   49          -    4.00000      -     -    0s
     0     0    4.00000    0   40          -    4.00000      -     -    0s
     0     0    4.00000    0   33          -    4.00000      -     -    0s
     0     0    4.00000    0   14          -    4.00000      -     -    0s
     0     0    4.00000    0   23          -    4.00000      -     -    0s
     0     0    4.00000    0   16          -    4.00000      -     -    0s
     0     0    4.00000    0   23          -    4.00000      -     -    0s
     0     0    4.00000    0   18          -    4.00000      -     -    0s
     0     0    4.00000    0   15          -    4.00000      -     -    0s
     0     2    4.00000    0   15          -    4.00000      -     -    0s
H 2037  1979                      10.0000000    6.00000  40.0%   4.9    0s
 50226 10544    8.00000   38   11   10.00000    7.00000  30.0%   6.5    5s
 184925 12848    8.00000   59   10   10.00000    8.00000  20.0%   5.8   10s
 327754 13968 infeasible   47        10.00000    8.00000  20.0%   5.6   15s
 471838  6858    9.00000   49    8   10.00000    9.00000  10.0%   5.8   20s
 612894  2049     cutoff   40        10.00000    9.00000  10.0%   6.1   25s

Cutting planes:
  Learned: 12
  Gomory: 5
  Cover: 4
  Implied bound: 6
  Flow cover: 19
  Inf proof: 52
  Zero half: 1

Explored 701022 nodes (4337318 simplex iterations) in 28.38 seconds (7.69 work units)
Thread count was 22 (of 22 available processors)

Solution count 1: 10 

Optimal solution found (tolerance 1.00e-04)
Best objective 1.000000000000e+01, best bound 1.000000000000e+01, gap 0.0000%

Gurobi 12.0.3 (linux64, C++) logging started Wed Nov 12 10:18:26 2025

Set parameter WLSAccessID
Set parameter WLSSecret
Set parameter LicenseID to value 2641199
Set parameter LogFile to value "gurobi.log"
Academic license 2641199 - for non-commercial use only - registered to b1___@ntu.edu.tw
Set parameter TimeLimit to value 600
Gurobi Optimizer version 12.0.3 build v12.0.3rc0 (linux64 - "Ubuntu 22.04.5 LTS")

CPU model: Intel(R) Core(TM) Ultra 7 155H, instruction set [SSE2|AVX|AVX2]
Thread count: 11 physical cores, 22 logical processors, using up to 22 threads

Non-default parameters:
TimeLimit  600

Academic license 2641199 - for non-commercial use only - registered to b1___@ntu.edu.tw
Optimize a model with 55 rows, 36 columns and 220 nonzeros
Model fingerprint: 0x8a575438
Variable types: 11 continuous, 25 integer (25 binary)
Coefficient statistics:
  Matrix range     [1e+00, 6e+00]
  Objective range  [1e+00, 1e+00]
  Bounds range     [1e+00, 6e+00]
  RHS range        [2e+00, 1e+01]
Found heuristic solution: objective 6.0000000
Presolve removed 6 rows and 1 columns
Presolve time: 0.00s
Presolved: 49 rows, 35 columns, 214 nonzeros
Variable types: 11 continuous, 24 integer (24 binary)

Root relaxation: objective 2.000000e+00, 14 iterations, 0.00 seconds (0.00 work units)

    Nodes    |    Current Node    |     Objective Bounds      |     Work
 Expl Unexpl |  Obj  Depth IntInf | Incumbent    BestBd   Gap | It/Node Time

     0     0    2.00000    0    7    6.00000    2.00000  66.7%     -    0s
     0     0    2.18182    0   18    6.00000    2.18182  63.6%     -    0s
     0     0    4.00000    0   18    6.00000    4.00000  33.3%     -    0s
     0     0    4.00000    0   17    6.00000    4.00000  33.3%     -    0s
     0     0    4.00000    0   17    6.00000    4.00000  33.3%     -    0s
     0     0    4.00000    0   16    6.00000    4.00000  33.3%     -    0s
     0     0    4.00000    0   18    6.00000    4.00000  33.3%     -    0s
     0     0    4.00000    0   18    6.00000    4.00000  33.3%     -    0s
     0     0    4.00000    0   10    6.00000    4.00000  33.3%     -    0s
     0     0    4.00000    0   10    6.00000    4.00000  33.3%     -    0s
     0     0    4.00000    0   12    6.00000    4.00000  33.3%     -    0s
     0     0    4.00000    0   12    6.00000    4.00000  33.3%     -    0s
     0     0    4.00000    0   12    6.00000    4.00000  33.3%     -    0s
     0     0    4.00000    0   12    6.00000    4.00000  33.3%     -    0s
     0     2    4.00000    0    8    6.00000    4.00000  33.3%     -    0s

Cutting planes:
  Learned: 9
  Gomory: 4
  Cover: 2
  MIR: 46
  Inf proof: 3
  RLT: 2

Explored 667 nodes (2942 simplex iterations) in 0.07 seconds (0.01 work units)
Thread count was 22 (of 22 available processors)

Solution count 1: 6 

Optimal solution found (tolerance 1.00e-04)
Best objective 6.000000000000e+00, best bound 6.000000000000e+00, gap 0.0000%

Gurobi 12.0.3 (linux64, C++) logging started Wed Nov 12 10:20:41 2025

Set parameter WLSAccessID
Set parameter WLSSecret
Set parameter LicenseID to value 2641199
Set parameter LogFile to value "gurobi.log"
Academic license 2641199 - for non-commercial use only - registered to b1___@ntu.edu.tw
Set parameter TimeLimit to value 600
Gurobi Optimizer version 12.0.3 build v12.0.3rc0 (linux64 - "Ubuntu 22.04.5 LTS")

CPU model: Intel(R) Core(TM) Ultra 7 155H, instruction set [SSE2|AVX|AVX2]
Thread count: 11 physical cores, 22 logical processors, using up to 22 threads

Non-default parameters:
TimeLimit  600

Academic license 2641199 - for non-commercial use only - registered to b1___@ntu.edu.tw
Optimize a model with 55 rows, 36 columns and 220 nonzeros
Model fingerprint: 0x8a575438
Variable types: 11 continuous, 25 integer (25 binary)
Coefficient statistics:
  Matrix range     [1e+00, 6e+00]
  Objective range  [1e+00, 1e+00]
  Bounds range     [1e+00, 6e+00]
  RHS range        [2e+00, 1e+01]
Found heuristic solution: objective 6.0000000
Presolve removed 6 rows and 1 columns
Presolve time: 0.00s
Presolved: 49 rows, 35 columns, 214 nonzeros
Variable types: 11 continuous, 24 integer (24 binary)

Root relaxation: objective 2.000000e+00, 14 iterations, 0.00 seconds (0.00 work units)

    Nodes    |    Current Node    |     Objective Bounds      |     Work
 Expl Unexpl |  Obj  Depth IntInf | Incumbent    BestBd   Gap | It/Node Time

     0     0    2.00000    0    7    6.00000    2.00000  66.7%     -    0s
     0     0    2.18182    0   18    6.00000    2.18182  63.6%     -    0s
     0     0    4.00000    0   18    6.00000    4.00000  33.3%     -    0s
     0     0    4.00000    0   17    6.00000    4.00000  33.3%     -    0s
     0     0    4.00000    0   17    6.00000    4.00000  33.3%     -    0s
     0     0    4.00000    0   16    6.00000    4.00000  33.3%     -    0s
     0     0    4.00000    0   18    6.00000    4.00000  33.3%     -    0s
     0     0    4.00000    0   18    6.00000    4.00000  33.3%     -    0s
     0     0    4.00000    0   10    6.00000    4.00000  33.3%     -    0s
     0     0    4.00000    0   10    6.00000    4.00000  33.3%     -    0s
     0     0    4.00000    0   12    6.00000    4.00000  33.3%     -    0s
     0     0    4.00000    0   12    6.00000    4.00000  33.3%     -    0s
     0     0    4.00000    0   12    6.00000    4.00000  33.3%     -    0s
     0     0    4.00000    0   12    6.00000    4.00000  33.3%     -    0s
     0     2    4.00000    0    8    6.00000    4.00000  33.3%     -    0s

Cutting planes:
  Learned: 9
  Gomory: 4
  Cover: 2
  MIR: 46
  Inf proof: 3
  RLT: 2

Explored 667 nodes (2942 simplex iterations) in 0.39 seconds (0.01 work units)
Thread count was 22 (of 22 available processors)

Solution count 1: 6 

Optimal solution found (tolerance 1.00e-04)
Best objective 6.000000000000e+00, best bound 6.000000000000e+00, gap 0.0000%

Gurobi 12.0.3 (linux64, C++) logging started Wed Nov 12 10:21:07 2025

Set parameter WLSAccessID
Set parameter WLSSecret
Set parameter LicenseID to value 2641199
Set parameter LogFile to value "gurobi.log"
Academic license 2641199 - for non-commercial use only - registered to b1___@ntu.edu.tw
Set parameter TimeLimit to value 600
Gurobi Optimizer version 12.0.3 build v12.0.3rc0 (linux64 - "Ubuntu 22.04.5 LTS")

CPU model: Intel(R) Core(TM) Ultra 7 155H, instruction set [SSE2|AVX|AVX2]
Thread count: 11 physical cores, 22 logical processors, using up to 22 threads

Non-default parameters:
TimeLimit  600

Academic license 2641199 - for non-commercial use only - registered to b1___@ntu.edu.tw
Optimize a model with 55 rows, 36 columns and 220 nonzeros
Model fingerprint: 0x8a575438
Variable types: 11 continuous, 25 integer (25 binary)
Coefficient statistics:
  Matrix range     [1e+00, 6e+00]
  Objective range  [1e+00, 1e+00]
  Bounds range     [1e+00, 6e+00]
  RHS range        [2e+00, 1e+01]
Found heuristic solution: objective 6.0000000
Presolve removed 6 rows and 1 columns
Presolve time: 0.00s
Presolved: 49 rows, 35 columns, 214 nonzeros
Variable types: 11 continuous, 24 integer (24 binary)

Root relaxation: objective 2.000000e+00, 14 iterations, 0.00 seconds (0.00 work units)

    Nodes    |    Current Node    |     Objective Bounds      |     Work
 Expl Unexpl |  Obj  Depth IntInf | Incumbent    BestBd   Gap | It/Node Time

     0     0    2.00000    0    7    6.00000    2.00000  66.7%     -    0s
     0     0    2.18182    0   18    6.00000    2.18182  63.6%     -    0s
     0     0    4.00000    0   18    6.00000    4.00000  33.3%     -    0s
     0     0    4.00000    0   17    6.00000    4.00000  33.3%     -    0s
     0     0    4.00000    0   17    6.00000    4.00000  33.3%     -    0s
     0     0    4.00000    0   16    6.00000    4.00000  33.3%     -    0s
     0     0    4.00000    0   18    6.00000    4.00000  33.3%     -    0s
     0     0    4.00000    0   18    6.00000    4.00000  33.3%     -    0s
     0     0    4.00000    0   10    6.00000    4.00000  33.3%     -    0s
     0     0    4.00000    0   10    6.00000    4.00000  33.3%     -    0s
     0     0    4.00000    0   12    6.00000    4.00000  33.3%     -    0s
     0     0    4.00000    0   12    6.00000    4.00000  33.3%     -    0s
     0     0    4.00000    0   12    6.00000    4.00000  33.3%     -    0s
     0     0    4.00000    0   12    6.00000    4.00000  33.3%     -    0s
     0     2    4.00000    0    8    6.00000    4.00000  33.3%     -    0s

Cutting planes:
  Learned: 9
  Gomory: 4
  Cover: 2
  MIR: 46
  Inf proof: 3
  RLT: 2

Explored 667 nodes (2942 simplex iterations) in 0.13 seconds (0.01 work units)
Thread count was 22 (of 22 available processors)

Solution count 1: 6 

Optimal solution found (tolerance 1.00e-04)
Best objective 6.000000000000e+00, best bound 6.000000000000e+00, gap 0.0000%

Gurobi 12.0.3 (linux64, C++) logging started Wed Nov 12 10:23:13 2025

Set parameter WLSAccessID
Set parameter WLSSecret
Set parameter LicenseID to value 2641199
Set parameter LogFile to value "gurobi.log"
Academic license 2641199 - for non-commercial use only - registered to b1___@ntu.edu.tw
Set parameter TimeLimit to value 600
Gurobi Optimizer version 12.0.3 build v12.0.3rc0 (linux64 - "Ubuntu 22.04.5 LTS")

CPU model: Intel(R) Core(TM) Ultra 7 155H, instruction set [SSE2|AVX|AVX2]
Thread count: 11 physical cores, 22 logical processors, using up to 22 threads

Non-default parameters:
TimeLimit  600

Academic license 2641199 - for non-commercial use only - registered to b1___@ntu.edu.tw
Optimize a model with 55 rows, 36 columns and 220 nonzeros
Model fingerprint: 0x8a575438
Variable types: 11 continuous, 25 integer (25 binary)
Coefficient statistics:
  Matrix range     [1e+00, 6e+00]
  Objective range  [1e+00, 1e+00]
  Bounds range     [1e+00, 6e+00]
  RHS range        [2e+00, 1e+01]
Found heuristic solution: objective 6.0000000
Presolve removed 6 rows and 1 columns
Presolve time: 0.00s
Presolved: 49 rows, 35 columns, 214 nonzeros
Variable types: 11 continuous, 24 integer (24 binary)

Root relaxation: objective 2.000000e+00, 14 iterations, 0.00 seconds (0.00 work units)

    Nodes    |    Current Node    |     Objective Bounds      |     Work
 Expl Unexpl |  Obj  Depth IntInf | Incumbent    BestBd   Gap | It/Node Time

     0     0    2.00000    0    7    6.00000    2.00000  66.7%     -    0s
     0     0    2.18182    0   18    6.00000    2.18182  63.6%     -    0s
     0     0    4.00000    0   18    6.00000    4.00000  33.3%     -    0s
     0     0    4.00000    0   17    6.00000    4.00000  33.3%     -    0s
     0     0    4.00000    0   17    6.00000    4.00000  33.3%     -    0s
     0     0    4.00000    0   16    6.00000    4.00000  33.3%     -    0s
     0     0    4.00000    0   18    6.00000    4.00000  33.3%     -    0s
     0     0    4.00000    0   18    6.00000    4.00000  33.3%     -    0s
     0     0    4.00000    0   10    6.00000    4.00000  33.3%     -    0s
     0     0    4.00000    0   10    6.00000    4.00000  33.3%     -    0s
     0     0    4.00000    0   12    6.00000    4.00000  33.3%     -    0s
     0     0    4.00000    0   12    6.00000    4.00000  33.3%     -    0s
     0     0    4.00000    0   12    6.00000    4.00000  33.3%     -    0s
     0     0    4.00000    0   12    6.00000    4.00000  33.3%     -    0s
     0     2    4.00000    0    8    6.00000    4.00000  33.3%     -    0s

Cutting planes:
  Learned: 9
  Gomory: 4
  Cover: 2
  MIR: 46
  Inf proof: 3
  RLT: 2

Explored 667 nodes (2942 simplex iterations) in 0.05 seconds (0.01 work units)
Thread count was 22 (of 22 available processors)

Solution count 1: 6 

Optimal solution found (tolerance 1.00e-04)
Best objective 6.000000000000e+00, best bound 6.000000000000e+00, gap 0.0000%

Gurobi 12.0.3 (linux64, C++) logging started Wed Nov 12 10:47:45 2025

Set parameter WLSAccessID
Set parameter WLSSecret
Set parameter LicenseID to value 2641199
Set parameter LogFile to value "gurobi.log"
Academic license 2641199 - for non-commercial use only - registered to b1___@ntu.edu.tw
Set parameter TimeLimit to value 600
Gurobi Optimizer version 12.0.3 build v12.0.3rc0 (linux64 - "Ubuntu 22.04.5 LTS")

CPU model: Intel(R) Core(TM) Ultra 7 155H, instruction set [SSE2|AVX|AVX2]
Thread count: 11 physical cores, 22 logical processors, using up to 22 threads

Non-default parameters:
TimeLimit  600

Academic license 2641199 - for non-commercial use only - registered to b1___@ntu.edu.tw
Optimize a model with 55 rows, 36 columns and 220 nonzeros
Model fingerprint: 0x8a575438
Variable types: 11 continuous, 25 integer (25 binary)
Coefficient statistics:
  Matrix range     [1e+00, 6e+00]
  Objective range  [1e+00, 1e+00]
  Bounds range     [1e+00, 6e+00]
  RHS range        [2e+00, 1e+01]
Found heuristic solution: objective 6.0000000
Presolve removed 6 rows and 1 columns
Presolve time: 0.01s
Presolved: 49 rows, 35 columns, 214 nonzeros
Variable types: 11 continuous, 24 integer (24 binary)

Root relaxation: objective 2.000000e+00, 14 iterations, 0.00 seconds (0.00 work units)

    Nodes    |    Current Node    |     Objective Bounds      |     Work
 Expl Unexpl |  Obj  Depth IntInf | Incumbent    BestBd   Gap | It/Node Time

     0     0    2.00000    0    7    6.00000    2.00000  66.7%     -    0s
     0     0    2.18182    0   18    6.00000    2.18182  63.6%     -    0s
     0     0    4.00000    0   18    6.00000    4.00000  33.3%     -    0s
     0     0    4.00000    0   17    6.00000    4.00000  33.3%     -    0s
     0     0    4.00000    0   17    6.00000    4.00000  33.3%     -    0s
     0     0    4.00000    0   16    6.00000    4.00000  33.3%     -    0s
     0     0    4.00000    0   18    6.00000    4.00000  33.3%     -    0s
     0     0    4.00000    0   18    6.00000    4.00000  33.3%     -    0s
     0     0    4.00000    0   10    6.00000    4.00000  33.3%     -    0s
     0     0    4.00000    0   10    6.00000    4.00000  33.3%     -    0s
     0     0    4.00000    0   12    6.00000    4.00000  33.3%     -    0s
     0     0    4.00000    0   12    6.00000    4.00000  33.3%     -    0s
     0     0    4.00000    0   12    6.00000    4.00000  33.3%     -    0s
     0     0    4.00000    0   12    6.00000    4.00000  33.3%     -    0s
     0     2    4.00000    0    8    6.00000    4.00000  33.3%     -    0s

Cutting planes:
  Learned: 9
  Gomory: 4
  Cover: 2
  MIR: 46
  Inf proof: 3
  RLT: 2

Explored 667 nodes (2942 simplex iterations) in 0.09 seconds (0.01 work units)
Thread count was 22 (of 22 available processors)

Solution count 1: 6 

Optimal solution found (tolerance 1.00e-04)
Best objective 6.000000000000e+00, best bound 6.000000000000e+00, gap 0.0000%

Gurobi 12.0.3 (linux64, C++) logging started Wed Nov 12 10:56:11 2025

Set parameter WLSAccessID
Set parameter WLSSecret
Set parameter LicenseID to value 2641199
Set parameter LogFile to value "gurobi.log"
Academic license 2641199 - for non-commercial use only - registered to b1___@ntu.edu.tw
Set parameter TimeLimit to value 600
Gurobi Optimizer version 12.0.3 build v12.0.3rc0 (linux64 - "Ubuntu 22.04.5 LTS")

CPU model: Intel(R) Core(TM) Ultra 7 155H, instruction set [SSE2|AVX|AVX2]
Thread count: 11 physical cores, 22 logical processors, using up to 22 threads

Non-default parameters:
TimeLimit  600

Academic license 2641199 - for non-commercial use only - registered to b1___@ntu.edu.tw
Optimize a model with 55 rows, 36 columns and 220 nonzeros
Model fingerprint: 0x8a575438
Variable types: 11 continuous, 25 integer (25 binary)
Coefficient statistics:
  Matrix range     [1e+00, 6e+00]
  Objective range  [1e+00, 1e+00]
  Bounds range     [1e+00, 6e+00]
  RHS range        [2e+00, 1e+01]
Found heuristic solution: objective 6.0000000
Presolve removed 6 rows and 1 columns
Presolve time: 0.00s
Presolved: 49 rows, 35 columns, 214 nonzeros
Variable types: 11 continuous, 24 integer (24 binary)

Root relaxation: objective 2.000000e+00, 14 iterations, 0.00 seconds (0.00 work units)

    Nodes    |    Current Node    |     Objective Bounds      |     Work
 Expl Unexpl |  Obj  Depth IntInf | Incumbent    BestBd   Gap | It/Node Time

     0     0    2.00000    0    7    6.00000    2.00000  66.7%     -    0s
     0     0    2.18182    0   18    6.00000    2.18182  63.6%     -    0s
     0     0    4.00000    0   18    6.00000    4.00000  33.3%     -    0s
     0     0    4.00000    0   17    6.00000    4.00000  33.3%     -    0s
     0     0    4.00000    0   17    6.00000    4.00000  33.3%     -    0s
     0     0    4.00000    0   16    6.00000    4.00000  33.3%     -    0s
     0     0    4.00000    0   18    6.00000    4.00000  33.3%     -    0s
     0     0    4.00000    0   18    6.00000    4.00000  33.3%     -    0s
     0     0    4.00000    0   10    6.00000    4.00000  33.3%     -    0s
     0     0    4.00000    0   10    6.00000    4.00000  33.3%     -    0s
     0     0    4.00000    0   12    6.00000    4.00000  33.3%     -    0s
     0     0    4.00000    0   12    6.00000    4.00000  33.3%     -    0s
     0     0    4.00000    0   12    6.00000    4.00000  33.3%     -    0s
     0     0    4.00000    0   12    6.00000    4.00000  33.3%     -    0s
     0     2    4.00000    0    8    6.00000    4.00000  33.3%     -    0s

Cutting planes:
  Learned: 9
  Gomory: 4
  Cover: 2
  MIR: 46
  Inf proof: 3
  RLT: 2

Explored 667 nodes (2942 simplex iterations) in 0.08 seconds (0.01 work units)
Thread count was 22 (of 22 available processors)

Solution count 1: 6 

Optimal solution found (tolerance 1.00e-04)
Best objective 6.000000000000e+00, best bound 6.000000000000e+00, gap 0.0000%

Gurobi 12.0.3 (linux64, C++) logging started Wed Nov 12 11:11:15 2025

Set parameter WLSAccessID
Set parameter WLSSecret
Set parameter LicenseID to value 2641199
Set parameter LogFile to value "gurobi.log"
Academic license 2641199 - for non-commercial use only - registered to b1___@ntu.edu.tw
Set parameter TimeLimit to value 600
Gurobi Optimizer version 12.0.3 build v12.0.3rc0 (linux64 - "Ubuntu 22.04.5 LTS")

CPU model: Intel(R) Core(TM) Ultra 7 155H, instruction set [SSE2|AVX|AVX2]
Thread count: 11 physical cores, 22 logical processors, using up to 22 threads

Non-default parameters:
TimeLimit  600

Academic license 2641199 - for non-commercial use only - registered to b1___@ntu.edu.tw
Optimize a model with 55 rows, 36 columns and 220 nonzeros
Model fingerprint: 0x8a575438
Variable types: 11 continuous, 25 integer (25 binary)
Coefficient statistics:
  Matrix range     [1e+00, 6e+00]
  Objective range  [1e+00, 1e+00]
  Bounds range     [1e+00, 6e+00]
  RHS range        [2e+00, 1e+01]
Found heuristic solution: objective 6.0000000
Presolve removed 6 rows and 1 columns
Presolve time: 0.00s
Presolved: 49 rows, 35 columns, 214 nonzeros
Variable types: 11 continuous, 24 integer (24 binary)

Root relaxation: objective 2.000000e+00, 14 iterations, 0.00 seconds (0.00 work units)

    Nodes    |    Current Node    |     Objective Bounds      |     Work
 Expl Unexpl |  Obj  Depth IntInf | Incumbent    BestBd   Gap | It/Node Time

     0     0    2.00000    0    7    6.00000    2.00000  66.7%     -    0s
     0     0    2.18182    0   18    6.00000    2.18182  63.6%     -    0s
     0     0    4.00000    0   18    6.00000    4.00000  33.3%     -    0s
     0     0    4.00000    0   17    6.00000    4.00000  33.3%     -    0s
     0     0    4.00000    0   17    6.00000    4.00000  33.3%     -    0s
     0     0    4.00000    0   16    6.00000    4.00000  33.3%     -    0s
     0     0    4.00000    0   18    6.00000    4.00000  33.3%     -    0s
     0     0    4.00000    0   18    6.00000    4.00000  33.3%     -    0s
     0     0    4.00000    0   10    6.00000    4.00000  33.3%     -    0s
     0     0    4.00000    0   10    6.00000    4.00000  33.3%     -    0s
     0     0    4.00000    0   12    6.00000    4.00000  33.3%     -    0s
     0     0    4.00000    0   12    6.00000    4.00000  33.3%     -    0s
     0     0    4.00000    0   12    6.00000    4.00000  33.3%     -    0s
     0     0    4.00000    0   12    6.00000    4.00000  33.3%     -    0s
     0     2    4.00000    0    8    6.00000    4.00000  33.3%     -    0s

Cutting planes:
  Learned: 9
  Gomory: 4
  Cover: 2
  MIR: 46
  Inf proof: 3
  RLT: 2

Explored 667 nodes (2942 simplex iterations) in 0.06 seconds (0.01 work units)
Thread count was 22 (of 22 available processors)

Solution count 1: 6 

Optimal solution found (tolerance 1.00e-04)
Best objective 6.000000000000e+00, best bound 6.000000000000e+00, gap 0.0000%

Gurobi 12.0.3 (linux64, C++) logging started Wed Nov 12 11:34:51 2025

Set parameter WLSAccessID
Set parameter WLSSecret
Set parameter LicenseID to value 2641199
Set parameter LogFile to value "gurobi.log"
Academic license 2641199 - for non-commercial use only - registered to b1___@ntu.edu.tw
Set parameter TimeLimit to value 600
Gurobi Optimizer version 12.0.3 build v12.0.3rc0 (linux64 - "Ubuntu 22.04.5 LTS")

CPU model: Intel(R) Core(TM) Ultra 7 155H, instruction set [SSE2|AVX|AVX2]
Thread count: 11 physical cores, 22 logical processors, using up to 22 threads

Non-default parameters:
TimeLimit  600

Academic license 2641199 - for non-commercial use only - registered to b1___@ntu.edu.tw
Optimize a model with 55 rows, 36 columns and 220 nonzeros
Model fingerprint: 0x8a575438
Variable types: 11 continuous, 25 integer (25 binary)
Coefficient statistics:
  Matrix range     [1e+00, 6e+00]
  Objective range  [1e+00, 1e+00]
  Bounds range     [1e+00, 6e+00]
  RHS range        [2e+00, 1e+01]
Found heuristic solution: objective 6.0000000
Presolve removed 6 rows and 1 columns
Presolve time: 0.00s
Presolved: 49 rows, 35 columns, 214 nonzeros
Variable types: 11 continuous, 24 integer (24 binary)

Root relaxation: objective 2.000000e+00, 14 iterations, 0.00 seconds (0.00 work units)

    Nodes    |    Current Node    |     Objective Bounds      |     Work
 Expl Unexpl |  Obj  Depth IntInf | Incumbent    BestBd   Gap | It/Node Time

     0     0    2.00000    0    7    6.00000    2.00000  66.7%     -    0s
     0     0    2.18182    0   18    6.00000    2.18182  63.6%     -    0s
     0     0    4.00000    0   18    6.00000    4.00000  33.3%     -    0s
     0     0    4.00000    0   17    6.00000    4.00000  33.3%     -    0s
     0     0    4.00000    0   17    6.00000    4.00000  33.3%     -    0s
     0     0    4.00000    0   16    6.00000    4.00000  33.3%     -    0s
     0     0    4.00000    0   18    6.00000    4.00000  33.3%     -    0s
     0     0    4.00000    0   18    6.00000    4.00000  33.3%     -    0s
     0     0    4.00000    0   10    6.00000    4.00000  33.3%     -    0s
     0     0    4.00000    0   10    6.00000    4.00000  33.3%     -    0s
     0     0    4.00000    0   12    6.00000    4.00000  33.3%     -    0s
     0     0    4.00000    0   12    6.00000    4.00000  33.3%     -    0s
     0     0    4.00000    0   12    6.00000    4.00000  33.3%     -    0s
     0     0    4.00000    0   12    6.00000    4.00000  33.3%     -    0s
     0     2    4.00000    0    8    6.00000    4.00000  33.3%     -    0s

Cutting planes:
  Learned: 9
  Gomory: 4
  Cover: 2
  MIR: 46
  Inf proof: 3
  RLT: 2

Explored 667 nodes (2942 simplex iterations) in 0.04 seconds (0.01 work units)
Thread count was 22 (of 22 available processors)

Solution count 1: 6 

Optimal solution found (tolerance 1.00e-04)
Best objective 6.000000000000e+00, best bound 6.000000000000e+00, gap 0.0000%

Gurobi 12.0.3 (linux64, C++) logging started Wed Nov 12 11:41:01 2025

Set parameter WLSAccessID
Set parameter WLSSecret
Set parameter LicenseID to value 2641199
Set parameter LogFile to value "gurobi.log"
Academic license 2641199 - for non-commercial use only - registered to b1___@ntu.edu.tw
Set parameter TimeLimit to value 600
Gurobi Optimizer version 12.0.3 build v12.0.3rc0 (linux64 - "Ubuntu 22.04.5 LTS")

CPU model: Intel(R) Core(TM) Ultra 7 155H, instruction set [SSE2|AVX|AVX2]
Thread count: 11 physical cores, 22 logical processors, using up to 22 threads

Non-default parameters:
TimeLimit  600

Academic license 2641199 - for non-commercial use only - registered to b1___@ntu.edu.tw
Optimize a model with 55 rows, 36 columns and 220 nonzeros
Model fingerprint: 0x8a575438
Variable types: 11 continuous, 25 integer (25 binary)
Coefficient statistics:
  Matrix range     [1e+00, 6e+00]
  Objective range  [1e+00, 1e+00]
  Bounds range     [1e+00, 6e+00]
  RHS range        [2e+00, 1e+01]
Found heuristic solution: objective 6.0000000
Presolve removed 6 rows and 1 columns
Presolve time: 0.00s
Presolved: 49 rows, 35 columns, 214 nonzeros
Variable types: 11 continuous, 24 integer (24 binary)

Root relaxation: objective 2.000000e+00, 14 iterations, 0.00 seconds (0.00 work units)

    Nodes    |    Current Node    |     Objective Bounds      |     Work
 Expl Unexpl |  Obj  Depth IntInf | Incumbent    BestBd   Gap | It/Node Time

     0     0    2.00000    0    7    6.00000    2.00000  66.7%     -    0s
     0     0    2.18182    0   18    6.00000    2.18182  63.6%     -    0s
     0     0    4.00000    0   18    6.00000    4.00000  33.3%     -    0s
     0     0    4.00000    0   17    6.00000    4.00000  33.3%     -    0s
     0     0    4.00000    0   17    6.00000    4.00000  33.3%     -    0s
     0     0    4.00000    0   16    6.00000    4.00000  33.3%     -    0s
     0     0    4.00000    0   18    6.00000    4.00000  33.3%     -    0s
     0     0    4.00000    0   18    6.00000    4.00000  33.3%     -    0s
     0     0    4.00000    0   10    6.00000    4.00000  33.3%     -    0s
     0     0    4.00000    0   10    6.00000    4.00000  33.3%     -    0s
     0     0    4.00000    0   12    6.00000    4.00000  33.3%     -    0s
     0     0    4.00000    0   12    6.00000    4.00000  33.3%     -    0s
     0     0    4.00000    0   12    6.00000    4.00000  33.3%     -    0s
     0     0    4.00000    0   12    6.00000    4.00000  33.3%     -    0s
     0     2    4.00000    0    8    6.00000    4.00000  33.3%     -    0s

Cutting planes:
  Learned: 9
  Gomory: 4
  Cover: 2
  MIR: 46
  Inf proof: 3
  RLT: 2

Explored 667 nodes (2942 simplex iterations) in 0.08 seconds (0.01 work units)
Thread count was 22 (of 22 available processors)

Solution count 1: 6 

Optimal solution found (tolerance 1.00e-04)
Best objective 6.000000000000e+00, best bound 6.000000000000e+00, gap 0.0000%

Gurobi 12.0.3 (linux64, C++) logging started Wed Nov 12 11:43:53 2025

Set parameter WLSAccessID
Set parameter WLSSecret
Set parameter LicenseID to value 2641199
Set parameter LogFile to value "gurobi.log"
Academic license 2641199 - for non-commercial use only - registered to b1___@ntu.edu.tw
Set parameter TimeLimit to value 600
Gurobi Optimizer version 12.0.3 build v12.0.3rc0 (linux64 - "Ubuntu 22.04.5 LTS")

CPU model: Intel(R) Core(TM) Ultra 7 155H, instruction set [SSE2|AVX|AVX2]
Thread count: 11 physical cores, 22 logical processors, using up to 22 threads

Non-default parameters:
TimeLimit  600

Academic license 2641199 - for non-commercial use only - registered to b1___@ntu.edu.tw
Optimize a model with 55 rows, 36 columns and 220 nonzeros
Model fingerprint: 0x8a575438
Variable types: 11 continuous, 25 integer (25 binary)
Coefficient statistics:
  Matrix range     [1e+00, 6e+00]
  Objective range  [1e+00, 1e+00]
  Bounds range     [1e+00, 6e+00]
  RHS range        [2e+00, 1e+01]
Found heuristic solution: objective 6.0000000
Presolve removed 6 rows and 1 columns
Presolve time: 0.01s
Presolved: 49 rows, 35 columns, 214 nonzeros
Variable types: 11 continuous, 24 integer (24 binary)

Root relaxation: objective 2.000000e+00, 14 iterations, 0.00 seconds (0.00 work units)

    Nodes    |    Current Node    |     Objective Bounds      |     Work
 Expl Unexpl |  Obj  Depth IntInf | Incumbent    BestBd   Gap | It/Node Time

     0     0    2.00000    0    7    6.00000    2.00000  66.7%     -    0s
     0     0    2.18182    0   18    6.00000    2.18182  63.6%     -    0s
     0     0    4.00000    0   18    6.00000    4.00000  33.3%     -    0s
     0     0    4.00000    0   17    6.00000    4.00000  33.3%     -    0s
     0     0    4.00000    0   17    6.00000    4.00000  33.3%     -    0s
     0     0    4.00000    0   16    6.00000    4.00000  33.3%     -    0s
     0     0    4.00000    0   18    6.00000    4.00000  33.3%     -    0s
     0     0    4.00000    0   18    6.00000    4.00000  33.3%     -    0s
     0     0    4.00000    0   10    6.00000    4.00000  33.3%     -    0s
     0     0    4.00000    0   10    6.00000    4.00000  33.3%     -    0s
     0     0    4.00000    0   12    6.00000    4.00000  33.3%     -    0s
     0     0    4.00000    0   12    6.00000    4.00000  33.3%     -    0s
     0     0    4.00000    0   12    6.00000    4.00000  33.3%     -    0s
     0     0    4.00000    0   12    6.00000    4.00000  33.3%     -    0s
     0     2    4.00000    0    8    6.00000    4.00000  33.3%     -    0s

Cutting planes:
  Learned: 9
  Gomory: 4
  Cover: 2
  MIR: 46
  Inf proof: 3
  RLT: 2

Explored 667 nodes (2942 simplex iterations) in 0.07 seconds (0.01 work units)
Thread count was 22 (of 22 available processors)

Solution count 1: 6 

Optimal solution found (tolerance 1.00e-04)
Best objective 6.000000000000e+00, best bound 6.000000000000e+00, gap 0.0000%

Gurobi 12.0.3 (linux64, C++) logging started Wed Nov 12 11:46:09 2025

Set parameter WLSAccessID
Set parameter WLSSecret
Set parameter LicenseID to value 2641199
Set parameter LogFile to value "gurobi.log"
Academic license 2641199 - for non-commercial use only - registered to b1___@ntu.edu.tw
Set parameter TimeLimit to value 600
Gurobi Optimizer version 12.0.3 build v12.0.3rc0 (linux64 - "Ubuntu 22.04.5 LTS")

CPU model: Intel(R) Core(TM) Ultra 7 155H, instruction set [SSE2|AVX|AVX2]
Thread count: 11 physical cores, 22 logical processors, using up to 22 threads

Non-default parameters:
TimeLimit  600

Academic license 2641199 - for non-commercial use only - registered to b1___@ntu.edu.tw
Optimize a model with 55 rows, 36 columns and 220 nonzeros
Model fingerprint: 0x8a575438
Variable types: 11 continuous, 25 integer (25 binary)
Coefficient statistics:
  Matrix range     [1e+00, 6e+00]
  Objective range  [1e+00, 1e+00]
  Bounds range     [1e+00, 6e+00]
  RHS range        [2e+00, 1e+01]
Found heuristic solution: objective 6.0000000
Presolve removed 6 rows and 1 columns
Presolve time: 0.00s
Presolved: 49 rows, 35 columns, 214 nonzeros
Variable types: 11 continuous, 24 integer (24 binary)

Root relaxation: objective 2.000000e+00, 14 iterations, 0.00 seconds (0.00 work units)

    Nodes    |    Current Node    |     Objective Bounds      |     Work
 Expl Unexpl |  Obj  Depth IntInf | Incumbent    BestBd   Gap | It/Node Time

     0     0    2.00000    0    7    6.00000    2.00000  66.7%     -    0s
     0     0    2.18182    0   18    6.00000    2.18182  63.6%     -    0s
     0     0    4.00000    0   18    6.00000    4.00000  33.3%     -    0s
     0     0    4.00000    0   17    6.00000    4.00000  33.3%     -    0s
     0     0    4.00000    0   17    6.00000    4.00000  33.3%     -    0s
     0     0    4.00000    0   16    6.00000    4.00000  33.3%     -    0s
     0     0    4.00000    0   18    6.00000    4.00000  33.3%     -    0s
     0     0    4.00000    0   18    6.00000    4.00000  33.3%     -    0s
     0     0    4.00000    0   10    6.00000    4.00000  33.3%     -    0s
     0     0    4.00000    0   10    6.00000    4.00000  33.3%     -    0s
     0     0    4.00000    0   12    6.00000    4.00000  33.3%     -    0s
     0     0    4.00000    0   12    6.00000    4.00000  33.3%     -    0s
     0     0    4.00000    0   12    6.00000    4.00000  33.3%     -    0s
     0     0    4.00000    0   12    6.00000    4.00000  33.3%     -    0s
     0     2    4.00000    0    8    6.00000    4.00000  33.3%     -    0s

Cutting planes:
  Learned: 9
  Gomory: 4
  Cover: 2
  MIR: 46
  Inf proof: 3
  RLT: 2

Explored 667 nodes (2942 simplex iterations) in 0.10 seconds (0.01 work units)
Thread count was 22 (of 22 available processors)

Solution count 1: 6 

Optimal solution found (tolerance 1.00e-04)
Best objective 6.000000000000e+00, best bound 6.000000000000e+00, gap 0.0000%
